
<!DOCTYPE html>
<html>
<head>
    <title>Test Results - Debug Player Framework</title>
    <style>
        body { font-family: Arial, sans-serif; margin: 20px; }
        .summary { background: #f5f5f5; padding: 20px; border-radius: 5px; margin-bottom: 20px; }
        .result { padding: 10px; margin: 5px 0; border-radius: 3px; }
        .success { background: #d4edda; color: #155724; }
        .failure { background: #f8d7da; color: #721c24; }
        .skipped { background: #fff3cd; color: #856404; }
        pre { background: #f8f9fa; padding: 10px; border-radius: 3px; overflow-x: auto; }
    </style>
</head>
<body>
    <h1>Debug Player Framework - Test Results</h1>
    <div class="summary">
        <h2>Summary</h2>
        <p>Generated: 7/17/2025, 5:15:41 PM</p>
        <p>Environment: Replit</p>
        <p>Total: 4 | Passed: 1 | Failed: 3 | Skipped: 0</p>
        <p>Success Rate: 25.0%</p>
    </div>
    
    <h2>Test Results</h2>
    
        <div class="result failure">
            <h3>‚ùå Jest Unit Tests</h3>
            <p><strong>Type:</strong> unit</p>
            <p><strong>Error:</strong> Command failed: npx jest --coverage --passWithNoTests --testPathPatterns="__tests__" --coverageDirectory=test-reports/coverage --maxWorkers=2
‚óè Validation Warning:

  Unknown option "moduleNameMapping" with value {"^@/(.*)$": "<rootDir>/client/src/$1", "^@assets/(.*)$": "<rootDir>/attached_assets/$1", "^@shared/(.*)$": "<rootDir>/shared/$1"} was found.
  This is probably a typing mistake. Fixing it will remove this message.

  Configuration Documentation:
  https://jestjs.io/docs/configuration

‚óè Validation Warning:

  Unknown option "moduleNameMapping" with value {"^@/(.*)$": "<rootDir>/client/src/$1", "^@assets/(.*)$": "<rootDir>/attached_assets/$1", "^@shared/(.*)$": "<rootDir>/shared/$1"} was found.
  This is probably a typing mistake. Fixing it will remove this message.

  Configuration Documentation:
  https://jestjs.io/docs/configuration

FAIL client/src/components/widget-wizard/__tests__/widget-templates.test.ts
  ‚óè Test suite failed to run

    Jest encountered an unexpected token

    Jest failed to parse a file. This happens e.g. when your code or its dependencies use non-standard JavaScript syntax, or when Jest is not configured to support such syntax.

    Out of the box Jest supports Babel, which will be used to transform your files into valid JS based on your Babel configuration.

    By default "node_modules" folder is ignored by transformers.

    Here's what you can do:
     ‚Ä¢ If you are trying to use ECMAScript Modules, see https://jestjs.io/docs/ecmascript-modules for how to enable it.
     ‚Ä¢ If you are trying to use TypeScript, see https://jestjs.io/docs/getting-started#using-typescript
     ‚Ä¢ To have some of your "node_modules" files transformed, you can specify a custom "transformIgnorePatterns" in your config.
     ‚Ä¢ If you need a custom transformation, specify a "transform" option in your config.
     ‚Ä¢ If you simply want to mock your non-JS modules (e.g. binary assets) you can stub them out with the "moduleNameMapper" config option.

    You'll find more details and examples of these config options in the docs:
    https://jestjs.io/docs/configuration
    For information about custom transformations, see:
    https://jestjs.io/docs/code-transformation

    Details:

    /home/runner/workspace/jest.setup.js:1
    import '@testing-library/jest-dom';
    ^^^^^^

    SyntaxError: Cannot use import statement outside a module

      at Runtime.createScriptFromCode (node_modules/jest-runtime/build/index.js:1314:40)

FAIL client/src/components/widget-wizard/__tests__/widget-wizard.test.tsx
  ‚óè Test suite failed to run

    Jest encountered an unexpected token

    Jest failed to parse a file. This happens e.g. when your code or its dependencies use non-standard JavaScript syntax, or when Jest is not configured to support such syntax.

    Out of the box Jest supports Babel, which will be used to transform your files into valid JS based on your Babel configuration.

    By default "node_modules" folder is ignored by transformers.

    Here's what you can do:
     ‚Ä¢ If you are trying to use ECMAScript Modules, see https://jestjs.io/docs/ecmascript-modules for how to enable it.
     ‚Ä¢ If you are trying to use TypeScript, see https://jestjs.io/docs/getting-started#using-typescript
     ‚Ä¢ To have some of your "node_modules" files transformed, you can specify a custom "transformIgnorePatterns" in your config.
     ‚Ä¢ If you need a custom transformation, specify a "transform" option in your config.
     ‚Ä¢ If you simply want to mock your non-JS modules (e.g. binary assets) you can stub them out with the "moduleNameMapper" config option.

    You'll find more details and examples of these config options in the docs:
    https://jestjs.io/docs/configuration
    For information about custom transformations, see:
    https://jestjs.io/docs/code-transformation

    Details:

    /home/runner/workspace/jest.setup.js:1
    import '@testing-library/jest-dom';
    ^^^^^^

    SyntaxError: Cannot use import statement outside a module

      at Runtime.createScriptFromCode (node_modules/jest-runtime/build/index.js:1314:40)

FAIL client/src/components/widget-wizard/__tests__/widget-manager.test.tsx
  ‚óè Test suite failed to run

    Jest encountered an unexpected token

    Jest failed to parse a file. This happens e.g. when your code or its dependencies use non-standard JavaScript syntax, or when Jest is not configured to support such syntax.

    Out of the box Jest supports Babel, which will be used to transform your files into valid JS based on your Babel configuration.

    By default "node_modules" folder is ignored by transformers.

    Here's what you can do:
     ‚Ä¢ If you are trying to use ECMAScript Modules, see https://jestjs.io/docs/ecmascript-modules for how to enable it.
     ‚Ä¢ If you are trying to use TypeScript, see https://jestjs.io/docs/getting-started#using-typescript
     ‚Ä¢ To have some of your "node_modules" files transformed, you can specify a custom "transformIgnorePatterns" in your config.
     ‚Ä¢ If you need a custom transformation, specify a "transform" option in your config.
     ‚Ä¢ If you simply want to mock your non-JS modules (e.g. binary assets) you can stub them out with the "moduleNameMapper" config option.

    You'll find more details and examples of these config options in the docs:
    https://jestjs.io/docs/configuration
    For information about custom transformations, see:
    https://jestjs.io/docs/code-transformation

    Details:

    /home/runner/workspace/jest.setup.js:1
    import '@testing-library/jest-dom';
    ^^^^^^

    SyntaxError: Cannot use import statement outside a module

      at Runtime.createScriptFromCode (node_modules/jest-runtime/build/index.js:1314:40)

FAIL client/src/components/widget-wizard/__tests__/widget-integration.test.ts
  ‚óè Test suite failed to run

    Jest encountered an unexpected token

    Jest failed to parse a file. This happens e.g. when your code or its dependencies use non-standard JavaScript syntax, or when Jest is not configured to support such syntax.

    Out of the box Jest supports Babel, which will be used to transform your files into valid JS based on your Babel configuration.

    By default "node_modules" folder is ignored by transformers.

    Here's what you can do:
     ‚Ä¢ If you are trying to use ECMAScript Modules, see https://jestjs.io/docs/ecmascript-modules for how to enable it.
     ‚Ä¢ If you are trying to use TypeScript, see https://jestjs.io/docs/getting-started#using-typescript
     ‚Ä¢ To have some of your "node_modules" files transformed, you can specify a custom "transformIgnorePatterns" in your config.
     ‚Ä¢ If you need a custom transformation, specify a "transform" option in your config.
     ‚Ä¢ If you simply want to mock your non-JS modules (e.g. binary assets) you can stub them out with the "moduleNameMapper" config option.

    You'll find more details and examples of these config options in the docs:
    https://jestjs.io/docs/configuration
    For information about custom transformations, see:
    https://jestjs.io/docs/code-transformation

    Details:

    /home/runner/workspace/jest.setup.js:1
    import '@testing-library/jest-dom';
    ^^^^^^

    SyntaxError: Cannot use import statement outside a module

      at Runtime.createScriptFromCode (node_modules/jest-runtime/build/index.js:1314:40)

FAIL client/src/components/widget-wizard/__tests__/widget-engine.test.ts
  ‚óè Test suite failed to run

    Jest encountered an unexpected token

    Jest failed to parse a file. This happens e.g. when your code or its dependencies use non-standard JavaScript syntax, or when Jest is not configured to support such syntax.

    Out of the box Jest supports Babel, which will be used to transform your files into valid JS based on your Babel configuration.

    By default "node_modules" folder is ignored by transformers.

    Here's what you can do:
     ‚Ä¢ If you are trying to use ECMAScript Modules, see https://jestjs.io/docs/ecmascript-modules for how to enable it.
     ‚Ä¢ If you are trying to use TypeScript, see https://jestjs.io/docs/getting-started#using-typescript
     ‚Ä¢ To have some of your "node_modules" files transformed, you can specify a custom "transformIgnorePatterns" in your config.
     ‚Ä¢ If you need a custom transformation, specify a "transform" option in your config.
     ‚Ä¢ If you simply want to mock your non-JS modules (e.g. binary assets) you can stub them out with the "moduleNameMapper" config option.

    You'll find more details and examples of these config options in the docs:
    https://jestjs.io/docs/configuration
    For information about custom transformations, see:
    https://jestjs.io/docs/code-transformation

    Details:

    /home/runner/workspace/jest.setup.js:1
    import '@testing-library/jest-dom';
    ^^^^^^

    SyntaxError: Cannot use import statement outside a module

      at Runtime.createScriptFromCode (node_modules/jest-runtime/build/index.js:1314:40)

Failed to collect coverage from /home/runner/workspace/client/src/components/data-loader.tsx
ERROR: [96mclient/src/components/data-loader.tsx[0m:[93m127[0m:[93m57[0m - [91merror[0m[90m TS2345: [0mArgument of type '{ method: string; body: string; }' is not assignable to parameter of type 'string'.

[7m127[0m       const session = await apiRequest('/api/sessions', {
[7m   [0m [91m                                                        ~[0m
[7m128[0m         method: 'POST',
[7m   [0m [91m~~~~~~~~~~~~~~~~~~~~~~~[0m
[7m129[0m         body: JSON.stringify(sessionData)
[7m   [0m [91m~~~~~~~~~~~~~~~~~~~~~~~~~~~~~~~~~~~~~~~~~[0m
[7m130[0m       });
[7m   [0m [91m~~~~~~~[0m
[96mclient/src/components/data-loader.tsx[0m:[93m221[0m:[93m57[0m - [91merror[0m[90m TS2345: [0mArgument of type '{ method: string; body: string; }' is not assignable to parameter of type 'string'.

[7m221[0m       const session = await apiRequest('/api/sessions', {
[7m   [0m [91m                                                        ~[0m
[7m222[0m         method: 'POST',
[7m   [0m [91m~~~~~~~~~~~~~~~~~~~~~~~[0m
[7m223[0m         body: JSON.stringify(sessionData)
[7m   [0m [91m~~~~~~~~~~~~~~~~~~~~~~~~~~~~~~~~~~~~~~~~~[0m
[7m224[0m       });
[7m   [0m [91m~~~~~~~[0m
STACK: 
Failed to collect coverage from /home/runner/workspace/client/src/components/plugin-wizard.tsx
ERROR: [96mclient/src/components/plugin-wizard.tsx[0m:[93m42[0m:[93m23[0m - [91merror[0m[90m TS2345: [0mArgument of type 'Partial<PluginConfiguration>' is not assignable to parameter of type 'SetStateAction<PluginConfiguration | null>'.
  Type 'Partial<PluginConfiguration>' is not assignable to type 'PluginConfiguration'.
    Types of property 'dataColumns' are incompatible.
      Type 'DataColumn[] | undefined' is not assignable to type 'DataColumn[]'.
        Type 'undefined' is not assignable to type 'DataColumn[]'.

[7m42[0m       setPluginConfig(template.template);
[7m  [0m [91m                      ~~~~~~~~~~~~~~~~~[0m
STACK: 
Failed to collect coverage from /home/runner/workspace/client/src/hooks/use-debug-player.ts
ERROR: [96mclient/src/hooks/use-debug-player.ts[0m:[93m54[0m:[93m18[0m - [91merror[0m[90m TS7053: [0mElement implicitly has an 'any' type because expression of type 'string' can't be used to index type '{ vehicle_speed: boolean; acceleration: boolean; steering_angle: boolean; position_x: boolean; position_y: boolean; collision_margin: boolean; }'.
  No index signature with a parameter of type 'string' was found on type '{ vehicle_speed: boolean; acceleration: boolean; steering_angle: boolean; position_x: boolean; position_y: boolean; collision_margin: boolean; }'.

[7m54[0m       [signal]: !prev[signal]
[7m  [0m [91m                 ~~~~~~~~~~~~[0m
STACK: 
Failed to collect coverage from /home/runner/workspace/client/src/lib/mock-data.ts
ERROR: [96mclient/src/lib/mock-data.ts[0m:[93m41[0m:[93m3[0m - [91merror[0m[90m TS2739: [0mType '{ id: number; name: string; description: string; isActive: true; version: string; }' is missing the following properties from type '{ id: number; name: string; version: string; description: string | null; pluginType: string; configuration: string | null; createdAt: Date | null; isActive: boolean | null; }': pluginType, configuration, createdAt

[7m41[0m   { id: 1, name: 'CarPosePlugin', description: 'Vehicle positioning data', isActive: true, version: '1.0.0' },
[7m  [0m [91m  ~~~~~~~~~~~~~~~~~~~~~~~~~~~~~~~~~~~~~~~~~~~~~~~~~~~~~~~~~~~~~~~~~~~~~~~~~~~~~~~~~~~~~~~~~~~~~~~~~~~~~~~~~~~[0m
[96mclient/src/lib/mock-data.ts[0m:[93m42[0m:[93m3[0m - [91merror[0m[90m TS2739: [0mType '{ id: number; name: string; description: string; isActive: true; version: string; }' is missing the following properties from type '{ id: number; name: string; version: string; description: string | null; pluginType: string; configuration: string | null; createdAt: Date | null; isActive: boolean | null; }': pluginType, configuration, createdAt

[7m42[0m   { id: 2, name: 'PathViewPlugin', description: 'Path visualization', isActive: true, version: '1.2.0' },
[7m  [0m [91m  ~~~~~~~~~~~~~~~~~~~~~~~~~~~~~~~~~~~~~~~~~~~~~~~~~~~~~~~~~~~~~~~~~~~~~~~~~~~~~~~~~~~~~~~~~~~~~~~~~~~~~~[0m
[96mclient/src/lib/mock-data.ts[0m:[93m43[0m:[93m3[0m - [91merror[0m[90m TS2739: [0mType '{ id: number; name: string; description: string; isActive: true; version: string; }' is missing the following properties from type '{ id: number; name: string; version: string; description: string | null; pluginType: string; configuration: string | null; createdAt: Date | null; isActive: boolean | null; }': pluginType, configuration, createdAt

[7m43[0m   { id: 3, name: 'CollisionPlugin', description: 'Collision detection', isActive: true, version: '2.1.0' }
[7m  [0m [91m  ~~~~~~~~~~~~~~~~~~~~~~~~~~~~~~~~~~~~~~~~~~~~~~~~~~~~~~~~~~~~~~~~~~~~~~~~~~~~~~~~~~~~~~~~~~~~~~~~~~~~~~~~[0m
STACK: 
Failed to collect coverage from /home/runner/workspace/client/src/lib/plugin-templates.ts
ERROR: [96mclient/src/lib/plugin-templates.ts[0m:[93m85[0m:[93m13[0m - [91merror[0m[90m TS2322: [0mType 'string' is not assignable to type 'Record<string, any>'.

[7m85[0m             structure: "List[float]",
[7m  [0m [91m            ~~~~~~~~~[0m

  [96mclient/src/types/plugin-interfaces.ts[0m:[93m40[0m:[93m3[0m
    [7m40[0m   structure: Record<string, any>;
    [7m  [0m [96m  ~~~~~~~~~[0m
    The expected type comes from property 'structure' which is declared here on type 'SignalOutputFormat'
[96mclient/src/lib/plugin-templates.ts[0m:[93m615[0m:[93m13[0m - [91merror[0m[90m TS2322: [0mType 'string' is not assignable to type 'Record<string, any>'.

[7m615[0m             structure: "float",
[7m   [0m [91m            ~~~~~~~~~[0m

  [96mclient/src/types/plugin-interfaces.ts[0m:[93m40[0m:[93m3[0m
    [7m40[0m   structure: Record<string, any>;
    [7m  [0m [96m  ~~~~~~~~~[0m
    The expected type comes from property 'structure' which is declared here on type 'SignalOutputFormat'
[96mclient/src/lib/plugin-templates.ts[0m:[93m616[0m:[93m24[0m - [91merror[0m[90m TS2322: [0mType 'number' is not assignable to type 'Record<string, any>'.

[7m616[0m             examples: [15.6]
[7m   [0m [91m                       ~~~~[0m
[96mclient/src/lib/plugin-templates.ts[0m:[93m627[0m:[93m13[0m - [91merror[0m[90m TS2322: [0mType 'string' is not assignable to type 'Record<string, any>'.

[7m627[0m             structure: "float",
[7m   [0m [91m            ~~~~~~~~~[0m

  [96mclient/src/types/plugin-interfaces.ts[0m:[93m40[0m:[93m3[0m
    [7m40[0m   structure: Record<string, any>;
    [7m  [0m [96m  ~~~~~~~~~[0m
    The expected type comes from property 'structure' which is declared here on type 'SignalOutputFormat'
[96mclient/src/lib/plugin-templates.ts[0m:[93m628[0m:[93m24[0m - [91merror[0m[90m TS2322: [0mType 'number' is not assignable to type 'Record<string, any>'.

[7m628[0m             examples: [12.5]
[7m   [0m [91m                       ~~~~[0m
[96mclient/src/lib/plugin-templates.ts[0m:[93m640[0m:[93m13[0m - [91merror[0m[90m TS2322: [0mType 'string' is not assignable to type 'Record<string, any>'.

[7m640[0m             structure: "string",
[7m   [0m [91m            ~~~~~~~~~[0m

  [96mclient/src/types/plugin-interfaces.ts[0m:[93m40[0m:[93m3[0m
    [7m40[0m   structure: Record<string, any>;
    [7m  [0m [96m  ~~~~~~~~~[0m
    The expected type comes from property 'structure' which is declared here on type 'SignalOutputFormat'
[96mclient/src/lib/plugin-templates.ts[0m:[93m641[0m:[93m24[0m - [91merror[0m[90m TS2322: [0mType 'string' is not assignable to type 'Record<string, any>'.

[7m641[0m             examples: ["AUTONOMOUS"]
[7m   [0m [91m                       ~~~~~~~~~~~~[0m
STACK: 
Failed to collect coverage from /home/runner/workspace/client/src/lib/widget-engine.ts
ERROR: [96mclient/src/lib/widget-engine.ts[0m:[93m156[0m:[93m58[0m - [91merror[0m[90m TS18046: [0m'error' is of type 'unknown'.

[7m156[0m       instance.metadata = { ...instance.metadata, error: error.message };
[7m   [0m [91m                                                         ~~~~~[0m
STACK: 
Failed to collect coverage from /home/runner/workspace/client/src/lib/widget-templates.ts
ERROR: [96mclient/src/lib/widget-templates.ts[0m:[93m58[0m:[93m53[0m - [91merror[0m[90m TS2769: [0mNo overload matches this call.
  The last overload gave the following error.
    Argument of type '{ width: string; height: number; }' is not assignable to parameter of type 'Attributes & Props & RefAttributes<HTMLDivElement | { current: HTMLDivElement; }>'.
      Property 'children' is missing in type '{ width: string; height: number; }' but required in type 'Props'.

[7m58[0m     return React.createElement(ResponsiveContainer, { width: '100%', height: 300 },
[7m  [0m [91m                                                    ~~~~~~~~~~~~~~~~~~~~~~~~~~~~~~[0m

  [96mnode_modules/recharts/types/component/ResponsiveContainer.d.ts[0m:[93m13[0m:[93m5[0m
    [7m13[0m     children: ReactElement;
    [7m  [0m [96m    ~~~~~~~~[0m
    'children' is declared here.
  [96mnode_modules/@types/react/index.d.ts[0m:[93m554[0m:[93m14[0m
    [7m554[0m     function createElement<P extends {}>(
    [7m   [0m [96m             ~~~~~~~~~~~~~[0m
    The last overload is declared here.
[96mclient/src/lib/widget-templates.ts[0m:[93m61[0m:[93m29[0m - [91merror[0m[90m TS2769: [0mNo overload matches this call.
  The last overload gave the following error.
    Argument of type 'typeof XAxis' is not assignable to parameter of type 'string | ComponentClass<Props, any> | FunctionComponent<Props>'.
      Type 'typeof XAxis' is not assignable to type 'ComponentClass<Props, any>'.
        The types of 'defaultProps.type' are incompatible between these types.
          Type 'string' is not assignable to type '"number" | "category" | undefined'.

[7m61[0m         React.createElement(XAxis, { dataKey: 'x', type: 'number' }),
[7m  [0m [91m                            ~~~~~[0m

  [96mnode_modules/@types/react/index.d.ts[0m:[93m554[0m:[93m14[0m
    [7m554[0m     function createElement<P extends {}>(
    [7m   [0m [96m             ~~~~~~~~~~~~~[0m
    The last overload is declared here.
[96mclient/src/lib/widget-templates.ts[0m:[93m62[0m:[93m29[0m - [91merror[0m[90m TS2769: [0mNo overload matches this call.
  The last overload gave the following error.
    Argument of type 'typeof YAxis' is not assignable to parameter of type 'string | ComponentClass<Props, any> | FunctionComponent<Props>'.
      Type 'typeof YAxis' is not assignable to type 'ComponentClass<Props, any>'.
        The types of 'defaultProps.type' are incompatible between these types.
          Type 'string' is not assignable to type '"number" | "category" | undefined'.

[7m62[0m         React.createElement(YAxis, { dataKey: 'y', type: 'number' }),
[7m  [0m [91m                            ~~~~~[0m

  [96mnode_modules/@types/react/index.d.ts[0m:[93m554[0m:[93m14[0m
    [7m554[0m     function createElement<P extends {}>(
    [7m   [0m [96m             ~~~~~~~~~~~~~[0m
    The last overload is declared here.
[96mclient/src/lib/widget-templates.ts[0m:[93m63[0m:[93m29[0m - [91merror[0m[90m TS2769: [0mNo overload matches this call.
  The last overload gave the following error.
    Argument of type 'typeof Tooltip' is not assignable to parameter of type 'string | ComponentClass<TooltipProps<ValueType, NameType>, any> | FunctionComponent<TooltipProps<ValueType, NameType>>'.
      Type 'typeof Tooltip' is not assignable to type 'ComponentClass<TooltipProps<ValueType, NameType>, any>'.
        The types of 'defaultProps.animationEasing' are incompatible between these types.
          Type 'string' is not assignable to type 'AnimationTiming | undefined'.

[7m63[0m         React.createElement(Tooltip),
[7m  [0m [91m                            ~~~~~~~[0m

  [96mnode_modules/@types/react/index.d.ts[0m:[93m554[0m:[93m14[0m
    [7m554[0m     function createElement<P extends {}>(
    [7m   [0m [96m             ~~~~~~~~~~~~~[0m
    The last overload is declared here.
[96mclient/src/lib/widget-templates.ts[0m:[93m64[0m:[93m29[0m - [91merror[0m[90m TS2769: [0mNo overload matches this call.
  The last overload gave the following error.
    Argument of type 'typeof Scatter' is not assignable to parameter of type 'string | ComponentClass<Props, any> | FunctionComponent<Props>'.
      Type 'typeof Scatter' is not assignable to type 'ComponentClass<Props, any>'.
        The types of 'defaultProps.lineType' are incompatible between these types.
          Type 'string' is not assignable to type '"fitting" | "joint" | undefined'.

[7m64[0m         React.createElement(Scatter, { dataKey: 'x', fill: '#8884d8' })
[7m  [0m [91m                            ~~~~~~~[0m

  [96mnode_modules/@types/react/index.d.ts[0m:[93m554[0m:[93m14[0m
    [7m554[0m     function createElement<P extends {}>(
    [7m   [0m [96m             ~~~~~~~~~~~~~[0m
    The last overload is declared here.
[96mclient/src/lib/widget-templates.ts[0m:[93m111[0m:[93m53[0m - [91merror[0m[90m TS2769: [0mNo overload matches this call.
  The last overload gave the following error.
    Argument of type '{ width: string; height: number; }' is not assignable to parameter of type 'Attributes & Props & RefAttributes<HTMLDivElement | { current: HTMLDivElement; }>'.
      Property 'children' is missing in type '{ width: string; height: number; }' but required in type 'Props'.

[7m111[0m     return React.createElement(ResponsiveContainer, { width: '100%', height: 300 },
[7m   [0m [91m                                                    ~~~~~~~~~~~~~~~~~~~~~~~~~~~~~~[0m

  [96mnode_modules/recharts/types/component/ResponsiveContainer.d.ts[0m:[93m13[0m:[93m5[0m
    [7m13[0m     children: ReactElement;
    [7m  [0m [96m    ~~~~~~~~[0m
    'children' is declared here.
  [96mnode_modules/@types/react/index.d.ts[0m:[93m554[0m:[93m14[0m
    [7m554[0m     function createElement<P extends {}>(
    [7m   [0m [96m             ~~~~~~~~~~~~~[0m
    The last overload is declared here.
[96mclient/src/lib/widget-templates.ts[0m:[93m114[0m:[93m29[0m - [91merror[0m[90m TS2769: [0mNo overload matches this call.
  The last overload gave the following error.
    Argument of type 'typeof XAxis' is not assignable to parameter of type 'string | ComponentClass<Props, any> | FunctionComponent<Props>'.
      Type 'typeof XAxis' is not assignable to type 'ComponentClass<Props, any>'.
        The types of 'defaultProps.type' are incompatible between these types.
          Type 'string' is not assignable to type '"number" | "category" | undefined'.

[7m114[0m         React.createElement(XAxis, { dataKey: 'time' }),
[7m   [0m [91m                            ~~~~~[0m

  [96mnode_modules/@types/react/index.d.ts[0m:[93m554[0m:[93m14[0m
    [7m554[0m     function createElement<P extends {}>(
    [7m   [0m [96m             ~~~~~~~~~~~~~[0m
    The last overload is declared here.
[96mclient/src/lib/widget-templates.ts[0m:[93m115[0m:[93m29[0m - [91merror[0m[90m TS2769: [0mNo overload matches this call.
  The last overload gave the following error.
    Argument of type 'typeof YAxis' is not assignable to parameter of type 'string | ComponentClass<Props, any> | FunctionComponent<Props>'.
      Type 'typeof YAxis' is not assignable to type 'ComponentClass<Props, any>'.
        The types of 'defaultProps.type' are incompatible between these types.
          Type 'string' is not assignable to type '"number" | "category" | undefined'.

[7m115[0m         React.createElement(YAxis),
[7m   [0m [91m                            ~~~~~[0m

  [96mnode_modules/@types/react/index.d.ts[0m:[93m554[0m:[93m14[0m
    [7m554[0m     function createElement<P extends {}>(
    [7m   [0m [96m             ~~~~~~~~~~~~~[0m
    The last overload is declared here.
[96mclient/src/lib/widget-templates.ts[0m:[93m116[0m:[93m29[0m - [91merror[0m[90m TS2769: [0mNo overload matches this call.
  The last overload gave the following error.
    Argument of type 'typeof Tooltip' is not assignable to parameter of type 'string | ComponentClass<TooltipProps<ValueType, NameType>, any> | FunctionComponent<TooltipProps<ValueType, NameType>>'.
      Type 'typeof Tooltip' is not assignable to type 'ComponentClass<TooltipProps<ValueType, NameType>, any>'.
        The types of 'defaultProps.animationEasing' are incompatible between these types.
          Type 'string' is not assignable to type 'AnimationTiming | undefined'.

[7m116[0m         React.createElement(Tooltip),
[7m   [0m [91m                            ~~~~~~~[0m

  [96mnode_modules/@types/react/index.d.ts[0m:[93m554[0m:[93m14[0m
    [7m554[0m     function createElement<P extends {}>(
    [7m   [0m [96m             ~~~~~~~~~~~~~[0m
    The last overload is declared here.
[96mclient/src/lib/widget-templates.ts[0m:[93m117[0m:[93m29[0m - [91merror[0m[90m TS2769: [0mNo overload matches this call.
  The last overload gave the following error.
    Argument of type 'typeof Line' is not assignable to parameter of type 'string | ComponentClass<Props, any> | FunctionComponent<Props>'.
      Type 'typeof Line' is not assignable to type 'ComponentClass<Props, any>'.
        The types of 'defaultProps.legendType' are incompatible between these types.
          Type 'string' is not assignable to type 'LegendType | undefined'.

[7m117[0m         React.createElement(Line, { type: 'monotone', dataKey: 'current', stroke: '#8884d8', name: 'Current Speed' }),
[7m   [0m [91m                            ~~~~[0m

  [96mnode_modules/@types/react/index.d.ts[0m:[93m554[0m:[93m14[0m
    [7m554[0m     function createElement<P extends {}>(
    [7m   [0m [96m             ~~~~~~~~~~~~~[0m
    The last overload is declared here.
[96mclient/src/lib/widget-templates.ts[0m:[93m118[0m:[93m29[0m - [91merror[0m[90m TS2769: [0mNo overload matches this call.
  The last overload gave the following error.
    Argument of type 'typeof Line' is not assignable to parameter of type 'string | ComponentClass<Props, any> | FunctionComponent<Props>'.
      Type 'typeof Line' is not assignable to type 'ComponentClass<Props, any>'.
        The types of 'defaultProps.legendType' are incompatible between these types.
          Type 'string' is not assignable to type 'LegendType | undefined'.

[7m118[0m         React.createElement(Line, { type: 'monotone', dataKey: 'target', stroke: '#82ca9d', name: 'Target Speed' })
[7m   [0m [91m                            ~~~~[0m

  [96mnode_modules/@types/react/index.d.ts[0m:[93m554[0m:[93m14[0m
    [7m554[0m     function createElement<P extends {}>(
    [7m   [0m [96m             ~~~~~~~~~~~~~[0m
    The last overload is declared here.
[96mclient/src/lib/widget-templates.ts[0m:[93m143[0m:[93m11[0m - [91merror[0m[90m TS7053: [0mElement implicitly has an 'any' type because expression of type 'string' can't be used to index type '{ time: any; }'.
  No index signature with a parameter of type 'string' was found on type '{ time: any; }'.

[7m143[0m           dataPoint[key] = value;
[7m   [0m [91m          ~~~~~~~~~~~~~~[0m
[96mclient/src/lib/widget-templates.ts[0m:[93m162[0m:[93m53[0m - [91merror[0m[90m TS2769: [0mNo overload matches this call.
  The last overload gave the following error.
    Argument of type '{ width: string; height: number; }' is not assignable to parameter of type 'Attributes & Props & RefAttributes<HTMLDivElement | { current: HTMLDivElement; }>'.
      Property 'children' is missing in type '{ width: string; height: number; }' but required in type 'Props'.

[7m162[0m     return React.createElement(ResponsiveContainer, { width: '100%', height: 300 },
[7m   [0m [91m                                                    ~~~~~~~~~~~~~~~~~~~~~~~~~~~~~~[0m

  [96mnode_modules/recharts/types/component/ResponsiveContainer.d.ts[0m:[93m13[0m:[93m5[0m
    [7m13[0m     children: ReactElement;
    [7m  [0m [96m    ~~~~~~~~[0m
    'children' is declared here.
  [96mnode_modules/@types/react/index.d.ts[0m:[93m554[0m:[93m14[0m
    [7m554[0m     function createElement<P extends {}>(
    [7m   [0m [96m             ~~~~~~~~~~~~~[0m
    The last overload is declared here.
[96mclient/src/lib/widget-templates.ts[0m:[93m165[0m:[93m29[0m - [91merror[0m[90m TS2769: [0mNo overload matches this call.
  The last overload gave the following error.
    Argument of type 'typeof XAxis' is not assignable to parameter of type 'string | ComponentClass<Props, any> | FunctionComponent<Props>'.
      Type 'typeof XAxis' is not assignable to type 'ComponentClass<Props, any>'.
        The types of 'defaultProps.type' are incompatible between these types.
          Type 'string' is not assignable to type '"number" | "category" | undefined'.

[7m165[0m         React.createElement(XAxis, { dataKey: 'time' }),
[7m   [0m [91m                            ~~~~~[0m

  [96mnode_modules/@types/react/index.d.ts[0m:[93m554[0m:[93m14[0m
    [7m554[0m     function createElement<P extends {}>(
    [7m   [0m [96m             ~~~~~~~~~~~~~[0m
    The last overload is declared here.
[96mclient/src/lib/widget-templates.ts[0m:[93m166[0m:[93m29[0m - [91merror[0m[90m TS2769: [0mNo overload matches this call.
  The last overload gave the following error.
    Argument of type 'typeof YAxis' is not assignable to parameter of type 'string | ComponentClass<Props, any> | FunctionComponent<Props>'.
      Type 'typeof YAxis' is not assignable to type 'ComponentClass<Props, any>'.
        The types of 'defaultProps.type' are incompatible between these types.
          Type 'string' is not assignable to type '"number" | "category" | undefined'.

[7m166[0m         React.createElement(YAxis),
[7m   [0m [91m                            ~~~~~[0m

  [96mnode_modules/@types/react/index.d.ts[0m:[93m554[0m:[93m14[0m
    [7m554[0m     function createElement<P extends {}>(
    [7m   [0m [96m             ~~~~~~~~~~~~~[0m
    The last overload is declared here.
[96mclient/src/lib/widget-templates.ts[0m:[93m167[0m:[93m29[0m - [91merror[0m[90m TS2769: [0mNo overload matches this call.
  The last overload gave the following error.
    Argument of type 'typeof Tooltip' is not assignable to parameter of type 'string | ComponentClass<TooltipProps<ValueType, NameType>, any> | FunctionComponent<TooltipProps<ValueType, NameType>>'.
      Type 'typeof Tooltip' is not assignable to type 'ComponentClass<TooltipProps<ValueType, NameType>, any>'.
        The types of 'defaultProps.animationEasing' are incompatible between these types.
          Type 'string' is not assignable to type 'AnimationTiming | undefined'.

[7m167[0m         React.createElement(Tooltip),
[7m   [0m [91m                            ~~~~~~~[0m

  [96mnode_modules/@types/react/index.d.ts[0m:[93m554[0m:[93m14[0m
    [7m554[0m     function createElement<P extends {}>(
    [7m   [0m [96m             ~~~~~~~~~~~~~[0m
    The last overload is declared here.
[96mclient/src/lib/widget-templates.ts[0m:[93m168[0m:[93m29[0m - [91merror[0m[90m TS2769: [0mNo overload matches this call.
  The last overload gave the following error.
    Argument of type 'typeof Line' is not assignable to parameter of type 'string | ComponentClass<Props, any> | FunctionComponent<Props>'.
      Type 'typeof Line' is not assignable to type 'ComponentClass<Props, any>'.
        The types of 'defaultProps.legendType' are incompatible between these types.
          Type 'string' is not assignable to type 'LegendType | undefined'.

[7m168[0m         React.createElement(Line, { type: 'monotone', dataKey: 'value', stroke: '#8884d8' })
[7m   [0m [91m                            ~~~~[0m

  [96mnode_modules/@types/react/index.d.ts[0m:[93m554[0m:[93m14[0m
    [7m554[0m     function createElement<P extends {}>(
    [7m   [0m [96m             ~~~~~~~~~~~~~[0m
    The last overload is declared here.
STACK: 
Failed to collect coverage from /home/runner/workspace/client/src/pages/debug-player.tsx
ERROR: [96mclient/src/pages/debug-player.tsx[0m:[93m123[0m:[93m13[0m - [91merror[0m[90m TS2322: [0mType '{ id: number; name: string; version: string; description: string | null; pluginType: string; configuration: string | null; createdAt: Date | null; isActive: boolean | null; }[]' is not assignable to type '{ id: number; name: string; description: string; isActive: boolean; version: string; }[]'.
  Type '{ id: number; name: string; version: string; description: string | null; pluginType: string; configuration: string | null; createdAt: Date | null; isActive: boolean | null; }' is not assignable to type '{ id: number; name: string; description: string; isActive: boolean; version: string; }'.
    Types of property 'description' are incompatible.
      Type 'string | null' is not assignable to type 'string'.
        Type 'null' is not assignable to type 'string'.

[7m123[0m             plugins={plugins}
[7m   [0m [91m            ~~~~~~~[0m

  [96mclient/src/components/debug-player/sidebar-left.tsx[0m:[93m7[0m:[93m3[0m
    [7m7[0m   plugins: Array<{ id: number; name: string; description: string; isActive: boolean; version: string }>;
    [7m [0m [96m  ~~~~~~~[0m
    The expected type comes from property 'plugins' which is declared here on type 'IntrinsicAttributes & SidebarLeftProps'
STACK: 
Failed to collect coverage from /home/runner/workspace/client/src/pages/plugin-manager.tsx
ERROR: [96mclient/src/pages/plugin-manager.tsx[0m:[93m33[0m:[93m47[0m - [91merror[0m[90m TS2345: [0mArgument of type '{ method: string; body: string; }' is not assignable to parameter of type 'string'.

[7m33[0m       return await apiRequest("/api/plugins", {
[7m  [0m [91m                                              ~[0m
[7m34[0m         method: "POST",
[7m  [0m [91m~~~~~~~~~~~~~~~~~~~~~~~[0m
[7m35[0m         body: JSON.stringify(data),
[7m  [0m [91m~~~~~~~~~~~~~~~~~~~~~~~~~~~~~~~~~~~[0m
[7m36[0m       });
[7m  [0m [91m~~~~~~~[0m
[96mclient/src/pages/plugin-manager.tsx[0m:[93m58[0m:[93m53[0m - [91merror[0m[90m TS2345: [0mArgument of type '{ method: string; body: string; }' is not assignable to parameter of type 'string'.

[7m58[0m       return await apiRequest(`/api/plugins/${id}`, {
[7m  [0m [91m                                                    ~[0m
[7m59[0m         method: "PUT",
[7m  [0m [91m~~~~~~~~~~~~~~~~~~~~~~[0m
[7m60[0m         body: JSON.stringify(data),
[7m  [0m [91m~~~~~~~~~~~~~~~~~~~~~~~~~~~~~~~~~~~[0m
[7m61[0m       });
[7m  [0m [91m~~~~~~~[0m
[96mclient/src/pages/plugin-manager.tsx[0m:[93m73[0m:[93m53[0m - [91merror[0m[90m TS2345: [0mArgument of type '{ method: string; }' is not assignable to parameter of type 'string'.

[7m73[0m       return await apiRequest(`/api/plugins/${id}`, {
[7m  [0m [91m                                                    ~[0m
[7m74[0m         method: "DELETE",
[7m  [0m [91m~~~~~~~~~~~~~~~~~~~~~~~~~[0m
[7m75[0m       });
[7m  [0m [91m~~~~~~~[0m
[96mclient/src/pages/plugin-manager.tsx[0m:[93m155[0m:[93m19[0m - [91merror[0m[90m TS2339: [0mProperty 'map' does not exist on type '{}'.

[7m155[0m         {plugins?.map((plugin: Plugin) => (
[7m   [0m [91m                  ~~~[0m
[96mclient/src/pages/plugin-manager.tsx[0m:[93m204[0m:[93m17[0m - [91merror[0m[90m TS2339: [0mProperty 'length' does not exist on type '{}'.

[7m204[0m       {plugins?.length === 0 && (
[7m   [0m [91m                ~~~~~~[0m
STACK: 
Jest: "global" coverage threshold for statements (60%) not met: 0%
Jest: "global" coverage threshold for branches (60%) not met: 0%
Jest: "global" coverage threshold for lines (60%) not met: 0%
Jest: "global" coverage threshold for functions (60%) not met: 0%
Test Suites: 5 failed, 5 total
Tests:       0 total
Snapshots:   0 total
Time:        38.468 s
Ran all test suites matching __tests__.
</p>
            <pre>-------------------------------|---------|----------|---------|---------|-------------------
File                           | % Stmts | % Branch | % Funcs | % Lines | Uncovered Line #s 
-------------------------------|---------|----------|---------|---------|-------------------
All files                      |       0 |        0 |       0 |       0 |                   
 src                           |       0 |      100 |       0 |       0 |                   
  App.tsx                      |       0 |      100 |       0 |       0 | 1-43              
 src/components                |       0 |        0 |       0 |       0 |                   
  actual-data-instructions.tsx |       0 |      100 |       0 |       0 | 1-7               
  demo-trip-loader.tsx         |       0 |        0 |       0 |       0 | 1-92              
  integration-status.tsx       |       0 |        0 |       0 |       0 | 1-151             
  navigation.tsx               |       0 |        0 |       0 |       ...</pre>
        </div>
    
        <div class="result failure">
            <h3>‚ùå TypeScript Type Checking</h3>
            <p><strong>Type:</strong> types</p>
            <p><strong>Error:</strong> Command failed: npx tsc --noEmit --skipLibCheck</p>
            <pre>client/src/components/data-loader.tsx(127,57): error TS2345: Argument of type '{ method: string; body: string; }' is not assignable to parameter of type 'string'.
client/src/components/data-loader.tsx(221,57): error TS2345: Argument of type '{ method: string; body: string; }' is not assignable to parameter of type 'string'.
client/src/components/plugin-wizard.tsx(42,23): error TS2345: Argument of type 'Partial<PluginConfiguration>' is not assignable to parameter of type 'SetStateAction<PluginConfiguration | null>'.
  Type 'Partial<PluginConfiguration>' is not assignable to type 'PluginConfiguration'.
    Types of property 'dataColumns' are incompatible.
      Type 'DataColumn[] | undefined' is not assignable to type 'DataColumn[]'.
        Type 'undefined' is not assignable to type 'DataColumn[]'.
client/src/components/widget-wizard/__tests__/widget-manager.test.tsx(62,40): error TS2345: Argument of type 'undefined' is not assignable to parameter of type 'never'.
client/src/components/...</pre>
        </div>
    
        <div class="result failure">
            <h3>‚ùå Playwright E2E Tests</h3>
            <p><strong>Type:</strong> e2e</p>
            <p><strong>Error:</strong> spawnSync /bin/sh ETIMEDOUT</p>
            <pre>
Running 195 tests using 1 worker


[1A[2K[1/195] [chromium] ‚Ä∫ tests/e2e/widget-accessibility.spec.ts:8:3 ‚Ä∫ Widget Accessibility Tests ‚Ä∫ should have proper heading structure
[1A[2K  1) [chromium] ‚Ä∫ tests/e2e/widget-accessibility.spec.ts:8:3 ‚Ä∫ Widget Accessibility Tests ‚Ä∫ should have proper heading structure 

    Error: browserType.launch: 
    ‚ïî‚ïê‚ïê‚ïê‚ïê‚ïê‚ïê‚ïê‚ïê‚ïê‚ïê‚ïê‚ïê‚ïê‚ïê‚ïê‚ïê‚ïê‚ïê‚ïê‚ïê‚ïê‚ïê‚ïê‚ïê‚ïê‚ïê‚ïê‚ïê‚ïê‚ïê‚ïê‚ïê‚ïê‚ïê‚ïê‚ïê‚ïê‚ïê‚ïê‚ïê‚ïê‚ïê‚ïê‚ïê‚ïê‚ïê‚ïê‚ïê‚ïê‚ïê‚ïê‚ïê‚ïê‚ïê‚ïó
    ‚ïë Host system is missing dependencies to run browsers. ‚ïë
    ‚ïë Please install them with the following command:      ‚ïë
    ‚ïë                                                      ‚ïë
    ‚ïë     sudo npx playwright install-deps                 ‚ïë
    ‚ïë                                                      ‚ïë
    ‚ïë Alternatively, use apt:                              ‚ïë
    ‚ïë     sudo apt-get install libglib2.0-0t64\            ‚ïë
    ‚ïë         libnspr4\                                    ‚ïë
    ‚ïë         libnss3\                                     ‚ïë
    ‚ïë         libdbus-1-3\                 ...</pre>
        </div>
    
        <div class="result success">
            <h3>‚úÖ Code Quality Check</h3>
            <p><strong>Type:</strong> quality</p>
            
            <pre>ESLint not configured
</pre>
        </div>
    
</body>
</html>