client/src/components/widget-wizard/__tests__/widget-wizard.test.tsx:232:49 - error TS2339: Property 'toBeInTheDocument' does not exist on type 'Matchers<void, HTMLElement> & SnapshotMatchers<void, HTMLElement> & Inverse<JestMatchers<void, HTMLElement>> & PromiseMatchers<...>'.

232       expect(screen.getByText('Test Template')).toBeInTheDocument();
                                                    ~~~~~~~~~~~~~~~~~

client/src/components/widget-wizard/__tests__/widget-wizard.test.tsx:233:55 - error TS2339: Property 'toBeInTheDocument' does not exist on type 'JestMatchers<void, HTMLElement | null>'.

233       expect(screen.queryByText('Configuration')).not.toBeInTheDocument();
                                                          ~~~~~~~~~~~~~~~~~

client/src/components/widget-wizard/__tests__/widget-wizard.test.tsx:239:50 - error TS2339: Property 'toBeInTheDocument' does not exist on type 'Matchers<void, HTMLElement> & SnapshotMatchers<void, HTMLElement> & Inverse<JestMatchers<void, HTMLElement>> & PromiseMatchers<...>'.

239       expect(screen.getByText('Widget Preview')).toBeInTheDocument();
                                                     ~~~~~~~~~~~~~~~~~

client/src/components/widget-wizard/__tests__/widget-wizard.test.tsx:246:49 - error TS2339: Property 'toBeInTheDocument' does not exist on type 'Matchers<void, HTMLElement> & SnapshotMatchers<void, HTMLElement> & Inverse<JestMatchers<void, HTMLElement>> & PromiseMatchers<...>'.

246       expect(screen.getByText('Configuration')).toBeInTheDocument();
                                                    ~~~~~~~~~~~~~~~~~

client/src/components/widget-wizard/__tests__/widget-wizard.test.tsx:247:56 - error TS2339: Property 'toBeInTheDocument' does not exist on type 'JestMatchers<void, HTMLElement | null>'.

247       expect(screen.queryByText('Widget Preview')).not.toBeInTheDocument();
                                                           ~~~~~~~~~~~~~~~~~

client/src/components/widget-wizard/__tests__/widget-wizard.test.tsx:265:49 - error TS2339: Property 'toBeInTheDocument' does not exist on type 'Matchers<void, HTMLElement> & SnapshotMatchers<void, HTMLElement> & Inverse<JestMatchers<void, HTMLElement>> & PromiseMatchers<...>'.

265       expect(screen.getByText('Configuration')).toBeInTheDocument();
                                                    ~~~~~~~~~~~~~~~~~

client/src/components/widget-wizard/__tests__/widget-wizard.test.tsx:272:25 - error TS2339: Property 'toBeInTheDocument' does not exist on type 'Matchers<void, HTMLElement> & SnapshotMatchers<void, HTMLElement> & Inverse<JestMatchers<void, HTMLElement>> & PromiseMatchers<...>'.

272       expect(nameInput).toBeInTheDocument();
                            ~~~~~~~~~~~~~~~~~

client/src/hooks/use-debug-player.ts:54:18 - error TS7053: Element implicitly has an 'any' type because expression of type 'string' can't be used to index type '{ vehicle_speed: boolean; acceleration: boolean; steering_angle: boolean; position_x: boolean; position_y: boolean; collision_margin: boolean; }'.
  No index signature with a parameter of type 'string' was found on type '{ vehicle_speed: boolean; acceleration: boolean; steering_angle: boolean; position_x: boolean; position_y: boolean; collision_margin: boolean; }'.

54       [signal]: !prev[signal]
                    ~~~~~~~~~~~~

client/src/lib/mock-data.ts:41:3 - error TS2739: Type '{ id: number; name: string; description: string; isActive: true; version: string; }' is missing the following properties from type '{ id: number; name: string; version: string; description: string | null; createdAt: Date | null; isActive: boolean | null; pluginType: string; configuration: string | null; }': createdAt, pluginType, configuration

41   { id: 1, name: 'CarPosePlugin', description: 'Vehicle positioning data', isActive: true, version: '1.0.0' },
     ~~~~~~~~~~~~~~~~~~~~~~~~~~~~~~~~~~~~~~~~~~~~~~~~~~~~~~~~~~~~~~~~~~~~~~~~~~~~~~~~~~~~~~~~~~~~~~~~~~~~~~~~~~~

client/src/lib/mock-data.ts:42:3 - error TS2739: Type '{ id: number; name: string; description: string; isActive: true; version: string; }' is missing the following properties from type '{ id: number; name: string; version: string; description: string | null; createdAt: Date | null; isActive: boolean | null; pluginType: string; configuration: string | null; }': createdAt, pluginType, configuration

42   { id: 2, name: 'PathViewPlugin', description: 'Path visualization', isActive: true, version: '1.2.0' },
     ~~~~~~~~~~~~~~~~~~~~~~~~~~~~~~~~~~~~~~~~~~~~~~~~~~~~~~~~~~~~~~~~~~~~~~~~~~~~~~~~~~~~~~~~~~~~~~~~~~~~~~

client/src/lib/mock-data.ts:43:3 - error TS2739: Type '{ id: number; name: string; description: string; isActive: true; version: string; }' is missing the following properties from type '{ id: number; name: string; version: string; description: string | null; createdAt: Date | null; isActive: boolean | null; pluginType: string; configuration: string | null; }': createdAt, pluginType, configuration

43   { id: 3, name: 'CollisionPlugin', description: 'Collision detection', isActive: true, version: '2.1.0' }
     ~~~~~~~~~~~~~~~~~~~~~~~~~~~~~~~~~~~~~~~~~~~~~~~~~~~~~~~~~~~~~~~~~~~~~~~~~~~~~~~~~~~~~~~~~~~~~~~~~~~~~~~~

client/src/lib/plugin-templates.ts:85:13 - error TS2322: Type 'string' is not assignable to type 'Record<string, any>'.

85             structure: "List[float]",
               ~~~~~~~~~

  client/src/types/plugin-interfaces.ts:40:3
    40   structure: Record<string, any>;
         ~~~~~~~~~
    The expected type comes from property 'structure' which is declared here on type 'SignalOutputFormat'

client/src/lib/plugin-templates.ts:615:13 - error TS2322: Type 'string' is not assignable to type 'Record<string, any>'.

615             structure: "float",
                ~~~~~~~~~

  client/src/types/plugin-interfaces.ts:40:3
    40   structure: Record<string, any>;
         ~~~~~~~~~
    The expected type comes from property 'structure' which is declared here on type 'SignalOutputFormat'

client/src/lib/plugin-templates.ts:616:24 - error TS2322: Type 'number' is not assignable to type 'Record<string, any>'.

616             examples: [15.6]
                           ~~~~

client/src/lib/plugin-templates.ts:627:13 - error TS2322: Type 'string' is not assignable to type 'Record<string, any>'.

627             structure: "float",
                ~~~~~~~~~

  client/src/types/plugin-interfaces.ts:40:3
    40   structure: Record<string, any>;
         ~~~~~~~~~
    The expected type comes from property 'structure' which is declared here on type 'SignalOutputFormat'

client/src/lib/plugin-templates.ts:628:24 - error TS2322: Type 'number' is not assignable to type 'Record<string, any>'.

628             examples: [12.5]
                           ~~~~

client/src/lib/plugin-templates.ts:640:13 - error TS2322: Type 'string' is not assignable to type 'Record<string, any>'.

640             structure: "string",
                ~~~~~~~~~

  client/src/types/plugin-interfaces.ts:40:3
    40   structure: Record<string, any>;
         ~~~~~~~~~
    The expected type comes from property 'structure' which is declared here on type 'SignalOutputFormat'

client/src/lib/plugin-templates.ts:641:24 - error TS2322: Type 'string' is not assignable to type 'Record<string, any>'.

641             examples: ["AUTONOMOUS"]
                           ~~~~~~~~~~~~

client/src/lib/widget-engine.ts:156:58 - error TS18046: 'error' is of type 'unknown'.

156       instance.metadata = { ...instance.metadata, error: error.message };
                                                             ~~~~~

client/src/lib/widget-engine.ts:279:39 - error TS2802: Type 'MapIterator<[string, Set<string>]>' can only be iterated through when using the '--downlevelIteration' flag or with a '--target' of 'es2015' or higher.

279     for (const [signal, instances] of this.dataSubscriptions.entries()) {
                                          ~~~~~~~~~~~~~~~~~~~~~~~~~~~~~~~~

client/src/lib/widget-templates.ts:58:53 - error TS2769: No overload matches this call.
  The last overload gave the following error.
    Argument of type '{ width: string; height: number; }' is not assignable to parameter of type 'Attributes & Props & RefAttributes<HTMLDivElement | { current: HTMLDivElement; }>'.
      Property 'children' is missing in type '{ width: string; height: number; }' but required in type 'Props'.

58     return React.createElement(ResponsiveContainer, { width: '100%', height: 300 },
                                                       ~~~~~~~~~~~~~~~~~~~~~~~~~~~~~~

  node_modules/recharts/types/component/ResponsiveContainer.d.ts:13:5
    13     children: ReactElement;
           ~~~~~~~~
    'children' is declared here.
  node_modules/@types/react/index.d.ts:554:14
    554     function createElement<P extends {}>(
                     ~~~~~~~~~~~~~
    The last overload is declared here.

client/src/lib/widget-templates.ts:61:29 - error TS2769: No overload matches this call.
  The last overload gave the following error.
    Argument of type 'typeof XAxis' is not assignable to parameter of type 'string | ComponentClass<Props, any> | FunctionComponent<Props>'.
      Type 'typeof XAxis' is not assignable to type 'ComponentClass<Props, any>'.
        The types of 'defaultProps.type' are incompatible between these types.
          Type 'string' is not assignable to type '"number" | "category" | undefined'.

61         React.createElement(XAxis, { dataKey: 'x', type: 'number' }),
                               ~~~~~

  node_modules/@types/react/index.d.ts:554:14
    554     function createElement<P extends {}>(
                     ~~~~~~~~~~~~~
    The last overload is declared here.

client/src/lib/widget-templates.ts:62:29 - error TS2769: No overload matches this call.
  The last overload gave the following error.
    Argument of type 'typeof YAxis' is not assignable to parameter of type 'string | ComponentClass<Props, any> | FunctionComponent<Props>'.
      Type 'typeof YAxis' is not assignable to type 'ComponentClass<Props, any>'.
        The types of 'defaultProps.type' are incompatible between these types.
          Type 'string' is not assignable to type '"number" | "category" | undefined'.

62         React.createElement(YAxis, { dataKey: 'y', type: 'number' }),
                               ~~~~~

  node_modules/@types/react/index.d.ts:554:14
    554     function createElement<P extends {}>(
                     ~~~~~~~~~~~~~
    The last overload is declared here.

client/src/lib/widget-templates.ts:63:29 - error TS2769: No overload matches this call.
  The last overload gave the following error.
    Argument of type 'typeof Tooltip' is not assignable to parameter of type 'string | ComponentClass<TooltipProps<ValueType, NameType>, any> | FunctionComponent<TooltipProps<ValueType, NameType>>'.
      Type 'typeof Tooltip' is not assignable to type 'ComponentClass<TooltipProps<ValueType, NameType>, any>'.
        The types of 'defaultProps.animationEasing' are incompatible between these types.
          Type 'string' is not assignable to type 'AnimationTiming | undefined'.

63         React.createElement(Tooltip),
                               ~~~~~~~

  node_modules/@types/react/index.d.ts:554:14
    554     function createElement<P extends {}>(
                     ~~~~~~~~~~~~~
    The last overload is declared here.

client/src/lib/widget-templates.ts:64:29 - error TS2769: No overload matches this call.
  The last overload gave the following error.
    Argument of type 'typeof Scatter' is not assignable to parameter of type 'string | ComponentClass<Props, any> | FunctionComponent<Props>'.
      Type 'typeof Scatter' is not assignable to type 'ComponentClass<Props, any>'.
        The types of 'defaultProps.lineType' are incompatible between these types.
          Type 'string' is not assignable to type '"fitting" | "joint" | undefined'.

64         React.createElement(Scatter, { dataKey: 'x', fill: '#8884d8' })
                               ~~~~~~~

  node_modules/@types/react/index.d.ts:554:14
    554     function createElement<P extends {}>(
                     ~~~~~~~~~~~~~
    The last overload is declared here.

client/src/lib/widget-templates.ts:111:53 - error TS2769: No overload matches this call.
  The last overload gave the following error.
    Argument of type '{ width: string; height: number; }' is not assignable to parameter of type 'Attributes & Props & RefAttributes<HTMLDivElement | { current: HTMLDivElement; }>'.
      Property 'children' is missing in type '{ width: string; height: number; }' but required in type 'Props'.

111     return React.createElement(ResponsiveContainer, { width: '100%', height: 300 },
                                                        ~~~~~~~~~~~~~~~~~~~~~~~~~~~~~~

  node_modules/recharts/types/component/ResponsiveContainer.d.ts:13:5
    13     children: ReactElement;
           ~~~~~~~~
    'children' is declared here.
  node_modules/@types/react/index.d.ts:554:14
    554     function createElement<P extends {}>(
                     ~~~~~~~~~~~~~
    The last overload is declared here.

client/src/lib/widget-templates.ts:114:29 - error TS2769: No overload matches this call.
  The last overload gave the following error.
    Argument of type 'typeof XAxis' is not assignable to parameter of type 'string | ComponentClass<Props, any> | FunctionComponent<Props>'.
      Type 'typeof XAxis' is not assignable to type 'ComponentClass<Props, any>'.
        The types of 'defaultProps.type' are incompatible between these types.
          Type 'string' is not assignable to type '"number" | "category" | undefined'.

114         React.createElement(XAxis, { dataKey: 'time' }),
                                ~~~~~

  node_modules/@types/react/index.d.ts:554:14
    554     function createElement<P extends {}>(
                     ~~~~~~~~~~~~~
    The last overload is declared here.

client/src/lib/widget-templates.ts:115:29 - error TS2769: No overload matches this call.
  The last overload gave the following error.
    Argument of type 'typeof YAxis' is not assignable to parameter of type 'string | ComponentClass<Props, any> | FunctionComponent<Props>'.
      Type 'typeof YAxis' is not assignable to type 'ComponentClass<Props, any>'.
        The types of 'defaultProps.type' are incompatible between these types.
          Type 'string' is not assignable to type '"number" | "category" | undefined'.

115         React.createElement(YAxis),
                                ~~~~~

  node_modules/@types/react/index.d.ts:554:14
    554     function createElement<P extends {}>(
                     ~~~~~~~~~~~~~
    The last overload is declared here.

client/src/lib/widget-templates.ts:116:29 - error TS2769: No overload matches this call.
  The last overload gave the following error.
    Argument of type 'typeof Tooltip' is not assignable to parameter of type 'string | ComponentClass<TooltipProps<ValueType, NameType>, any> | FunctionComponent<TooltipProps<ValueType, NameType>>'.
      Type 'typeof Tooltip' is not assignable to type 'ComponentClass<TooltipProps<ValueType, NameType>, any>'.
        The types of 'defaultProps.animationEasing' are incompatible between these types.
          Type 'string' is not assignable to type 'AnimationTiming | undefined'.

116         React.createElement(Tooltip),
                                ~~~~~~~

  node_modules/@types/react/index.d.ts:554:14
    554     function createElement<P extends {}>(
                     ~~~~~~~~~~~~~
    The last overload is declared here.

client/src/lib/widget-templates.ts:117:29 - error TS2769: No overload matches this call.
  The last overload gave the following error.
    Argument of type 'typeof Line' is not assignable to parameter of type 'string | ComponentClass<Props, any> | FunctionComponent<Props>'.
      Type 'typeof Line' is not assignable to type 'ComponentClass<Props, any>'.
        The types of 'defaultProps.legendType' are incompatible between these types.
          Type 'string' is not assignable to type 'LegendType | undefined'.

117         React.createElement(Line, { type: 'monotone', dataKey: 'current', stroke: '#8884d8', name: 'Current Speed' }),
                                ~~~~

  node_modules/@types/react/index.d.ts:554:14
    554     function createElement<P extends {}>(
                     ~~~~~~~~~~~~~
    The last overload is declared here.

client/src/lib/widget-templates.ts:118:29 - error TS2769: No overload matches this call.
  The last overload gave the following error.
    Argument of type 'typeof Line' is not assignable to parameter of type 'string | ComponentClass<Props, any> | FunctionComponent<Props>'.
      Type 'typeof Line' is not assignable to type 'ComponentClass<Props, any>'.
        The types of 'defaultProps.legendType' are incompatible between these types.
          Type 'string' is not assignable to type 'LegendType | undefined'.

118         React.createElement(Line, { type: 'monotone', dataKey: 'target', stroke: '#82ca9d', name: 'Target Speed' })
                                ~~~~

  node_modules/@types/react/index.d.ts:554:14
    554     function createElement<P extends {}>(
                     ~~~~~~~~~~~~~
    The last overload is declared here.

client/src/lib/widget-templates.ts:143:11 - error TS7053: Element implicitly has an 'any' type because expression of type 'string' can't be used to index type '{ time: any; }'.
  No index signature with a parameter of type 'string' was found on type '{ time: any; }'.

143           dataPoint[key] = value;
              ~~~~~~~~~~~~~~

client/src/lib/widget-templates.ts:162:53 - error TS2769: No overload matches this call.
  The last overload gave the following error.
    Argument of type '{ width: string; height: number; }' is not assignable to parameter of type 'Attributes & Props & RefAttributes<HTMLDivElement | { current: HTMLDivElement; }>'.
      Property 'children' is missing in type '{ width: string; height: number; }' but required in type 'Props'.

162     return React.createElement(ResponsiveContainer, { width: '100%', height: 300 },
                                                        ~~~~~~~~~~~~~~~~~~~~~~~~~~~~~~

  node_modules/recharts/types/component/ResponsiveContainer.d.ts:13:5
    13     children: ReactElement;
           ~~~~~~~~
    'children' is declared here.
  node_modules/@types/react/index.d.ts:554:14
    554     function createElement<P extends {}>(
                     ~~~~~~~~~~~~~
    The last overload is declared here.

client/src/lib/widget-templates.ts:165:29 - error TS2769: No overload matches this call.
  The last overload gave the following error.
    Argument of type 'typeof XAxis' is not assignable to parameter of type 'string | ComponentClass<Props, any> | FunctionComponent<Props>'.
      Type 'typeof XAxis' is not assignable to type 'ComponentClass<Props, any>'.
        The types of 'defaultProps.type' are incompatible between these types.
          Type 'string' is not assignable to type '"number" | "category" | undefined'.

165         React.createElement(XAxis, { dataKey: 'time' }),
                                ~~~~~

  node_modules/@types/react/index.d.ts:554:14
    554     function createElement<P extends {}>(
                     ~~~~~~~~~~~~~
    The last overload is declared here.

client/src/lib/widget-templates.ts:166:29 - error TS2769: No overload matches this call.
  The last overload gave the following error.
    Argument of type 'typeof YAxis' is not assignable to parameter of type 'string | ComponentClass<Props, any> | FunctionComponent<Props>'.
      Type 'typeof YAxis' is not assignable to type 'ComponentClass<Props, any>'.
        The types of 'defaultProps.type' are incompatible between these types.
          Type 'string' is not assignable to type '"number" | "category" | undefined'.

166         React.createElement(YAxis),
                                ~~~~~

  node_modules/@types/react/index.d.ts:554:14
    554     function createElement<P extends {}>(
                     ~~~~~~~~~~~~~
    The last overload is declared here.

client/src/lib/widget-templates.ts:167:29 - error TS2769: No overload matches this call.
  The last overload gave the following error.
    Argument of type 'typeof Tooltip' is not assignable to parameter of type 'string | ComponentClass<TooltipProps<ValueType, NameType>, any> | FunctionComponent<TooltipProps<ValueType, NameType>>'.
      Type 'typeof Tooltip' is not assignable to type 'ComponentClass<TooltipProps<ValueType, NameType>, any>'.
        The types of 'defaultProps.animationEasing' are incompatible between these types.
          Type 'string' is not assignable to type 'AnimationTiming | undefined'.

167         React.createElement(Tooltip),
                                ~~~~~~~

  node_modules/@types/react/index.d.ts:554:14
    554     function createElement<P extends {}>(
                     ~~~~~~~~~~~~~
    The last overload is declared here.

client/src/lib/widget-templates.ts:168:29 - error TS2769: No overload matches this call.
  The last overload gave the following error.
    Argument of type 'typeof Line' is not assignable to parameter of type 'string | ComponentClass<Props, any> | FunctionComponent<Props>'.
      Type 'typeof Line' is not assignable to type 'ComponentClass<Props, any>'.
        The types of 'defaultProps.legendType' are incompatible between these types.
          Type 'string' is not assignable to type 'LegendType | undefined'.

168         React.createElement(Line, { type: 'monotone', dataKey: 'value', stroke: '#8884d8' })
                                ~~~~

  node_modules/@types/react/index.d.ts:554:14
    554     function createElement<P extends {}>(
                     ~~~~~~~~~~~~~
    The last overload is declared here.

client/src/pages/debug-player.tsx:123:13 - error TS2322: Type '{ id: number; name: string; version: string; description: string | null; createdAt: Date | null; isActive: boolean | null; pluginType: string; configuration: string | null; }[]' is not assignable to type '{ id: number; name: string; description: string; isActive: boolean; version: string; }[]'.
  Type '{ id: number; name: string; version: string; description: string | null; createdAt: Date | null; isActive: boolean | null; pluginType: string; configuration: string | null; }' is not assignable to type '{ id: number; name: string; description: string; isActive: boolean; version: string; }'.
    Types of property 'description' are incompatible.
      Type 'string | null' is not assignable to type 'string'.
        Type 'null' is not assignable to type 'string'.

123             plugins={plugins}
                ~~~~~~~

  client/src/components/debug-player/sidebar-left.tsx:7:3
    7   plugins: Array<{ id: number; name: string; description: string; isActive: boolean; version: string }>;
        ~~~~~~~
    The expected type comes from property 'plugins' which is declared here on type 'IntrinsicAttributes & SidebarLeftProps'

client/src/pages/plugin-manager.tsx:33:47 - error TS2345: Argument of type '{ method: string; body: string; }' is not assignable to parameter of type 'string'.

33       return await apiRequest("/api/plugins", {
                                                 ~
34         method: "POST",
   ~~~~~~~~~~~~~~~~~~~~~~~
35         body: JSON.stringify(data),
   ~~~~~~~~~~~~~~~~~~~~~~~~~~~~~~~~~~~
36       });
   ~~~~~~~

client/src/pages/plugin-manager.tsx:58:53 - error TS2345: Argument of type '{ method: string; body: string; }' is not assignable to parameter of type 'string'.

58       return await apiRequest(`/api/plugins/${id}`, {
                                                       ~
59         method: "PUT",
   ~~~~~~~~~~~~~~~~~~~~~~
60         body: JSON.stringify(data),
   ~~~~~~~~~~~~~~~~~~~~~~~~~~~~~~~~~~~
61       });
   ~~~~~~~

client/src/pages/plugin-manager.tsx:73:53 - error TS2345: Argument of type '{ method: string; }' is not assignable to parameter of type 'string'.

73       return await apiRequest(`/api/plugins/${id}`, {
                                                       ~
74         method: "DELETE",
   ~~~~~~~~~~~~~~~~~~~~~~~~~
75       });
   ~~~~~~~

client/src/pages/plugin-manager.tsx:155:19 - error TS2339: Property 'map' does not exist on type '{}'.

155         {plugins?.map((plugin: Plugin) => (
                      ~~~

client/src/pages/plugin-manager.tsx:204:17 - error TS2339: Property 'length' does not exist on type '{}'.

204       {plugins?.length === 0 && (
                    ~~~~~~

server/python-integration.ts:212:9 - error TS2322: Type 'number[]' is not assignable to type '[number, number]'.
  Target requires 2 element(s) but source may have fewer.

212         time_range: timeRange,
            ~~~~~~~~~~

  server/python-integration.ts:13:3
    13   time_range?: [number, number];
         ~~~~~~~~~~
    The expected type comes from property 'time_range' which is declared here on type 'PythonBackendResponse'


Found 101 errors in 10 files.

Errors  Files
    33  client/src/components/widget-wizard/__tests__/widget-manager.test.tsx:62
    31  client/src/components/widget-wizard/__tests__/widget-wizard.test.tsx:71
     1  client/src/hooks/use-debug-player.ts:54
     3  client/src/lib/mock-data.ts:41
     7  client/src/lib/plugin-templates.ts:85
     2  client/src/lib/widget-engine.ts:156
    17  client/src/lib/widget-templates.ts:58
     1  client/src/pages/debug-player.tsx:123
     5  client/src/pages/plugin-manager.tsx:33
     1  server/python-integration.ts:212
