{"/home/runner/workspace/client/src/App.tsx": {"path":"/home/runner/workspace/client/src/App.tsx","statementMap":{"0":{"start":{"line":1,"column":0},"end":{"line":1,"column":39}},"1":{"start":{"line":2,"column":0},"end":{"line":2,"column":48}},"2":{"start":{"line":3,"column":0},"end":{"line":3,"column":60}},"3":{"start":{"line":4,"column":0},"end":{"line":4,"column":50}},"4":{"start":{"line":5,"column":0},"end":{"line":5,"column":58}},"5":{"start":{"line":6,"column":0},"end":{"line":6,"column":41}},"6":{"start":{"line":7,"column":0},"end":{"line":7,"column":47}},"7":{"start":{"line":8,"column":0},"end":{"line":8,"column":51}},"8":{"start":{"line":9,"column":0},"end":{"line":9,"column":45}},"9":{"start":{"line":10,"column":0},"end":{"line":10,"column":55}},"10":{"start":{"line":11,"column":0},"end":{"line":11,"column":51}},"11":{"start":{"line":12,"column":0},"end":{"line":12,"column":49}},"12":{"start":{"line":15,"column":2},"end":{"line":29,"column":4}},"13":{"start":{"line":33,"column":2},"end":{"line":40,"column":4}},"14":{"start":{"line":43,"column":0},"end":{"line":43,"column":19}}},"fnMap":{"0":{"name":"Router","decl":{"start":{"line":14,"column":9},"end":{"line":14,"column":15}},"loc":{"start":{"line":14,"column":15},"end":{"line":30,"column":1}}},"1":{"name":"App","decl":{"start":{"line":32,"column":9},"end":{"line":32,"column":12}},"loc":{"start":{"line":32,"column":12},"end":{"line":41,"column":1}}}},"branchMap":{},"s":{"0":0,"1":0,"2":0,"3":0,"4":0,"5":0,"6":0,"7":0,"8":0,"9":0,"10":0,"11":0,"12":0,"13":0,"14":0},"f":{"0":0,"1":0},"b":{}}
,"/home/runner/workspace/client/src/components/actual-data-instructions.tsx": {"path":"/home/runner/workspace/client/src/components/actual-data-instructions.tsx","statementMap":{"0":{"start":{"line":6,"column":0},"end":{"line":6,"column":24}},"1":{"start":{"line":1,"column":0},"end":{"line":1,"column":64}},"2":{"start":{"line":2,"column":0},"end":{"line":2,"column":97}},"3":{"start":{"line":3,"column":0},"end":{"line":3,"column":46}},"4":{"start":{"line":4,"column":0},"end":{"line":4,"column":73}},"5":{"start":{"line":7,"column":2},"end":{"line":86,"column":4}}},"fnMap":{"0":{"name":"ActualDataInstructions","decl":{"start":{"line":6,"column":24},"end":{"line":6,"column":46}},"loc":{"start":{"line":6,"column":46},"end":{"line":87,"column":1}}}},"branchMap":{},"s":{"0":0,"1":0,"2":0,"3":0,"4":0,"5":0},"f":{"0":0},"b":{}}
,"/home/runner/workspace/client/src/components/data-loader.tsx": {"path":"/home/runner/workspace/client/src/components/data-loader.tsx","statementMap":{"0":{"start":{"line":16,"column":0},"end":{"line":16,"column":24}},"1":{"start":{"line":1,"column":0},"end":{"line":1,"column":33}},"2":{"start":{"line":2,"column":0},"end":{"line":2,"column":48}},"3":{"start":{"line":3,"column":0},"end":{"line":3,"column":97}},"4":{"start":{"line":4,"column":0},"end":{"line":4,"column":46}},"5":{"start":{"line":5,"column":0},"end":{"line":5,"column":46}},"6":{"start":{"line":6,"column":0},"end":{"line":6,"column":52}},"7":{"start":{"line":7,"column":0},"end":{"line":7,"column":103}},"8":{"start":{"line":8,"column":0},"end":{"line":8,"column":105}},"9":{"start":{"line":9,"column":0},"end":{"line":9,"column":45}},"10":{"start":{"line":10,"column":0},"end":{"line":10,"column":47}},"11":{"start":{"line":17,"column":42},"end":{"line":17,"column":69}},"12":{"start":{"line":18,"column":34},"end":{"line":18,"column":84}},"13":{"start":{"line":19,"column":38},"end":{"line":19,"column":70}},"14":{"start":{"line":20,"column":36},"end":{"line":20,"column":51}},"15":{"start":{"line":21,"column":46},"end":{"line":21,"column":57}},"16":{"start":{"line":22,"column":44},"end":{"line":22,"column":64}},"17":{"start":{"line":23,"column":40},"end":{"line":23,"column":73}},"18":{"start":{"line":24,"column":20},"end":{"line":24,"column":30}},"19":{"start":{"line":26,"column":22},"end":{"line":32,"column":4}},"20":{"start":{"line":34,"column":27},"end":{"line":64,"column":3}},"21":{"start":{"line":35,"column":17},"end":{"line":35,"column":40}},"22":{"start":{"line":36,"column":4},"end":{"line":63,"column":5}},"23":{"start":{"line":37,"column":6},"end":{"line":37,"column":28}},"24":{"start":{"line":40,"column":27},"end":{"line":40,"column":64}},"25":{"start":{"line":41,"column":28},"end":{"line":41,"column":89}},"26":{"start":{"line":43,"column":6},"end":{"line":51,"column":7}},"27":{"start":{"line":44,"column":8},"end":{"line":48,"column":11}},"28":{"start":{"line":49,"column":8},"end":{"line":49,"column":30}},"29":{"start":{"line":50,"column":8},"end":{"line":50,"column":15}},"30":{"start":{"line":54,"column":6},"end":{"line":62,"column":7}},"31":{"start":{"line":55,"column":8},"end":{"line":59,"column":11}},"32":{"start":{"line":60,"column":8},"end":{"line":60,"column":30}},"33":{"start":{"line":61,"column":8},"end":{"line":61,"column":15}},"34":{"start":{"line":66,"column":29},"end":{"line":159,"column":4}},"35":{"start":{"line":66,"column":40},"end":{"line":159,"column":4}},"36":{"start":{"line":67,"column":4},"end":{"line":74,"column":5}},"37":{"start":{"line":68,"column":6},"end":{"line":72,"column":9}},"38":{"start":{"line":73,"column":6},"end":{"line":73,"column":13}},"39":{"start":{"line":76,"column":4},"end":{"line":76,"column":23}},"40":{"start":{"line":77,"column":4},"end":{"line":77,"column":25}},"41":{"start":{"line":78,"column":4},"end":{"line":78,"column":45}},"42":{"start":{"line":80,"column":4},"end":{"line":158,"column":5}},"43":{"start":{"line":82,"column":31},"end":{"line":90,"column":13}},"44":{"start":{"line":83,"column":8},"end":{"line":89,"column":11}},"45":{"start":{"line":84,"column":10},"end":{"line":87,"column":11}},"46":{"start":{"line":85,"column":12},"end":{"line":85,"column":44}},"47":{"start":{"line":86,"column":12},"end":{"line":86,"column":24}},"48":{"start":{"line":88,"column":10},"end":{"line":88,"column":27}},"49":{"start":{"line":92,"column":6},"end":{"line":92,"column":45}},"50":{"start":{"line":95,"column":23},"end":{"line":104,"column":8}},"51":{"start":{"line":106,"column":21},"end":{"line":106,"column":42}},"52":{"start":{"line":109,"column":6},"end":{"line":111,"column":7}},"53":{"start":{"line":110,"column":8},"end":{"line":110,"column":79}},"54":{"start":{"line":113,"column":6},"end":{"line":113,"column":29}},"55":{"start":{"line":114,"column":6},"end":{"line":114,"column":46}},"56":{"start":{"line":117,"column":26},"end":{"line":125,"column":8}},"57":{"start":{"line":127,"column":30},"end":{"line":127,"column":84}},"58":{"start":{"line":128,"column":22},"end":{"line":128,"column":50}},"59":{"start":{"line":130,"column":6},"end":{"line":130,"column":38}},"60":{"start":{"line":131,"column":6},"end":{"line":131,"column":36}},"61":{"start":{"line":133,"column":6},"end":{"line":138,"column":9}},"62":{"start":{"line":140,"column":6},"end":{"line":145,"column":9}},"63":{"start":{"line":148,"column":6},"end":{"line":148,"column":42}},"64":{"start":{"line":149,"column":6},"end":{"line":153,"column":9}},"65":{"start":{"line":155,"column":6},"end":{"line":155,"column":26}},"66":{"start":{"line":156,"column":6},"end":{"line":156,"column":27}},"67":{"start":{"line":157,"column":6},"end":{"line":157,"column":27}},"68":{"start":{"line":161,"column":23},"end":{"line":249,"column":4}},"69":{"start":{"line":161,"column":34},"end":{"line":249,"column":4}},"70":{"start":{"line":162,"column":4},"end":{"line":169,"column":5}},"71":{"start":{"line":163,"column":6},"end":{"line":167,"column":9}},"72":{"start":{"line":168,"column":6},"end":{"line":168,"column":13}},"73":{"start":{"line":171,"column":4},"end":{"line":171,"column":23}},"74":{"start":{"line":172,"column":4},"end":{"line":172,"column":25}},"75":{"start":{"line":173,"column":4},"end":{"line":173,"column":42}},"76":{"start":{"line":175,"column":4},"end":{"line":248,"column":5}},"77":{"start":{"line":176,"column":23},"end":{"line":176,"column":37}},"78":{"start":{"line":177,"column":6},"end":{"line":177,"column":44}},"79":{"start":{"line":178,"column":6},"end":{"line":178,"column":49}},"80":{"start":{"line":181,"column":31},"end":{"line":189,"column":13}},"81":{"start":{"line":182,"column":8},"end":{"line":188,"column":11}},"82":{"start":{"line":183,"column":10},"end":{"line":186,"column":11}},"83":{"start":{"line":184,"column":12},"end":{"line":184,"column":44}},"84":{"start":{"line":185,"column":12},"end":{"line":185,"column":24}},"85":{"start":{"line":187,"column":10},"end":{"line":187,"column":27}},"86":{"start":{"line":191,"column":6},"end":{"line":191,"column":45}},"87":{"start":{"line":194,"column":23},"end":{"line":197,"column":8}},"88":{"start":{"line":199,"column":6},"end":{"line":201,"column":7}},"89":{"start":{"line":200,"column":8},"end":{"line":200,"column":65}},"90":{"start":{"line":203,"column":21},"end":{"line":203,"column":42}},"91":{"start":{"line":205,"column":6},"end":{"line":205,"column":29}},"92":{"start":{"line":206,"column":6},"end":{"line":206,"column":46}},"93":{"start":{"line":209,"column":26},"end":{"line":217,"column":8}},"94":{"start":{"line":219,"column":30},"end":{"line":219,"column":84}},"95":{"start":{"line":220,"column":22},"end":{"line":220,"column":50}},"96":{"start":{"line":222,"column":6},"end":{"line":222,"column":38}},"97":{"start":{"line":223,"column":6},"end":{"line":223,"column":36}},"98":{"start":{"line":225,"column":6},"end":{"line":228,"column":9}},"99":{"start":{"line":230,"column":6},"end":{"line":235,"column":9}},"100":{"start":{"line":238,"column":6},"end":{"line":238,"column":44}},"101":{"start":{"line":239,"column":6},"end":{"line":243,"column":9}},"102":{"start":{"line":245,"column":6},"end":{"line":245,"column":26}},"103":{"start":{"line":246,"column":6},"end":{"line":246,"column":27}},"104":{"start":{"line":247,"column":6},"end":{"line":247,"column":27}},"105":{"start":{"line":251,"column":25},"end":{"line":257,"column":3}},"106":{"start":{"line":252,"column":4},"end":{"line":252,"column":38}},"107":{"start":{"line":252,"column":21},"end":{"line":252,"column":38}},"108":{"start":{"line":253,"column":14},"end":{"line":253,"column":18}},"109":{"start":{"line":254,"column":18},"end":{"line":254,"column":45}},"110":{"start":{"line":255,"column":14},"end":{"line":255,"column":55}},"111":{"start":{"line":256,"column":4},"end":{"line":256,"column":76}},"112":{"start":{"line":259,"column":2},"end":{"line":465,"column":4}},"113":{"start":{"line":279,"column":31},"end":{"line":279,"column":53}},"114":{"start":{"line":288,"column":31},"end":{"line":288,"column":53}},"115":{"start":{"line":305,"column":33},"end":{"line":305,"column":60}},"116":{"start":{"line":343,"column":18},"end":{"line":343,"column":47}},"117":{"start":{"line":375,"column":53},"end":{"line":375,"column":75}}},"fnMap":{"0":{"name":"DataLoader","decl":{"start":{"line":16,"column":24},"end":{"line":16,"column":34}},"loc":{"start":{"line":16,"column":70},"end":{"line":466,"column":1}}},"1":{"name":"(anonymous_8)","decl":{"start":{"line":34,"column":27},"end":{"line":34,"column":28}},"loc":{"start":{"line":34,"column":74},"end":{"line":64,"column":3}}},"2":{"name":"(anonymous_9)","decl":{"start":{"line":66,"column":29},"end":{"line":66,"column":38}},"loc":{"start":{"line":66,"column":40},"end":{"line":159,"column":4}}},"3":{"name":"(anonymous_10)","decl":{"start":{"line":66,"column":40},"end":{"line":66,"column":null}},"loc":{"start":{"line":66,"column":40},"end":{"line":159,"column":3}}},"4":{"name":"(anonymous_11)","decl":{"start":{"line":82,"column":43},"end":{"line":82,"column":46}},"loc":{"start":{"line":82,"column":48},"end":{"line":90,"column":7}}},"5":{"name":"(anonymous_12)","decl":{"start":{"line":83,"column":26},"end":{"line":83,"column":30}},"loc":{"start":{"line":83,"column":33},"end":{"line":89,"column":9}}},"6":{"name":"(anonymous_13)","decl":{"start":{"line":161,"column":23},"end":{"line":161,"column":32}},"loc":{"start":{"line":161,"column":34},"end":{"line":249,"column":4}}},"7":{"name":"(anonymous_14)","decl":{"start":{"line":161,"column":34},"end":{"line":161,"column":null}},"loc":{"start":{"line":161,"column":34},"end":{"line":249,"column":3}}},"8":{"name":"(anonymous_15)","decl":{"start":{"line":181,"column":43},"end":{"line":181,"column":46}},"loc":{"start":{"line":181,"column":48},"end":{"line":189,"column":7}}},"9":{"name":"(anonymous_16)","decl":{"start":{"line":182,"column":26},"end":{"line":182,"column":30}},"loc":{"start":{"line":182,"column":33},"end":{"line":188,"column":9}}},"10":{"name":"(anonymous_17)","decl":{"start":{"line":251,"column":25},"end":{"line":251,"column":26}},"loc":{"start":{"line":251,"column":43},"end":{"line":257,"column":3}}},"11":{"name":"(anonymous_18)","decl":{"start":{"line":279,"column":25},"end":{"line":279,"column":28}},"loc":{"start":{"line":279,"column":31},"end":{"line":279,"column":53}}},"12":{"name":"(anonymous_19)","decl":{"start":{"line":288,"column":25},"end":{"line":288,"column":28}},"loc":{"start":{"line":288,"column":31},"end":{"line":288,"column":53}}},"13":{"name":"(anonymous_20)","decl":{"start":{"line":305,"column":26},"end":{"line":305,"column":27}},"loc":{"start":{"line":305,"column":33},"end":{"line":305,"column":60}}},"14":{"name":"(anonymous_21)","decl":{"start":{"line":342,"column":33},"end":{"line":342,"column":34}},"loc":{"start":{"line":343,"column":18},"end":{"line":343,"column":47}}},"15":{"name":"(anonymous_22)","decl":{"start":{"line":375,"column":48},"end":{"line":375,"column":49}},"loc":{"start":{"line":375,"column":53},"end":{"line":375,"column":75}}}},"branchMap":{"0":{"loc":{"start":{"line":35,"column":17},"end":{"line":35,"column":40}},"type":"cond-expr","locations":[{"start":{"line":35,"column":35},"end":{"line":35,"column":38}},{"start":{"line":35,"column":35},"end":{"line":35,"column":40}}]},"1":{"loc":{"start":{"line":35,"column":17},"end":{"line":35,"column":38}},"type":"binary-expr","locations":[{"start":{"line":35,"column":17},"end":{"line":35,"column":38}},{"start":{"line":35,"column":35},"end":{"line":35,"column":38}}]},"2":{"loc":{"start":{"line":36,"column":4},"end":{"line":63,"column":5}},"type":"if","locations":[{"start":{"line":36,"column":4},"end":{"line":63,"column":5}},{"start":{},"end":{}}]},"3":{"loc":{"start":{"line":43,"column":6},"end":{"line":51,"column":7}},"type":"if","locations":[{"start":{"line":43,"column":6},"end":{"line":51,"column":7}},{"start":{},"end":{}}]},"4":{"loc":{"start":{"line":54,"column":6},"end":{"line":62,"column":7}},"type":"if","locations":[{"start":{"line":54,"column":6},"end":{"line":62,"column":7}},{"start":{},"end":{}}]},"5":{"loc":{"start":{"line":67,"column":4},"end":{"line":74,"column":5}},"type":"if","locations":[{"start":{"line":67,"column":4},"end":{"line":74,"column":5}},{"start":{},"end":{}}]},"6":{"loc":{"start":{"line":84,"column":10},"end":{"line":87,"column":11}},"type":"if","locations":[{"start":{"line":84,"column":10},"end":{"line":87,"column":11}},{"start":{},"end":{}}]},"7":{"loc":{"start":{"line":109,"column":6},"end":{"line":111,"column":7}},"type":"if","locations":[{"start":{"line":109,"column":6},"end":{"line":111,"column":7}},{"start":{},"end":{}}]},"8":{"loc":{"start":{"line":109,"column":10},"end":{"line":109,"column":44}},"type":"binary-expr","locations":[{"start":{"line":109,"column":10},"end":{"line":109,"column":22}},{"start":{"line":109,"column":26},"end":{"line":109,"column":44}}]},"9":{"loc":{"start":{"line":110,"column":24},"end":{"line":110,"column":77}},"type":"binary-expr","locations":[{"start":{"line":110,"column":24},"end":{"line":110,"column":36}},{"start":{"line":110,"column":40},"end":{"line":110,"column":77}}]},"10":{"loc":{"start":{"line":118,"column":14},"end":{"line":118,"column":108}},"type":"cond-expr","locations":[{"start":{"line":118,"column":39},"end":{"line":118,"column":70}},{"start":{"line":118,"column":73},"end":{"line":118,"column":108}}]},"11":{"loc":{"start":{"line":118,"column":39},"end":{"line":118,"column":70}},"type":"binary-expr","locations":[{"start":{"line":118,"column":39},"end":{"line":118,"column":57}},{"start":{"line":118,"column":61},"end":{"line":118,"column":70}}]},"12":{"loc":{"start":{"line":118,"column":39},"end":{"line":118,"column":57}},"type":"cond-expr","locations":[{"start":{"line":118,"column":51},"end":{"line":118,"column":53}},{"start":{"line":118,"column":39},"end":{"line":118,"column":57}}]},"13":{"loc":{"start":{"line":118,"column":39},"end":{"line":118,"column":53}},"type":"binary-expr","locations":[{"start":{"line":118,"column":39},"end":{"line":118,"column":53}},{"start":{"line":118,"column":39},"end":{"line":118,"column":53}}]},"14":{"loc":{"start":{"line":119,"column":18},"end":{"line":119,"column":85}},"type":"cond-expr","locations":[{"start":{"line":119,"column":43},"end":{"line":119,"column":74}},{"start":{"line":119,"column":77},"end":{"line":119,"column":85}}]},"15":{"loc":{"start":{"line":119,"column":43},"end":{"line":119,"column":74}},"type":"binary-expr","locations":[{"start":{"line":119,"column":43},"end":{"line":119,"column":61}},{"start":{"line":119,"column":65},"end":{"line":119,"column":74}}]},"16":{"loc":{"start":{"line":119,"column":43},"end":{"line":119,"column":61}},"type":"cond-expr","locations":[{"start":{"line":119,"column":55},"end":{"line":119,"column":57}},{"start":{"line":119,"column":43},"end":{"line":119,"column":61}}]},"17":{"loc":{"start":{"line":119,"column":43},"end":{"line":119,"column":57}},"type":"binary-expr","locations":[{"start":{"line":119,"column":43},"end":{"line":119,"column":57}},{"start":{"line":119,"column":43},"end":{"line":119,"column":57}}]},"18":{"loc":{"start":{"line":120,"column":18},"end":{"line":120,"column":90}},"type":"cond-expr","locations":[{"start":{"line":120,"column":43},"end":{"line":120,"column":66}},{"start":{"line":120,"column":69},"end":{"line":120,"column":90}}]},"19":{"loc":{"start":{"line":120,"column":43},"end":{"line":120,"column":66}},"type":"binary-expr","locations":[{"start":{"line":120,"column":43},"end":{"line":120,"column":61}},{"start":{"line":120,"column":65},"end":{"line":120,"column":66}}]},"20":{"loc":{"start":{"line":120,"column":43},"end":{"line":120,"column":61}},"type":"cond-expr","locations":[{"start":{"line":120,"column":55},"end":{"line":120,"column":57}},{"start":{"line":120,"column":43},"end":{"line":120,"column":61}}]},"21":{"loc":{"start":{"line":120,"column":43},"end":{"line":120,"column":57}},"type":"binary-expr","locations":[{"start":{"line":120,"column":43},"end":{"line":120,"column":57}},{"start":{"line":120,"column":43},"end":{"line":120,"column":57}}]},"22":{"loc":{"start":{"line":120,"column":69},"end":{"line":120,"column":90}},"type":"binary-expr","locations":[{"start":{"line":120,"column":69},"end":{"line":120,"column":85}},{"start":{"line":120,"column":89},"end":{"line":120,"column":90}}]},"23":{"loc":{"start":{"line":121,"column":18},"end":{"line":121,"column":40}},"type":"binary-expr","locations":[{"start":{"line":121,"column":18},"end":{"line":121,"column":33}},{"start":{"line":121,"column":37},"end":{"line":121,"column":40}}]},"24":{"loc":{"start":{"line":122,"column":19},"end":{"line":122,"column":41}},"type":"binary-expr","locations":[{"start":{"line":122,"column":19},"end":{"line":122,"column":35}},{"start":{"line":122,"column":39},"end":{"line":122,"column":41}}]},"25":{"loc":{"start":{"line":123,"column":21},"end":{"line":123,"column":84}},"type":"binary-expr","locations":[{"start":{"line":123,"column":21},"end":{"line":123,"column":40}},{"start":{"line":123,"column":44},"end":{"line":123,"column":84}}]},"26":{"loc":{"start":{"line":123,"column":56},"end":{"line":123,"column":76}},"type":"binary-expr","locations":[{"start":{"line":123,"column":56},"end":{"line":123,"column":70}},{"start":{"line":123,"column":74},"end":{"line":123,"column":76}}]},"27":{"loc":{"start":{"line":134,"column":15},"end":{"line":134,"column":82}},"type":"cond-expr","locations":[{"start":{"line":134,"column":35},"end":{"line":134,"column":53}},{"start":{"line":134,"column":56},"end":{"line":134,"column":82}}]},"28":{"loc":{"start":{"line":135,"column":21},"end":{"line":137,"column":99}},"type":"cond-expr","locations":[{"start":{"line":136,"column":10},"end":{"line":136,"column":45}},{"start":{"line":137,"column":10},"end":{"line":137,"column":99}}]},"29":{"loc":{"start":{"line":137,"column":13},"end":{"line":137,"column":67}},"type":"cond-expr","locations":[{"start":{"line":137,"column":38},"end":{"line":137,"column":56}},{"start":{"line":137,"column":59},"end":{"line":137,"column":67}}]},"30":{"loc":{"start":{"line":137,"column":38},"end":{"line":137,"column":56}},"type":"cond-expr","locations":[{"start":{"line":137,"column":50},"end":{"line":137,"column":52}},{"start":{"line":137,"column":38},"end":{"line":137,"column":56}}]},"31":{"loc":{"start":{"line":137,"column":38},"end":{"line":137,"column":52}},"type":"binary-expr","locations":[{"start":{"line":137,"column":38},"end":{"line":137,"column":52}},{"start":{"line":137,"column":38},"end":{"line":137,"column":52}}]},"32":{"loc":{"start":{"line":143,"column":17},"end":{"line":143,"column":37}},"type":"binary-expr","locations":[{"start":{"line":143,"column":17},"end":{"line":143,"column":31}},{"start":{"line":143,"column":35},"end":{"line":143,"column":37}}]},"33":{"loc":{"start":{"line":151,"column":21},"end":{"line":151,"column":80}},"type":"binary-expr","locations":[{"start":{"line":151,"column":21},"end":{"line":151,"column":34}},{"start":{"line":151,"column":38},"end":{"line":151,"column":80}}]},"34":{"loc":{"start":{"line":162,"column":4},"end":{"line":169,"column":5}},"type":"if","locations":[{"start":{"line":162,"column":4},"end":{"line":169,"column":5}},{"start":{},"end":{}}]},"35":{"loc":{"start":{"line":183,"column":10},"end":{"line":186,"column":11}},"type":"if","locations":[{"start":{"line":183,"column":10},"end":{"line":186,"column":11}},{"start":{},"end":{}}]},"36":{"loc":{"start":{"line":199,"column":6},"end":{"line":201,"column":7}},"type":"if","locations":[{"start":{"line":199,"column":6},"end":{"line":201,"column":7}},{"start":{},"end":{}}]},"37":{"loc":{"start":{"line":213,"column":18},"end":{"line":213,"column":38}},"type":"binary-expr","locations":[{"start":{"line":213,"column":18},"end":{"line":213,"column":33}},{"start":{"line":213,"column":37},"end":{"line":213,"column":38}}]},"38":{"loc":{"start":{"line":214,"column":19},"end":{"line":214,"column":41}},"type":"binary-expr","locations":[{"start":{"line":214,"column":19},"end":{"line":214,"column":35}},{"start":{"line":214,"column":39},"end":{"line":214,"column":41}}]},"39":{"loc":{"start":{"line":215,"column":21},"end":{"line":215,"column":45}},"type":"binary-expr","locations":[{"start":{"line":215,"column":21},"end":{"line":215,"column":40}},{"start":{"line":215,"column":44},"end":{"line":215,"column":45}}]},"40":{"loc":{"start":{"line":233,"column":17},"end":{"line":233,"column":37}},"type":"binary-expr","locations":[{"start":{"line":233,"column":17},"end":{"line":233,"column":31}},{"start":{"line":233,"column":35},"end":{"line":233,"column":37}}]},"41":{"loc":{"start":{"line":241,"column":21},"end":{"line":241,"column":82}},"type":"binary-expr","locations":[{"start":{"line":241,"column":21},"end":{"line":241,"column":34}},{"start":{"line":241,"column":38},"end":{"line":241,"column":82}}]},"42":{"loc":{"start":{"line":252,"column":4},"end":{"line":252,"column":38}},"type":"if","locations":[{"start":{"line":252,"column":4},"end":{"line":252,"column":38}},{"start":{},"end":{}}]},"43":{"loc":{"start":{"line":278,"column":25},"end":{"line":278,"column":71}},"type":"cond-expr","locations":[{"start":{"line":278,"column":50},"end":{"line":278,"column":59}},{"start":{"line":278,"column":62},"end":{"line":278,"column":71}}]},"44":{"loc":{"start":{"line":287,"column":25},"end":{"line":287,"column":71}},"type":"cond-expr","locations":[{"start":{"line":287,"column":50},"end":{"line":287,"column":59}},{"start":{"line":287,"column":62},"end":{"line":287,"column":71}}]},"45":{"loc":{"start":{"line":299,"column":11},"end":{"line":312,"column":null}},"type":"binary-expr","locations":[{"start":{"line":299,"column":11},"end":{"line":299,"column":33}},{"start":{"line":300,"column":12},"end":{"line":311,"column":null}}]},"46":{"loc":{"start":{"line":316,"column":11},"end":{"line":331,"column":null}},"type":"binary-expr","locations":[{"start":{"line":316,"column":11},"end":{"line":316,"column":33}},{"start":{"line":317,"column":12},"end":{"line":330,"column":null}}]},"47":{"loc":{"start":{"line":355,"column":11},"end":{"line":381,"column":18}},"type":"cond-expr","locations":[{"start":{"line":356,"column":12},"end":{"line":379,"column":null}},{"start":{"line":381,"column":14},"end":{"line":381,"column":18}}]},"48":{"loc":{"start":{"line":355,"column":11},"end":{"line":355,"column":91}},"type":"binary-expr","locations":[{"start":{"line":355,"column":12},"end":{"line":355,"column":34}},{"start":{"line":355,"column":38},"end":{"line":355,"column":50}},{"start":{"line":355,"column":56},"end":{"line":355,"column":78}},{"start":{"line":355,"column":82},"end":{"line":355,"column":90}}]},"49":{"loc":{"start":{"line":359,"column":19},"end":{"line":362,"column":null}},"type":"cond-expr","locations":[{"start":{"line":360,"column":20},"end":{"line":360,"column":65}},{"start":{"line":362,"column":20},"end":{"line":362,"column":67}}]},"50":{"loc":{"start":{"line":366,"column":23},"end":{"line":366,"column":94}},"type":"cond-expr","locations":[{"start":{"line":366,"column":48},"end":{"line":366,"column":66}},{"start":{"line":366,"column":69},"end":{"line":366,"column":94}}]},"51":{"loc":{"start":{"line":366,"column":48},"end":{"line":366,"column":66}},"type":"cond-expr","locations":[{"start":{"line":366,"column":60},"end":{"line":366,"column":62}},{"start":{"line":366,"column":48},"end":{"line":366,"column":66}}]},"52":{"loc":{"start":{"line":366,"column":48},"end":{"line":366,"column":62}},"type":"binary-expr","locations":[{"start":{"line":366,"column":48},"end":{"line":366,"column":62}},{"start":{"line":366,"column":48},"end":{"line":366,"column":62}}]},"53":{"loc":{"start":{"line":369,"column":23},"end":{"line":369,"column":111}},"type":"cond-expr","locations":[{"start":{"line":369,"column":48},"end":{"line":369,"column":87}},{"start":{"line":369,"column":90},"end":{"line":369,"column":111}}]},"54":{"loc":{"start":{"line":369,"column":63},"end":{"line":369,"column":86}},"type":"binary-expr","locations":[{"start":{"line":369,"column":63},"end":{"line":369,"column":81}},{"start":{"line":369,"column":85},"end":{"line":369,"column":86}}]},"55":{"loc":{"start":{"line":369,"column":63},"end":{"line":369,"column":81}},"type":"cond-expr","locations":[{"start":{"line":369,"column":75},"end":{"line":369,"column":77}},{"start":{"line":369,"column":63},"end":{"line":369,"column":81}}]},"56":{"loc":{"start":{"line":369,"column":63},"end":{"line":369,"column":77}},"type":"binary-expr","locations":[{"start":{"line":369,"column":63},"end":{"line":369,"column":77}},{"start":{"line":369,"column":63},"end":{"line":369,"column":77}}]},"57":{"loc":{"start":{"line":375,"column":31},"end":{"line":375,"column":83}},"type":"cond-expr","locations":[{"start":{"line":375,"column":76},"end":{"line":375,"column":78}},{"start":{"line":375,"column":76},"end":{"line":375,"column":83}}]},"58":{"loc":{"start":{"line":375,"column":31},"end":{"line":375,"column":78}},"type":"binary-expr","locations":[{"start":{"line":375,"column":31},"end":{"line":375,"column":78}},{"start":{"line":375,"column":76},"end":{"line":375,"column":78}}]},"59":{"loc":{"start":{"line":384,"column":11},"end":{"line":394,"column":null}},"type":"binary-expr","locations":[{"start":{"line":384,"column":11},"end":{"line":384,"column":20}},{"start":{"line":385,"column":12},"end":{"line":393,"column":null}}]},"60":{"loc":{"start":{"line":399,"column":21},"end":{"line":399,"column":79}},"type":"cond-expr","locations":[{"start":{"line":399,"column":46},"end":{"line":399,"column":64}},{"start":{"line":399,"column":67},"end":{"line":399,"column":79}}]},"61":{"loc":{"start":{"line":401,"column":14},"end":{"line":403,"column":23}},"type":"binary-expr","locations":[{"start":{"line":401,"column":15},"end":{"line":401,"column":37}},{"start":{"line":401,"column":41},"end":{"line":401,"column":54}},{"start":{"line":402,"column":15},"end":{"line":402,"column":37}},{"start":{"line":402,"column":41},"end":{"line":402,"column":57}},{"start":{"line":403,"column":14},"end":{"line":403,"column":23}}]},"62":{"loc":{"start":{"line":408,"column":13},"end":{"line":417,"column":null}},"type":"cond-expr","locations":[{"start":{"line":409,"column":14},"end":{"line":411,"column":null}},{"start":{"line":414,"column":14},"end":{"line":416,"column":null}}]},"63":{"loc":{"start":{"line":416,"column":17},"end":{"line":416,"column":74}},"type":"cond-expr","locations":[{"start":{"line":416,"column":42},"end":{"line":416,"column":58}},{"start":{"line":416,"column":61},"end":{"line":416,"column":74}}]}},"s":{"0":0,"1":0,"2":0,"3":0,"4":0,"5":0,"6":0,"7":0,"8":0,"9":0,"10":0,"11":0,"12":0,"13":0,"14":0,"15":0,"16":0,"17":0,"18":0,"19":0,"20":0,"21":0,"22":0,"23":0,"24":0,"25":0,"26":0,"27":0,"28":0,"29":0,"30":0,"31":0,"32":0,"33":0,"34":0,"35":0,"36":0,"37":0,"38":0,"39":0,"40":0,"41":0,"42":0,"43":0,"44":0,"45":0,"46":0,"47":0,"48":0,"49":0,"50":0,"51":0,"52":0,"53":0,"54":0,"55":0,"56":0,"57":0,"58":0,"59":0,"60":0,"61":0,"62":0,"63":0,"64":0,"65":0,"66":0,"67":0,"68":0,"69":0,"70":0,"71":0,"72":0,"73":0,"74":0,"75":0,"76":0,"77":0,"78":0,"79":0,"80":0,"81":0,"82":0,"83":0,"84":0,"85":0,"86":0,"87":0,"88":0,"89":0,"90":0,"91":0,"92":0,"93":0,"94":0,"95":0,"96":0,"97":0,"98":0,"99":0,"100":0,"101":0,"102":0,"103":0,"104":0,"105":0,"106":0,"107":0,"108":0,"109":0,"110":0,"111":0,"112":0,"113":0,"114":0,"115":0,"116":0,"117":0},"f":{"0":0,"1":0,"2":0,"3":0,"4":0,"5":0,"6":0,"7":0,"8":0,"9":0,"10":0,"11":0,"12":0,"13":0,"14":0,"15":0},"b":{"0":[0,0],"1":[0,0],"2":[0,0],"3":[0,0],"4":[0,0],"5":[0,0],"6":[0,0],"7":[0,0],"8":[0,0],"9":[0,0],"10":[0,0],"11":[0,0],"12":[0,0],"13":[0,0],"14":[0,0],"15":[0,0],"16":[0,0],"17":[0,0],"18":[0,0],"19":[0,0],"20":[0,0],"21":[0,0],"22":[0,0],"23":[0,0],"24":[0,0],"25":[0,0],"26":[0,0],"27":[0,0],"28":[0,0],"29":[0,0],"30":[0,0],"31":[0,0],"32":[0,0],"33":[0,0],"34":[0,0],"35":[0,0],"36":[0,0],"37":[0,0],"38":[0,0],"39":[0,0],"40":[0,0],"41":[0,0],"42":[0,0],"43":[0,0],"44":[0,0],"45":[0,0],"46":[0,0],"47":[0,0],"48":[0,0,0,0],"49":[0,0],"50":[0,0],"51":[0,0],"52":[0,0],"53":[0,0],"54":[0,0],"55":[0,0],"56":[0,0],"57":[0,0],"58":[0,0],"59":[0,0],"60":[0,0],"61":[0,0,0,0,0],"62":[0,0],"63":[0,0]}}
,"/home/runner/workspace/client/src/components/demo-trip-loader.tsx": {"path":"/home/runner/workspace/client/src/components/demo-trip-loader.tsx","statementMap":{"0":{"start":{"line":9,"column":0},"end":{"line":9,"column":24}},"1":{"start":{"line":1,"column":0},"end":{"line":1,"column":33}},"2":{"start":{"line":2,"column":0},"end":{"line":2,"column":97}},"3":{"start":{"line":3,"column":0},"end":{"line":3,"column":48}},"4":{"start":{"line":5,"column":0},"end":{"line":5,"column":64}},"5":{"start":{"line":6,"column":0},"end":{"line":6,"column":52}},"6":{"start":{"line":7,"column":0},"end":{"line":7,"column":92}},"7":{"start":{"line":10,"column":40},"end":{"line":10,"column":51}},"8":{"start":{"line":11,"column":36},"end":{"line":11,"column":51}},"9":{"start":{"line":13,"column":24},"end":{"line":24,"column":4}},"10":{"start":{"line":26,"column":23},"end":{"line":33,"column":4}},"11":{"start":{"line":35,"column":25},"end":{"line":44,"column":4}},"12":{"start":{"line":35,"column":36},"end":{"line":44,"column":4}},"13":{"start":{"line":36,"column":4},"end":{"line":36,"column":23}},"14":{"start":{"line":38,"column":4},"end":{"line":41,"column":5}},"15":{"start":{"line":38,"column":17},"end":{"line":38,"column":18}},"16":{"start":{"line":39,"column":6},"end":{"line":39,"column":24}},"17":{"start":{"line":40,"column":6},"end":{"line":40,"column":61}},"18":{"start":{"line":40,"column":35},"end":{"line":40,"column":59}},"19":{"start":{"line":43,"column":4},"end":{"line":43,"column":24}},"20":{"start":{"line":46,"column":19},"end":{"line":46,"column":64}},"21":{"start":{"line":48,"column":2},"end":{"line":154,"column":4}},"22":{"start":{"line":92,"column":16},"end":{"line":92,"column":33}}},"fnMap":{"0":{"name":"DemoTripLoader","decl":{"start":{"line":9,"column":24},"end":{"line":9,"column":38}},"loc":{"start":{"line":9,"column":38},"end":{"line":155,"column":1}}},"1":{"name":"(anonymous_8)","decl":{"start":{"line":35,"column":25},"end":{"line":35,"column":34}},"loc":{"start":{"line":35,"column":36},"end":{"line":44,"column":4}}},"2":{"name":"(anonymous_9)","decl":{"start":{"line":35,"column":36},"end":{"line":35,"column":null}},"loc":{"start":{"line":35,"column":36},"end":{"line":44,"column":3}}},"3":{"name":"(anonymous_10)","decl":{"start":{"line":40,"column":24},"end":{"line":40,"column":31}},"loc":{"start":{"line":40,"column":35},"end":{"line":40,"column":59}}},"4":{"name":"(anonymous_11)","decl":{"start":{"line":91,"column":33},"end":{"line":91,"column":34}},"loc":{"start":{"line":92,"column":16},"end":{"line":92,"column":33}}}},"branchMap":{"0":{"loc":{"start":{"line":107,"column":15},"end":{"line":116,"column":null}},"type":"cond-expr","locations":[{"start":{"line":108,"column":16},"end":{"line":109,"column":null}},{"start":{"line":113,"column":16},"end":{"line":114,"column":null}}]},"1":{"loc":{"start":{"line":120,"column":13},"end":{"line":127,"column":null}},"type":"binary-expr","locations":[{"start":{"line":120,"column":13},"end":{"line":120,"column":22}},{"start":{"line":121,"column":14},"end":{"line":126,"column":null}}]},"2":{"loc":{"start":{"line":130,"column":13},"end":{"line":148,"column":null}},"type":"binary-expr","locations":[{"start":{"line":130,"column":13},"end":{"line":130,"column":23}},{"start":{"line":130,"column":27},"end":{"line":130,"column":66}},{"start":{"line":131,"column":14},"end":{"line":147,"column":null}}]}},"s":{"0":0,"1":0,"2":0,"3":0,"4":0,"5":0,"6":0,"7":0,"8":0,"9":0,"10":0,"11":0,"12":0,"13":0,"14":0,"15":0,"16":0,"17":0,"18":0,"19":0,"20":0,"21":0,"22":0},"f":{"0":0,"1":0,"2":0,"3":0,"4":0},"b":{"0":[0,0],"1":[0,0],"2":[0,0,0]}}
,"/home/runner/workspace/client/src/components/integration-status.tsx": {"path":"/home/runner/workspace/client/src/components/integration-status.tsx","statementMap":{"0":{"start":{"line":12,"column":0},"end":{"line":12,"column":24}},"1":{"start":{"line":1,"column":0},"end":{"line":1,"column":44}},"2":{"start":{"line":2,"column":0},"end":{"line":2,"column":97}},"3":{"start":{"line":3,"column":0},"end":{"line":3,"column":46}},"4":{"start":{"line":4,"column":0},"end":{"line":4,"column":48}},"5":{"start":{"line":5,"column":0},"end":{"line":5,"column":64}},"6":{"start":{"line":6,"column":0},"end":{"line":6,"column":89}},"7":{"start":{"line":13,"column":56},"end":{"line":13,"column":111}},"8":{"start":{"line":14,"column":32},"end":{"line":14,"column":51}},"9":{"start":{"line":15,"column":32},"end":{"line":15,"column":49}},"10":{"start":{"line":16,"column":36},"end":{"line":16,"column":62}},"11":{"start":{"line":18,"column":2},"end":{"line":20,"column":9}},"12":{"start":{"line":19,"column":4},"end":{"line":19,"column":29}},"13":{"start":{"line":22,"column":33},"end":{"line":60,"column":4}},"14":{"start":{"line":22,"column":44},"end":{"line":60,"column":4}},"15":{"start":{"line":23,"column":4},"end":{"line":59,"column":5}},"16":{"start":{"line":25,"column":30},"end":{"line":25,"column":64}},"17":{"start":{"line":26,"column":26},"end":{"line":26,"column":54}},"18":{"start":{"line":27,"column":6},"end":{"line":27,"column":30}},"19":{"start":{"line":30,"column":30},"end":{"line":30,"column":64}},"20":{"start":{"line":31,"column":26},"end":{"line":31,"column":54}},"21":{"start":{"line":32,"column":6},"end":{"line":32,"column":30}},"22":{"start":{"line":35,"column":27},"end":{"line":44,"column":8}},"23":{"start":{"line":46,"column":23},"end":{"line":46,"column":48}},"24":{"start":{"line":49,"column":6},"end":{"line":53,"column":7}},"25":{"start":{"line":50,"column":8},"end":{"line":50,"column":39}},"26":{"start":{"line":52,"column":8},"end":{"line":52,"column":44}},"27":{"start":{"line":55,"column":6},"end":{"line":55,"column":31}},"28":{"start":{"line":57,"column":6},"end":{"line":57,"column":56}},"29":{"start":{"line":58,"column":6},"end":{"line":58,"column":37}},"30":{"start":{"line":62,"column":24},"end":{"line":71,"column":3}},"31":{"start":{"line":63,"column":4},"end":{"line":70,"column":5}},"32":{"start":{"line":65,"column":8},"end":{"line":65,"column":66}},"33":{"start":{"line":67,"column":8},"end":{"line":67,"column":69}},"34":{"start":{"line":69,"column":8},"end":{"line":69,"column":82}},"35":{"start":{"line":73,"column":24},"end":{"line":82,"column":3}},"36":{"start":{"line":74,"column":4},"end":{"line":81,"column":5}},"37":{"start":{"line":76,"column":8},"end":{"line":76,"column":42}},"38":{"start":{"line":78,"column":8},"end":{"line":78,"column":49}},"39":{"start":{"line":80,"column":8},"end":{"line":80,"column":29}},"40":{"start":{"line":84,"column":2},"end":{"line":249,"column":4}},"41":{"start":{"line":128,"column":46},"end":{"line":135,"column":16}},"42":{"start":{"line":151,"column":16},"end":{"line":151,"column":32}}},"fnMap":{"0":{"name":"IntegrationStatus","decl":{"start":{"line":12,"column":24},"end":{"line":12,"column":41}},"loc":{"start":{"line":12,"column":84},"end":{"line":250,"column":1}}},"1":{"name":"(anonymous_8)","decl":{"start":{"line":18,"column":12},"end":{"line":18,"column":15}},"loc":{"start":{"line":18,"column":17},"end":{"line":20,"column":3}}},"2":{"name":"(anonymous_9)","decl":{"start":{"line":22,"column":33},"end":{"line":22,"column":42}},"loc":{"start":{"line":22,"column":44},"end":{"line":60,"column":4}}},"3":{"name":"(anonymous_10)","decl":{"start":{"line":22,"column":44},"end":{"line":22,"column":null}},"loc":{"start":{"line":22,"column":44},"end":{"line":60,"column":3}}},"4":{"name":"(anonymous_11)","decl":{"start":{"line":62,"column":24},"end":{"line":62,"column":25}},"loc":{"start":{"line":62,"column":43},"end":{"line":71,"column":3}}},"5":{"name":"(anonymous_12)","decl":{"start":{"line":73,"column":24},"end":{"line":73,"column":25}},"loc":{"start":{"line":73,"column":43},"end":{"line":82,"column":3}}},"6":{"name":"(anonymous_13)","decl":{"start":{"line":128,"column":27},"end":{"line":128,"column":28}},"loc":{"start":{"line":128,"column":45},"end":{"line":135,"column":16}}},"7":{"name":"(anonymous_14)","decl":{"start":{"line":150,"column":55},"end":{"line":150,"column":56}},"loc":{"start":{"line":151,"column":16},"end":{"line":151,"column":32}}}},"branchMap":{"0":{"loc":{"start":{"line":49,"column":6},"end":{"line":53,"column":7}},"type":"if","locations":[{"start":{"line":49,"column":6},"end":{"line":53,"column":7}},{"start":{"line":51,"column":13},"end":{"line":53,"column":7}}]},"1":{"loc":{"start":{"line":49,"column":10},"end":{"line":49,"column":54}},"type":"cond-expr","locations":[{"start":{"line":49,"column":26},"end":{"line":49,"column":28}},{"start":{"line":49,"column":26},"end":{"line":49,"column":54}}]},"2":{"loc":{"start":{"line":49,"column":10},"end":{"line":49,"column":28}},"type":"binary-expr","locations":[{"start":{"line":49,"column":10},"end":{"line":49,"column":28}},{"start":{"line":49,"column":26},"end":{"line":49,"column":28}}]},"3":{"loc":{"start":{"line":63,"column":4},"end":{"line":70,"column":5}},"type":"switch","locations":[{"start":{"line":64,"column":6},"end":{"line":65,"column":66}},{"start":{"line":66,"column":6},"end":{"line":67,"column":69}},{"start":{"line":68,"column":6},"end":{"line":69,"column":82}}]},"4":{"loc":{"start":{"line":74,"column":4},"end":{"line":81,"column":5}},"type":"switch","locations":[{"start":{"line":75,"column":6},"end":{"line":76,"column":42}},{"start":{"line":77,"column":6},"end":{"line":78,"column":49}},{"start":{"line":79,"column":6},"end":{"line":80,"column":29}}]},"5":{"loc":{"start":{"line":112,"column":28},"end":{"line":112,"column":89}},"type":"cond-expr","locations":[{"start":{"line":112,"column":66},"end":{"line":112,"column":75}},{"start":{"line":112,"column":78},"end":{"line":112,"column":89}}]},"6":{"loc":{"start":{"line":113,"column":15},"end":{"line":113,"column":68}},"type":"cond-expr","locations":[{"start":{"line":113,"column":53},"end":{"line":113,"column":59}},{"start":{"line":113,"column":62},"end":{"line":113,"column":68}}]},"7":{"loc":{"start":{"line":132,"column":21},"end":{"line":132,"column":48}},"type":"binary-expr","locations":[{"start":{"line":132,"column":21},"end":{"line":132,"column":43}},{"start":{"line":132,"column":47},"end":{"line":132,"column":48}}]},"8":{"loc":{"start":{"line":132,"column":21},"end":{"line":132,"column":43}},"type":"cond-expr","locations":[{"start":{"line":132,"column":35},"end":{"line":132,"column":37}},{"start":{"line":132,"column":35},"end":{"line":132,"column":43}}]},"9":{"loc":{"start":{"line":132,"column":21},"end":{"line":132,"column":37}},"type":"binary-expr","locations":[{"start":{"line":132,"column":21},"end":{"line":132,"column":37}},{"start":{"line":132,"column":35},"end":{"line":132,"column":37}}]},"10":{"loc":{"start":{"line":158,"column":15},"end":{"line":161,"column":null}},"type":"binary-expr","locations":[{"start":{"line":158,"column":15},"end":{"line":158,"column":46}},{"start":{"line":159,"column":16},"end":{"line":160,"column":null}}]},"11":{"loc":{"start":{"line":169,"column":24},"end":{"line":169,"column":122}},"type":"cond-expr","locations":[{"start":{"line":169,"column":57},"end":{"line":169,"column":89}},{"start":{"line":169,"column":92},"end":{"line":169,"column":122}}]},"12":{"loc":{"start":{"line":172,"column":11},"end":{"line":189,"column":null}},"type":"cond-expr","locations":[{"start":{"line":173,"column":12},"end":{"line":181,"column":null}},{"start":{"line":184,"column":12},"end":{"line":188,"column":null}}]}},"s":{"0":0,"1":0,"2":0,"3":0,"4":0,"5":0,"6":0,"7":0,"8":0,"9":0,"10":0,"11":0,"12":0,"13":0,"14":0,"15":0,"16":0,"17":0,"18":0,"19":0,"20":0,"21":0,"22":0,"23":0,"24":0,"25":0,"26":0,"27":0,"28":0,"29":0,"30":0,"31":0,"32":0,"33":0,"34":0,"35":0,"36":0,"37":0,"38":0,"39":0,"40":0,"41":0,"42":0},"f":{"0":0,"1":0,"2":0,"3":0,"4":0,"5":0,"6":0,"7":0},"b":{"0":[0,0],"1":[0,0],"2":[0,0],"3":[0,0,0],"4":[0,0,0],"5":[0,0],"6":[0,0],"7":[0,0],"8":[0,0],"9":[0,0],"10":[0,0],"11":[0,0],"12":[0,0]}}
,"/home/runner/workspace/client/src/components/navigation.tsx": {"path":"/home/runner/workspace/client/src/components/navigation.tsx","statementMap":{"0":{"start":{"line":6,"column":0},"end":{"line":6,"column":24}},"1":{"start":{"line":1,"column":0},"end":{"line":1,"column":43}},"2":{"start":{"line":2,"column":0},"end":{"line":2,"column":48}},"3":{"start":{"line":3,"column":0},"end":{"line":3,"column":70}},"4":{"start":{"line":4,"column":0},"end":{"line":4,"column":33}},"5":{"start":{"line":7,"column":21},"end":{"line":7,"column":34}},"6":{"start":{"line":9,"column":19},"end":{"line":34,"column":4}},"7":{"start":{"line":36,"column":2},"end":{"line":75,"column":4}},"8":{"start":{"line":47,"column":29},"end":{"line":47,"column":38}},"9":{"start":{"line":48,"column":33},"end":{"line":48,"column":55}},"10":{"start":{"line":50,"column":16},"end":{"line":63,"column":18}},"11":{"start":{"line":69,"column":37},"end":{"line":69,"column":59}}},"fnMap":{"0":{"name":"Navigation","decl":{"start":{"line":6,"column":24},"end":{"line":6,"column":34}},"loc":{"start":{"line":6,"column":34},"end":{"line":76,"column":1}}},"1":{"name":"(anonymous_1)","decl":{"start":{"line":46,"column":28},"end":{"line":46,"column":29}},"loc":{"start":{"line":46,"column":37},"end":{"line":64,"column":15}}},"2":{"name":"(anonymous_2)","decl":{"start":{"line":69,"column":29},"end":{"line":69,"column":33}},"loc":{"start":{"line":69,"column":37},"end":{"line":69,"column":59}}}},"branchMap":{"0":{"loc":{"start":{"line":53,"column":31},"end":{"line":53,"column":61}},"type":"cond-expr","locations":[{"start":{"line":53,"column":42},"end":{"line":53,"column":51}},{"start":{"line":53,"column":54},"end":{"line":53,"column":61}}]},"1":{"loc":{"start":{"line":56,"column":24},"end":{"line":56,"column":72}},"type":"binary-expr","locations":[{"start":{"line":56,"column":24},"end":{"line":56,"column":32}},{"start":{"line":56,"column":36},"end":{"line":56,"column":72}}]},"2":{"loc":{"start":{"line":69,"column":15},"end":{"line":69,"column":73}},"type":"cond-expr","locations":[{"start":{"line":69,"column":60},"end":{"line":69,"column":62}},{"start":{"line":69,"column":60},"end":{"line":69,"column":73}}]},"3":{"loc":{"start":{"line":69,"column":15},"end":{"line":69,"column":62}},"type":"binary-expr","locations":[{"start":{"line":69,"column":15},"end":{"line":69,"column":62}},{"start":{"line":69,"column":60},"end":{"line":69,"column":62}}]}},"s":{"0":0,"1":0,"2":0,"3":0,"4":0,"5":0,"6":0,"7":0,"8":0,"9":0,"10":0,"11":0},"f":{"0":0,"1":0,"2":0},"b":{"0":[0,0],"1":[0,0],"2":[0,0],"3":[0,0]}}
,"/home/runner/workspace/client/src/components/plugin-wizard-demo.tsx": {"path":"/home/runner/workspace/client/src/components/plugin-wizard-demo.tsx","statementMap":{"0":{"start":{"line":14,"column":0},"end":{"line":14,"column":24}},"1":{"start":{"line":1,"column":0},"end":{"line":1,"column":33}},"2":{"start":{"line":2,"column":0},"end":{"line":2,"column":97}},"3":{"start":{"line":3,"column":0},"end":{"line":3,"column":48}},"4":{"start":{"line":4,"column":0},"end":{"line":4,"column":46}},"5":{"start":{"line":5,"column":0},"end":{"line":5,"column":80}},"6":{"start":{"line":6,"column":0},"end":{"line":6,"column":78}},"7":{"start":{"line":7,"column":0},"end":{"line":7,"column":43}},"8":{"start":{"line":15,"column":38},"end":{"line":15,"column":67}},"9":{"start":{"line":16,"column":50},"end":{"line":16,"column":72}},"10":{"start":{"line":18,"column":30},"end":{"line":22,"column":3}},"11":{"start":{"line":19,"column":4},"end":{"line":19,"column":31}},"12":{"start":{"line":20,"column":4},"end":{"line":20,"column":61}},"13":{"start":{"line":20,"column":32},"end":{"line":20,"column":59}},"14":{"start":{"line":21,"column":4},"end":{"line":21,"column":24}},"15":{"start":{"line":24,"column":24},"end":{"line":70,"column":4}},"16":{"start":{"line":72,"column":2},"end":{"line":98,"column":3}},"17":{"start":{"line":73,"column":4},"end":{"line":97,"column":6}},"18":{"start":{"line":78,"column":39},"end":{"line":78,"column":58}},"19":{"start":{"line":81,"column":59},"end":{"line":81,"column":78}},"20":{"start":{"line":86,"column":27},"end":{"line":86,"column":46}},"21":{"start":{"line":100,"column":2},"end":{"line":373,"column":4}},"22":{"start":{"line":120,"column":27},"end":{"line":120,"column":40}},"23":{"start":{"line":121,"column":34},"end":{"line":121,"column":72}},"24":{"start":{"line":123,"column":14},"end":{"line":176,"column":16}},"25":{"start":{"line":152,"column":26},"end":{"line":152,"column":42}},"26":{"start":{"line":166,"column":39},"end":{"line":166,"column":65}},"27":{"start":{"line":229,"column":37},"end":{"line":229,"column":61}},"28":{"start":{"line":285,"column":37},"end":{"line":285,"column":62}},"29":{"start":{"line":341,"column":37},"end":{"line":341,"column":60}},"30":{"start":{"line":360,"column":57},"end":{"line":364,"column":16}},"31":{"start":{"line":362,"column":43},"end":{"line":362,"column":60}}},"fnMap":{"0":{"name":"PluginWizardDemo","decl":{"start":{"line":14,"column":24},"end":{"line":14,"column":40}},"loc":{"start":{"line":14,"column":93},"end":{"line":374,"column":1}}},"1":{"name":"(anonymous_2)","decl":{"start":{"line":18,"column":30},"end":{"line":18,"column":31}},"loc":{"start":{"line":18,"column":50},"end":{"line":22,"column":3}}},"2":{"name":"(anonymous_3)","decl":{"start":{"line":20,"column":24},"end":{"line":20,"column":28}},"loc":{"start":{"line":20,"column":32},"end":{"line":20,"column":59}}},"3":{"name":"(anonymous_4)","decl":{"start":{"line":78,"column":34},"end":{"line":78,"column":35}},"loc":{"start":{"line":78,"column":39},"end":{"line":78,"column":58}}},"4":{"name":"(anonymous_5)","decl":{"start":{"line":81,"column":54},"end":{"line":81,"column":55}},"loc":{"start":{"line":81,"column":59},"end":{"line":81,"column":78}}},"5":{"name":"(anonymous_6)","decl":{"start":{"line":86,"column":21},"end":{"line":86,"column":24}},"loc":{"start":{"line":86,"column":27},"end":{"line":86,"column":46}}},"6":{"name":"(anonymous_7)","decl":{"start":{"line":119,"column":31},"end":{"line":119,"column":32}},"loc":{"start":{"line":119,"column":44},"end":{"line":177,"column":13}}},"7":{"name":"(anonymous_8)","decl":{"start":{"line":151,"column":47},"end":{"line":151,"column":48}},"loc":{"start":{"line":152,"column":26},"end":{"line":152,"column":42}}},"8":{"name":"(anonymous_9)","decl":{"start":{"line":166,"column":33},"end":{"line":166,"column":36}},"loc":{"start":{"line":166,"column":39},"end":{"line":166,"column":65}}},"9":{"name":"(anonymous_10)","decl":{"start":{"line":229,"column":31},"end":{"line":229,"column":34}},"loc":{"start":{"line":229,"column":37},"end":{"line":229,"column":61}}},"10":{"name":"(anonymous_11)","decl":{"start":{"line":285,"column":31},"end":{"line":285,"column":34}},"loc":{"start":{"line":285,"column":37},"end":{"line":285,"column":62}}},"11":{"name":"(anonymous_12)","decl":{"start":{"line":341,"column":31},"end":{"line":341,"column":34}},"loc":{"start":{"line":341,"column":37},"end":{"line":341,"column":60}}},"12":{"name":"(anonymous_13)","decl":{"start":{"line":360,"column":36},"end":{"line":360,"column":37}},"loc":{"start":{"line":360,"column":56},"end":{"line":364,"column":16}}},"13":{"name":"(anonymous_14)","decl":{"start":{"line":362,"column":38},"end":{"line":362,"column":39}},"loc":{"start":{"line":362,"column":43},"end":{"line":362,"column":60}}}},"branchMap":{"0":{"loc":{"start":{"line":20,"column":42},"end":{"line":20,"column":58}},"type":"binary-expr","locations":[{"start":{"line":20,"column":42},"end":{"line":20,"column":52}},{"start":{"line":20,"column":56},"end":{"line":20,"column":58}}]},"1":{"loc":{"start":{"line":72,"column":2},"end":{"line":98,"column":3}},"type":"if","locations":[{"start":{"line":72,"column":2},"end":{"line":98,"column":3}},{"start":{},"end":{}}]},"2":{"loc":{"start":{"line":78,"column":15},"end":{"line":78,"column":66}},"type":"cond-expr","locations":[{"start":{"line":78,"column":59},"end":{"line":78,"column":61}},{"start":{"line":78,"column":59},"end":{"line":78,"column":66}}]},"3":{"loc":{"start":{"line":78,"column":15},"end":{"line":78,"column":61}},"type":"binary-expr","locations":[{"start":{"line":78,"column":15},"end":{"line":78,"column":61}},{"start":{"line":78,"column":59},"end":{"line":78,"column":61}}]},"4":{"loc":{"start":{"line":81,"column":35},"end":{"line":81,"column":92}},"type":"cond-expr","locations":[{"start":{"line":81,"column":79},"end":{"line":81,"column":81}},{"start":{"line":81,"column":79},"end":{"line":81,"column":92}}]},"5":{"loc":{"start":{"line":81,"column":35},"end":{"line":81,"column":81}},"type":"binary-expr","locations":[{"start":{"line":81,"column":35},"end":{"line":81,"column":81}},{"start":{"line":81,"column":79},"end":{"line":81,"column":81}}]},"6":{"loc":{"start":{"line":138,"column":23},"end":{"line":139,"column":null}},"type":"binary-expr","locations":[{"start":{"line":138,"column":23},"end":{"line":138,"column":34}},{"start":{"line":139,"column":24},"end":{"line":139,"column":74}}]},"7":{"loc":{"start":{"line":168,"column":33},"end":{"line":168,"column":70}},"type":"cond-expr","locations":[{"start":{"line":168,"column":47},"end":{"line":168,"column":58}},{"start":{"line":168,"column":61},"end":{"line":168,"column":70}}]},"8":{"loc":{"start":{"line":171,"column":25},"end":{"line":171,"column":65}},"type":"cond-expr","locations":[{"start":{"line":171,"column":39},"end":{"line":171,"column":50}},{"start":{"line":171,"column":53},"end":{"line":171,"column":65}}]},"9":{"loc":{"start":{"line":350,"column":7},"end":{"line":370,"column":null}},"type":"binary-expr","locations":[{"start":{"line":350,"column":7},"end":{"line":350,"column":34}},{"start":{"line":351,"column":8},"end":{"line":369,"column":null}}]},"10":{"loc":{"start":{"line":362,"column":19},"end":{"line":362,"column":68}},"type":"cond-expr","locations":[{"start":{"line":362,"column":61},"end":{"line":362,"column":63}},{"start":{"line":362,"column":61},"end":{"line":362,"column":68}}]},"11":{"loc":{"start":{"line":362,"column":19},"end":{"line":362,"column":63}},"type":"binary-expr","locations":[{"start":{"line":362,"column":19},"end":{"line":362,"column":63}},{"start":{"line":362,"column":61},"end":{"line":362,"column":63}}]}},"s":{"0":0,"1":0,"2":0,"3":0,"4":0,"5":0,"6":0,"7":0,"8":0,"9":0,"10":0,"11":0,"12":0,"13":0,"14":0,"15":0,"16":0,"17":0,"18":0,"19":0,"20":0,"21":0,"22":0,"23":0,"24":0,"25":0,"26":0,"27":0,"28":0,"29":0,"30":0,"31":0},"f":{"0":0,"1":0,"2":0,"3":0,"4":0,"5":0,"6":0,"7":0,"8":0,"9":0,"10":0,"11":0,"12":0,"13":0},"b":{"0":[0,0],"1":[0,0],"2":[0,0],"3":[0,0],"4":[0,0],"5":[0,0],"6":[0,0],"7":[0,0],"8":[0,0],"9":[0,0],"10":[0,0],"11":[0,0]}}
,"/home/runner/workspace/client/src/components/plugin-wizard.tsx": {"path":"/home/runner/workspace/client/src/components/plugin-wizard.tsx","statementMap":{"0":{"start":{"line":19,"column":0},"end":{"line":19,"column":24}},"1":{"start":{"line":1,"column":0},"end":{"line":1,"column":33}},"2":{"start":{"line":2,"column":0},"end":{"line":2,"column":48}},"3":{"start":{"line":3,"column":0},"end":{"line":3,"column":97}},"4":{"start":{"line":4,"column":0},"end":{"line":4,"column":46}},"5":{"start":{"line":5,"column":0},"end":{"line":5,"column":46}},"6":{"start":{"line":6,"column":0},"end":{"line":6,"column":52}},"7":{"start":{"line":7,"column":0},"end":{"line":7,"column":46}},"8":{"start":{"line":8,"column":0},"end":{"line":8,"column":80}},"9":{"start":{"line":9,"column":0},"end":{"line":9,"column":105}},"10":{"start":{"line":10,"column":0},"end":{"line":10,"column":91}},"11":{"start":{"line":11,"column":0},"end":{"line":11,"column":76}},"12":{"start":{"line":20,"column":40},"end":{"line":20,"column":104}},"13":{"start":{"line":21,"column":54},"end":{"line":21,"column":74}},"14":{"start":{"line":22,"column":34},"end":{"line":28,"column":4}},"15":{"start":{"line":29,"column":42},"end":{"line":29,"column":84}},"16":{"start":{"line":31,"column":33},"end":{"line":44,"column":3}},"17":{"start":{"line":32,"column":4},"end":{"line":32,"column":32}},"18":{"start":{"line":33,"column":21},"end":{"line":33,"column":44}},"19":{"start":{"line":34,"column":4},"end":{"line":43,"column":5}},"20":{"start":{"line":35,"column":6},"end":{"line":41,"column":10}},"21":{"start":{"line":35,"column":26},"end":{"line":40,"column":null}},"22":{"start":{"line":42,"column":6},"end":{"line":42,"column":64}},"23":{"start":{"line":46,"column":23},"end":{"line":58,"column":3}},"24":{"start":{"line":47,"column":4},"end":{"line":49,"column":5}},"25":{"start":{"line":48,"column":6},"end":{"line":48,"column":13}},"26":{"start":{"line":51,"column":4},"end":{"line":57,"column":7}},"27":{"start":{"line":60,"column":26},"end":{"line":69,"column":3}},"28":{"start":{"line":61,"column":4},"end":{"line":68,"column":5}},"29":{"start":{"line":62,"column":26},"end":{"line":62,"column":79}},"30":{"start":{"line":63,"column":28},"end":{"line":63,"column":82}},"31":{"start":{"line":64,"column":23},"end":{"line":64,"column":71}},"32":{"start":{"line":65,"column":24},"end":{"line":65,"column":73}},"33":{"start":{"line":66,"column":21},"end":{"line":66,"column":70}},"34":{"start":{"line":67,"column":15},"end":{"line":67,"column":68}},"35":{"start":{"line":71,"column":31},"end":{"line":124,"column":null}},"36":{"start":{"line":72,"column":4},"end":{"line":123,"column":null}},"37":{"start":{"line":82,"column":10},"end":{"line":83,"column":null}},"38":{"start":{"line":87,"column":27},"end":{"line":87,"column":54}},"39":{"start":{"line":116,"column":25},"end":{"line":116,"column":49}},"40":{"start":{"line":127,"column":27},"end":{"line":282,"column":4}},"41":{"start":{"line":127,"column":33},"end":{"line":282,"column":4}},"42":{"start":{"line":142,"column":29},"end":{"line":142,"column":85}},"43":{"start":{"line":142,"column":49},"end":{"line":142,"column":84}},"44":{"start":{"line":152,"column":29},"end":{"line":152,"column":88}},"45":{"start":{"line":152,"column":49},"end":{"line":152,"column":87}},"46":{"start":{"line":163,"column":27},"end":{"line":163,"column":90}},"47":{"start":{"line":163,"column":47},"end":{"line":163,"column":89}},"48":{"start":{"line":180,"column":20},"end":{"line":180,"column":37}},"49":{"start":{"line":199,"column":20},"end":{"line":199,"column":37}},"50":{"start":{"line":247,"column":20},"end":{"line":247,"column":37}},"51":{"start":{"line":267,"column":25},"end":{"line":267,"column":47}},"52":{"start":{"line":274,"column":25},"end":{"line":274,"column":56}},"53":{"start":{"line":284,"column":34},"end":{"line":374,"column":4}},"54":{"start":{"line":284,"column":40},"end":{"line":374,"column":4}},"55":{"start":{"line":302,"column":18},"end":{"line":302,"column":35}},"56":{"start":{"line":320,"column":18},"end":{"line":320,"column":35}},"57":{"start":{"line":336,"column":18},"end":{"line":336,"column":35}},"58":{"start":{"line":359,"column":25},"end":{"line":359,"column":49}},"59":{"start":{"line":366,"column":25},"end":{"line":366,"column":49}},"60":{"start":{"line":376,"column":27},"end":{"line":475,"column":4}},"61":{"start":{"line":376,"column":33},"end":{"line":475,"column":4}},"62":{"start":{"line":449,"column":31},"end":{"line":449,"column":96}},"63":{"start":{"line":449,"column":51},"end":{"line":449,"column":95}},"64":{"start":{"line":460,"column":25},"end":{"line":460,"column":56}},"65":{"start":{"line":477,"column":2},"end":{"line":504,"column":4}}},"fnMap":{"0":{"name":"PluginWizard","decl":{"start":{"line":19,"column":24},"end":{"line":19,"column":36}},"loc":{"start":{"line":19,"column":79},"end":{"line":505,"column":1}}},"1":{"name":"(anonymous_1)","decl":{"start":{"line":31,"column":33},"end":{"line":31,"column":34}},"loc":{"start":{"line":31,"column":50},"end":{"line":44,"column":3}}},"2":{"name":"(anonymous_2)","decl":{"start":{"line":35,"column":18},"end":{"line":35,"column":22}},"loc":{"start":{"line":35,"column":26},"end":{"line":40,"column":null}}},"3":{"name":"(anonymous_3)","decl":{"start":{"line":46,"column":23},"end":{"line":46,"column":26}},"loc":{"start":{"line":46,"column":28},"end":{"line":58,"column":3}}},"4":{"name":"(anonymous_4)","decl":{"start":{"line":60,"column":26},"end":{"line":60,"column":27}},"loc":{"start":{"line":60,"column":47},"end":{"line":69,"column":3}}},"5":{"name":"(anonymous_5)","decl":{"start":{"line":71,"column":31},"end":{"line":71,"column":34}},"loc":{"start":{"line":72,"column":4},"end":{"line":123,"column":null}}},"6":{"name":"(anonymous_6)","decl":{"start":{"line":81,"column":45},"end":{"line":81,"column":46}},"loc":{"start":{"line":82,"column":10},"end":{"line":83,"column":null}}},"7":{"name":"(anonymous_7)","decl":{"start":{"line":87,"column":21},"end":{"line":87,"column":24}},"loc":{"start":{"line":87,"column":27},"end":{"line":87,"column":54}}},"8":{"name":"(anonymous_8)","decl":{"start":{"line":116,"column":19},"end":{"line":116,"column":22}},"loc":{"start":{"line":116,"column":25},"end":{"line":116,"column":49}}},"9":{"name":"(anonymous_9)","decl":{"start":{"line":127,"column":27},"end":{"line":127,"column":30}},"loc":{"start":{"line":127,"column":32},"end":{"line":282,"column":4}}},"10":{"name":"(anonymous_10)","decl":{"start":{"line":142,"column":22},"end":{"line":142,"column":23}},"loc":{"start":{"line":142,"column":29},"end":{"line":142,"column":85}}},"11":{"name":"(anonymous_11)","decl":{"start":{"line":142,"column":41},"end":{"line":142,"column":45}},"loc":{"start":{"line":142,"column":49},"end":{"line":142,"column":84}}},"12":{"name":"(anonymous_12)","decl":{"start":{"line":152,"column":22},"end":{"line":152,"column":23}},"loc":{"start":{"line":152,"column":29},"end":{"line":152,"column":88}}},"13":{"name":"(anonymous_13)","decl":{"start":{"line":152,"column":41},"end":{"line":152,"column":45}},"loc":{"start":{"line":152,"column":49},"end":{"line":152,"column":87}}},"14":{"name":"(anonymous_14)","decl":{"start":{"line":163,"column":20},"end":{"line":163,"column":21}},"loc":{"start":{"line":163,"column":27},"end":{"line":163,"column":90}}},"15":{"name":"(anonymous_15)","decl":{"start":{"line":163,"column":39},"end":{"line":163,"column":43}},"loc":{"start":{"line":163,"column":47},"end":{"line":163,"column":89}}},"16":{"name":"(anonymous_16)","decl":{"start":{"line":179,"column":49},"end":{"line":179,"column":50}},"loc":{"start":{"line":180,"column":20},"end":{"line":180,"column":37}}},"17":{"name":"(anonymous_17)","decl":{"start":{"line":198,"column":45},"end":{"line":198,"column":46}},"loc":{"start":{"line":199,"column":20},"end":{"line":199,"column":37}}},"18":{"name":"(anonymous_18)","decl":{"start":{"line":246,"column":58},"end":{"line":246,"column":59}},"loc":{"start":{"line":247,"column":20},"end":{"line":247,"column":37}}},"19":{"name":"(anonymous_19)","decl":{"start":{"line":267,"column":19},"end":{"line":267,"column":22}},"loc":{"start":{"line":267,"column":25},"end":{"line":267,"column":47}}},"20":{"name":"(anonymous_20)","decl":{"start":{"line":274,"column":19},"end":{"line":274,"column":22}},"loc":{"start":{"line":274,"column":25},"end":{"line":274,"column":56}}},"21":{"name":"(anonymous_21)","decl":{"start":{"line":284,"column":34},"end":{"line":284,"column":37}},"loc":{"start":{"line":284,"column":39},"end":{"line":374,"column":4}}},"22":{"name":"(anonymous_22)","decl":{"start":{"line":301,"column":56},"end":{"line":301,"column":57}},"loc":{"start":{"line":302,"column":18},"end":{"line":302,"column":35}}},"23":{"name":"(anonymous_23)","decl":{"start":{"line":319,"column":58},"end":{"line":319,"column":59}},"loc":{"start":{"line":320,"column":18},"end":{"line":320,"column":35}}},"24":{"name":"(anonymous_24)","decl":{"start":{"line":335,"column":62},"end":{"line":335,"column":63}},"loc":{"start":{"line":336,"column":18},"end":{"line":336,"column":35}}},"25":{"name":"(anonymous_25)","decl":{"start":{"line":359,"column":19},"end":{"line":359,"column":22}},"loc":{"start":{"line":359,"column":25},"end":{"line":359,"column":49}}},"26":{"name":"(anonymous_26)","decl":{"start":{"line":366,"column":19},"end":{"line":366,"column":22}},"loc":{"start":{"line":366,"column":25},"end":{"line":366,"column":49}}},"27":{"name":"(anonymous_27)","decl":{"start":{"line":376,"column":27},"end":{"line":376,"column":30}},"loc":{"start":{"line":376,"column":32},"end":{"line":475,"column":4}}},"28":{"name":"(anonymous_28)","decl":{"start":{"line":449,"column":24},"end":{"line":449,"column":25}},"loc":{"start":{"line":449,"column":31},"end":{"line":449,"column":96}}},"29":{"name":"(anonymous_29)","decl":{"start":{"line":449,"column":43},"end":{"line":449,"column":47}},"loc":{"start":{"line":449,"column":51},"end":{"line":449,"column":95}}},"30":{"name":"(anonymous_30)","decl":{"start":{"line":460,"column":19},"end":{"line":460,"column":22}},"loc":{"start":{"line":460,"column":25},"end":{"line":460,"column":56}}}},"branchMap":{"0":{"loc":{"start":{"line":34,"column":4},"end":{"line":43,"column":5}},"type":"if","locations":[{"start":{"line":34,"column":4},"end":{"line":43,"column":5}},{"start":{},"end":{}}]},"1":{"loc":{"start":{"line":47,"column":4},"end":{"line":49,"column":5}},"type":"if","locations":[{"start":{"line":47,"column":4},"end":{"line":49,"column":5}},{"start":{},"end":{}}]},"2":{"loc":{"start":{"line":47,"column":8},"end":{"line":47,"column":46}},"type":"binary-expr","locations":[{"start":{"line":47,"column":8},"end":{"line":47,"column":22}},{"start":{"line":47,"column":26},"end":{"line":47,"column":46}}]},"3":{"loc":{"start":{"line":56,"column":21},"end":{"line":56,"column":51}},"type":"binary-expr","locations":[{"start":{"line":56,"column":21},"end":{"line":56,"column":43}},{"start":{"line":56,"column":47},"end":{"line":56,"column":51}}]},"4":{"loc":{"start":{"line":61,"column":4},"end":{"line":68,"column":5}},"type":"switch","locations":[{"start":{"line":62,"column":6},"end":{"line":62,"column":79}},{"start":{"line":63,"column":6},"end":{"line":63,"column":82}},{"start":{"line":64,"column":6},"end":{"line":64,"column":71}},{"start":{"line":65,"column":6},"end":{"line":65,"column":73}},{"start":{"line":66,"column":6},"end":{"line":66,"column":70}},{"start":{"line":67,"column":6},"end":{"line":67,"column":68}}]},"5":{"loc":{"start":{"line":85,"column":14},"end":{"line":85,"column":null}},"type":"cond-expr","locations":[{"start":{"line":85,"column":43},"end":{"line":85,"column":64}},{"start":{"line":85,"column":67},"end":{"line":85,"column":null}}]},"6":{"loc":{"start":{"line":102,"column":17},"end":{"line":105,"column":null}},"type":"binary-expr","locations":[{"start":{"line":102,"column":17},"end":{"line":102,"column":43}},{"start":{"line":103,"column":18},"end":{"line":104,"column":null}}]},"7":{"loc":{"start":{"line":169,"column":7},"end":{"line":261,"column":null}},"type":"binary-expr","locations":[{"start":{"line":169,"column":7},"end":{"line":169,"column":19}},{"start":{"line":170,"column":8},"end":{"line":260,"column":null}}]},"8":{"loc":{"start":{"line":175,"column":31},"end":{"line":175,"column":68}},"type":"binary-expr","locations":[{"start":{"line":175,"column":31},"end":{"line":175,"column":63}},{"start":{"line":175,"column":67},"end":{"line":175,"column":68}}]},"9":{"loc":{"start":{"line":175,"column":31},"end":{"line":175,"column":63}},"type":"cond-expr","locations":[{"start":{"line":175,"column":55},"end":{"line":175,"column":57}},{"start":{"line":175,"column":55},"end":{"line":175,"column":63}}]},"10":{"loc":{"start":{"line":175,"column":31},"end":{"line":175,"column":57}},"type":"binary-expr","locations":[{"start":{"line":175,"column":31},"end":{"line":175,"column":57}},{"start":{"line":175,"column":55},"end":{"line":175,"column":57}}]},"11":{"loc":{"start":{"line":179,"column":19},"end":{"line":187,"column":20}},"type":"cond-expr","locations":[{"start":{"line":179,"column":43},"end":{"line":179,"column":45}},{"start":{"line":179,"column":43},"end":{"line":187,"column":20}}]},"12":{"loc":{"start":{"line":179,"column":19},"end":{"line":179,"column":45}},"type":"binary-expr","locations":[{"start":{"line":179,"column":19},"end":{"line":179,"column":45}},{"start":{"line":179,"column":43},"end":{"line":179,"column":45}}]},"13":{"loc":{"start":{"line":184,"column":23},"end":{"line":184,"column":88}},"type":"binary-expr","locations":[{"start":{"line":184,"column":23},"end":{"line":184,"column":35}},{"start":{"line":184,"column":39},"end":{"line":184,"column":88}}]},"14":{"loc":{"start":{"line":185,"column":23},"end":{"line":185,"column":87}},"type":"binary-expr","locations":[{"start":{"line":185,"column":23},"end":{"line":185,"column":38}},{"start":{"line":185,"column":42},"end":{"line":185,"column":87}}]},"15":{"loc":{"start":{"line":194,"column":26},"end":{"line":194,"column":59}},"type":"binary-expr","locations":[{"start":{"line":194,"column":26},"end":{"line":194,"column":54}},{"start":{"line":194,"column":58},"end":{"line":194,"column":59}}]},"16":{"loc":{"start":{"line":194,"column":26},"end":{"line":194,"column":54}},"type":"cond-expr","locations":[{"start":{"line":194,"column":46},"end":{"line":194,"column":48}},{"start":{"line":194,"column":46},"end":{"line":194,"column":54}}]},"17":{"loc":{"start":{"line":194,"column":26},"end":{"line":194,"column":48}},"type":"binary-expr","locations":[{"start":{"line":194,"column":26},"end":{"line":194,"column":48}},{"start":{"line":194,"column":46},"end":{"line":194,"column":48}}]},"18":{"loc":{"start":{"line":198,"column":19},"end":{"line":210,"column":20}},"type":"cond-expr","locations":[{"start":{"line":198,"column":39},"end":{"line":198,"column":41}},{"start":{"line":198,"column":39},"end":{"line":210,"column":20}}]},"19":{"loc":{"start":{"line":198,"column":19},"end":{"line":198,"column":41}},"type":"binary-expr","locations":[{"start":{"line":198,"column":19},"end":{"line":198,"column":41}},{"start":{"line":198,"column":39},"end":{"line":198,"column":41}}]},"20":{"loc":{"start":{"line":220,"column":28},"end":{"line":220,"column":57}},"type":"cond-expr","locations":[{"start":{"line":220,"column":51},"end":{"line":220,"column":53}},{"start":{"line":220,"column":51},"end":{"line":220,"column":57}}]},"21":{"loc":{"start":{"line":220,"column":28},"end":{"line":220,"column":53}},"type":"binary-expr","locations":[{"start":{"line":220,"column":28},"end":{"line":220,"column":53}},{"start":{"line":220,"column":51},"end":{"line":220,"column":53}}]},"22":{"loc":{"start":{"line":221,"column":59},"end":{"line":221,"column":95}},"type":"cond-expr","locations":[{"start":{"line":221,"column":82},"end":{"line":221,"column":84}},{"start":{"line":221,"column":82},"end":{"line":221,"column":95}}]},"23":{"loc":{"start":{"line":221,"column":59},"end":{"line":221,"column":84}},"type":"binary-expr","locations":[{"start":{"line":221,"column":59},"end":{"line":221,"column":84}},{"start":{"line":221,"column":82},"end":{"line":221,"column":84}}]},"24":{"loc":{"start":{"line":224,"column":56},"end":{"line":224,"column":118}},"type":"cond-expr","locations":[{"start":{"line":224,"column":79},"end":{"line":224,"column":81}},{"start":{"line":224,"column":79},"end":{"line":224,"column":118}}]},"25":{"loc":{"start":{"line":224,"column":56},"end":{"line":224,"column":81}},"type":"binary-expr","locations":[{"start":{"line":224,"column":56},"end":{"line":224,"column":81}},{"start":{"line":224,"column":79},"end":{"line":224,"column":81}}]},"26":{"loc":{"start":{"line":227,"column":46},"end":{"line":227,"column":87}},"type":"cond-expr","locations":[{"start":{"line":227,"column":69},"end":{"line":227,"column":71}},{"start":{"line":227,"column":69},"end":{"line":227,"column":87}}]},"27":{"loc":{"start":{"line":227,"column":46},"end":{"line":227,"column":71}},"type":"binary-expr","locations":[{"start":{"line":227,"column":46},"end":{"line":227,"column":71}},{"start":{"line":227,"column":69},"end":{"line":227,"column":71}}]},"28":{"loc":{"start":{"line":228,"column":30},"end":{"line":228,"column":84}},"type":"cond-expr","locations":[{"start":{"line":228,"column":72},"end":{"line":228,"column":77}},{"start":{"line":228,"column":80},"end":{"line":228,"column":84}}]},"29":{"loc":{"start":{"line":228,"column":30},"end":{"line":228,"column":69}},"type":"cond-expr","locations":[{"start":{"line":228,"column":53},"end":{"line":228,"column":55}},{"start":{"line":228,"column":53},"end":{"line":228,"column":69}}]},"30":{"loc":{"start":{"line":228,"column":30},"end":{"line":228,"column":55}},"type":"binary-expr","locations":[{"start":{"line":228,"column":30},"end":{"line":228,"column":55}},{"start":{"line":228,"column":53},"end":{"line":228,"column":55}}]},"31":{"loc":{"start":{"line":239,"column":36},"end":{"line":239,"column":94}},"type":"cond-expr","locations":[{"start":{"line":239,"column":71},"end":{"line":239,"column":80}},{"start":{"line":239,"column":83},"end":{"line":239,"column":94}}]},"32":{"loc":{"start":{"line":239,"column":36},"end":{"line":239,"column":68}},"type":"cond-expr","locations":[{"start":{"line":239,"column":59},"end":{"line":239,"column":61}},{"start":{"line":239,"column":59},"end":{"line":239,"column":68}}]},"33":{"loc":{"start":{"line":239,"column":36},"end":{"line":239,"column":61}},"type":"binary-expr","locations":[{"start":{"line":239,"column":36},"end":{"line":239,"column":61}},{"start":{"line":239,"column":59},"end":{"line":239,"column":61}}]},"34":{"loc":{"start":{"line":240,"column":23},"end":{"line":240,"column":80}},"type":"cond-expr","locations":[{"start":{"line":240,"column":58},"end":{"line":240,"column":67}},{"start":{"line":240,"column":70},"end":{"line":240,"column":80}}]},"35":{"loc":{"start":{"line":240,"column":23},"end":{"line":240,"column":55}},"type":"cond-expr","locations":[{"start":{"line":240,"column":46},"end":{"line":240,"column":48}},{"start":{"line":240,"column":46},"end":{"line":240,"column":55}}]},"36":{"loc":{"start":{"line":240,"column":23},"end":{"line":240,"column":48}},"type":"binary-expr","locations":[{"start":{"line":240,"column":23},"end":{"line":240,"column":48}},{"start":{"line":240,"column":46},"end":{"line":240,"column":48}}]},"37":{"loc":{"start":{"line":243,"column":23},"end":{"line":243,"column":69}},"type":"binary-expr","locations":[{"start":{"line":243,"column":23},"end":{"line":243,"column":64}},{"start":{"line":243,"column":68},"end":{"line":243,"column":69}}]},"38":{"loc":{"start":{"line":243,"column":23},"end":{"line":243,"column":64}},"type":"cond-expr","locations":[{"start":{"line":243,"column":56},"end":{"line":243,"column":58}},{"start":{"line":243,"column":56},"end":{"line":243,"column":64}}]},"39":{"loc":{"start":{"line":243,"column":23},"end":{"line":243,"column":58}},"type":"binary-expr","locations":[{"start":{"line":243,"column":23},"end":{"line":243,"column":58}},{"start":{"line":243,"column":56},"end":{"line":243,"column":58}}]},"40":{"loc":{"start":{"line":243,"column":23},"end":{"line":243,"column":56}},"type":"cond-expr","locations":[{"start":{"line":243,"column":46},"end":{"line":243,"column":48}},{"start":{"line":243,"column":46},"end":{"line":243,"column":56}}]},"41":{"loc":{"start":{"line":243,"column":23},"end":{"line":243,"column":48}},"type":"binary-expr","locations":[{"start":{"line":243,"column":23},"end":{"line":243,"column":48}},{"start":{"line":243,"column":46},"end":{"line":243,"column":48}}]},"42":{"loc":{"start":{"line":246,"column":19},"end":{"line":256,"column":20}},"type":"cond-expr","locations":[{"start":{"line":246,"column":52},"end":{"line":246,"column":54}},{"start":{"line":246,"column":52},"end":{"line":256,"column":20}}]},"43":{"loc":{"start":{"line":246,"column":19},"end":{"line":246,"column":54}},"type":"binary-expr","locations":[{"start":{"line":246,"column":19},"end":{"line":246,"column":54}},{"start":{"line":246,"column":52},"end":{"line":246,"column":54}}]},"44":{"loc":{"start":{"line":246,"column":19},"end":{"line":246,"column":52}},"type":"cond-expr","locations":[{"start":{"line":246,"column":42},"end":{"line":246,"column":44}},{"start":{"line":246,"column":42},"end":{"line":246,"column":52}}]},"45":{"loc":{"start":{"line":246,"column":19},"end":{"line":246,"column":44}},"type":"binary-expr","locations":[{"start":{"line":246,"column":19},"end":{"line":246,"column":44}},{"start":{"line":246,"column":42},"end":{"line":246,"column":44}}]},"46":{"loc":{"start":{"line":251,"column":40},"end":{"line":251,"column":78}},"type":"cond-expr","locations":[{"start":{"line":251,"column":55},"end":{"line":251,"column":64}},{"start":{"line":251,"column":67},"end":{"line":251,"column":78}}]},"47":{"loc":{"start":{"line":252,"column":27},"end":{"line":252,"column":64}},"type":"cond-expr","locations":[{"start":{"line":252,"column":42},"end":{"line":252,"column":51}},{"start":{"line":252,"column":54},"end":{"line":252,"column":64}}]},"48":{"loc":{"start":{"line":293,"column":7},"end":{"line":353,"column":null}},"type":"cond-expr","locations":[{"start":{"line":294,"column":8},"end":{"line":346,"column":null}},{"start":{"line":349,"column":8},"end":{"line":352,"column":null}}]},"49":{"loc":{"start":{"line":293,"column":7},"end":{"line":293,"column":43}},"type":"cond-expr","locations":[{"start":{"line":293,"column":34},"end":{"line":293,"column":36}},{"start":{"line":293,"column":34},"end":{"line":293,"column":43}}]},"50":{"loc":{"start":{"line":293,"column":7},"end":{"line":293,"column":36}},"type":"binary-expr","locations":[{"start":{"line":293,"column":7},"end":{"line":293,"column":36}},{"start":{"line":293,"column":34},"end":{"line":293,"column":36}}]},"51":{"loc":{"start":{"line":293,"column":7},"end":{"line":293,"column":34}},"type":"cond-expr","locations":[{"start":{"line":293,"column":19},"end":{"line":293,"column":21}},{"start":{"line":293,"column":7},"end":{"line":293,"column":34}}]},"52":{"loc":{"start":{"line":293,"column":7},"end":{"line":293,"column":21}},"type":"binary-expr","locations":[{"start":{"line":293,"column":7},"end":{"line":293,"column":21}},{"start":{"line":293,"column":7},"end":{"line":293,"column":21}}]},"53":{"loc":{"start":{"line":301,"column":17},"end":{"line":310,"column":18}},"type":"cond-expr","locations":[{"start":{"line":301,"column":50},"end":{"line":301,"column":52}},{"start":{"line":301,"column":50},"end":{"line":310,"column":18}}]},"54":{"loc":{"start":{"line":301,"column":17},"end":{"line":301,"column":52}},"type":"binary-expr","locations":[{"start":{"line":301,"column":17},"end":{"line":301,"column":52}},{"start":{"line":301,"column":50},"end":{"line":301,"column":52}}]},"55":{"loc":{"start":{"line":308,"column":21},"end":{"line":308,"column":93}},"type":"binary-expr","locations":[{"start":{"line":308,"column":21},"end":{"line":308,"column":43}},{"start":{"line":308,"column":47},"end":{"line":308,"column":93}}]},"56":{"loc":{"start":{"line":319,"column":17},"end":{"line":326,"column":18}},"type":"cond-expr","locations":[{"start":{"line":319,"column":52},"end":{"line":319,"column":54}},{"start":{"line":319,"column":52},"end":{"line":326,"column":18}}]},"57":{"loc":{"start":{"line":319,"column":17},"end":{"line":319,"column":54}},"type":"binary-expr","locations":[{"start":{"line":319,"column":17},"end":{"line":319,"column":54}},{"start":{"line":319,"column":52},"end":{"line":319,"column":54}}]},"58":{"loc":{"start":{"line":335,"column":17},"end":{"line":343,"column":18}},"type":"cond-expr","locations":[{"start":{"line":335,"column":56},"end":{"line":335,"column":58}},{"start":{"line":335,"column":56},"end":{"line":343,"column":18}}]},"59":{"loc":{"start":{"line":335,"column":17},"end":{"line":335,"column":58}},"type":"binary-expr","locations":[{"start":{"line":335,"column":17},"end":{"line":335,"column":58}},{"start":{"line":335,"column":56},"end":{"line":335,"column":58}}]},"60":{"loc":{"start":{"line":407,"column":19},"end":{"line":407,"column":65}},"type":"cond-expr","locations":[{"start":{"line":407,"column":55},"end":{"line":407,"column":57}},{"start":{"line":407,"column":55},"end":{"line":407,"column":65}}]},"61":{"loc":{"start":{"line":407,"column":19},"end":{"line":407,"column":57}},"type":"binary-expr","locations":[{"start":{"line":407,"column":19},"end":{"line":407,"column":57}},{"start":{"line":407,"column":55},"end":{"line":407,"column":57}}]},"62":{"loc":{"start":{"line":425,"column":53},"end":{"line":425,"column":91}},"type":"binary-expr","locations":[{"start":{"line":425,"column":53},"end":{"line":425,"column":86}},{"start":{"line":425,"column":90},"end":{"line":425,"column":91}}]},"63":{"loc":{"start":{"line":425,"column":53},"end":{"line":425,"column":86}},"type":"cond-expr","locations":[{"start":{"line":425,"column":78},"end":{"line":425,"column":80}},{"start":{"line":425,"column":78},"end":{"line":425,"column":86}}]},"64":{"loc":{"start":{"line":425,"column":53},"end":{"line":425,"column":80}},"type":"binary-expr","locations":[{"start":{"line":425,"column":53},"end":{"line":425,"column":80}},{"start":{"line":425,"column":78},"end":{"line":425,"column":80}}]},"65":{"loc":{"start":{"line":425,"column":53},"end":{"line":425,"column":78}},"type":"cond-expr","locations":[{"start":{"line":425,"column":65},"end":{"line":425,"column":67}},{"start":{"line":425,"column":53},"end":{"line":425,"column":78}}]},"66":{"loc":{"start":{"line":425,"column":53},"end":{"line":425,"column":67}},"type":"binary-expr","locations":[{"start":{"line":425,"column":53},"end":{"line":425,"column":67}},{"start":{"line":425,"column":53},"end":{"line":425,"column":67}}]},"67":{"loc":{"start":{"line":429,"column":53},"end":{"line":429,"column":87}},"type":"binary-expr","locations":[{"start":{"line":429,"column":53},"end":{"line":429,"column":82}},{"start":{"li
[...]
,"/home/runner/workspace/client/src/lib/queryClient.ts": {"path":"/home/runner/workspace/client/src/lib/queryClient.ts","statementMap":{"0":{"start":{"line":10,"column":0},"end":{"line":10,"column":22}},"1":{"start":{"line":1,"column":0},"end":{"line":1,"column":67}},"2":{"start":{"line":4,"column":2},"end":{"line":7,"column":3}},"3":{"start":{"line":5,"column":17},"end":{"line":5,"column":53}},"4":{"start":{"line":6,"column":4},"end":{"line":6,"column":46}},"5":{"start":{"line":15,"column":14},"end":{"line":20,"column":4}},"6":{"start":{"line":22,"column":2},"end":{"line":22,"column":29}},"7":{"start":{"line":23,"column":2},"end":{"line":23,"column":13}},"8":{"start":{"line":30,"column":2},"end":{"line":42,"column":4}},"9":{"start":{"line":31,"column":2},"end":{"line":42,"column":4}},"10":{"start":{"line":31,"column":25},"end":{"line":42,"column":4}},"11":{"start":{"line":32,"column":16},"end":{"line":34,"column":6}},"12":{"start":{"line":36,"column":4},"end":{"line":38,"column":5}},"13":{"start":{"line":37,"column":6},"end":{"line":37,"column":18}},"14":{"start":{"line":40,"column":4},"end":{"line":40,"column":31}},"15":{"start":{"line":41,"column":4},"end":{"line":41,"column":28}},"16":{"start":{"line":27,"column":13},"end":{"line":27,"column":null}},"17":{"start":{"line":44,"column":13},"end":{"line":57,"column":3}}},"fnMap":{"0":{"name":"throwIfResNotOk","decl":{"start":{"line":3,"column":15},"end":{"line":3,"column":30}},"loc":{"start":{"line":3,"column":44},"end":{"line":8,"column":null}}},"1":{"name":"apiRequest","decl":{"start":{"line":10,"column":22},"end":{"line":10,"column":32}},"loc":{"start":{"line":13,"column":28},"end":{"line":24,"column":null}}},"2":{"name":"(anonymous_11)","decl":{"start":{"line":30,"column":2},"end":{"line":30,"column":3}},"loc":{"start":{"line":31,"column":2},"end":{"line":42,"column":4}}},"3":{"name":"(anonymous_12)","decl":{"start":{"line":31,"column":2},"end":{"line":31,"column":9}},"loc":{"start":{"line":31,"column":25},"end":{"line":42,"column":4}}},"4":{"name":"(anonymous_13)","decl":{"start":{"line":31,"column":25},"end":{"line":31,"column":null}},"loc":{"start":{"line":31,"column":21},"end":{"line":42,"column":3}}}},"branchMap":{"0":{"loc":{"start":{"line":4,"column":2},"end":{"line":7,"column":3}},"type":"if","locations":[{"start":{"line":4,"column":2},"end":{"line":7,"column":3}},{"start":{},"end":{}}]},"1":{"loc":{"start":{"line":5,"column":17},"end":{"line":5,"column":53}},"type":"binary-expr","locations":[{"start":{"line":5,"column":18},"end":{"line":5,"column":34}},{"start":{"line":5,"column":39},"end":{"line":5,"column":53}}]},"2":{"loc":{"start":{"line":17,"column":13},"end":{"line":17,"column":63}},"type":"cond-expr","locations":[{"start":{"line":17,"column":20},"end":{"line":17,"column":58}},{"start":{"line":17,"column":61},"end":{"line":17,"column":63}}]},"3":{"loc":{"start":{"line":18,"column":10},"end":{"line":18,"column":49}},"type":"cond-expr","locations":[{"start":{"line":18,"column":17},"end":{"line":18,"column":37}},{"start":{"line":18,"column":40},"end":{"line":18,"column":49}}]},"4":{"loc":{"start":{"line":36,"column":4},"end":{"line":38,"column":5}},"type":"if","locations":[{"start":{"line":36,"column":4},"end":{"line":38,"column":5}},{"start":{},"end":{}}]},"5":{"loc":{"start":{"line":36,"column":8},"end":{"line":36,"column":67}},"type":"binary-expr","locations":[{"start":{"line":36,"column":8},"end":{"line":36,"column":45}},{"start":{"line":36,"column":49},"end":{"line":36,"column":67}}]}},"s":{"0":0,"1":0,"2":0,"3":0,"4":0,"5":0,"6":0,"7":0,"8":0,"9":0,"10":0,"11":0,"12":0,"13":0,"14":0,"15":0,"16":0,"17":0},"f":{"0":0,"1":0,"2":0,"3":0,"4":0},"b":{"0":[0,0],"1":[0,0],"2":[0,0],"3":[0,0],"4":[0,0],"5":[0,0]}}
,"/home/runner/workspace/client/src/lib/utils.ts": {"path":"/home/runner/workspace/client/src/lib/utils.ts","statementMap":{"0":{"start":{"line":4,"column":0},"end":{"line":4,"column":16}},"1":{"start":{"line":1,"column":0},"end":{"line":1,"column":44}},"2":{"start":{"line":2,"column":0},"end":{"line":2,"column":40}},"3":{"start":{"line":5,"column":2},"end":{"line":5,"column":null}}},"fnMap":{"0":{"name":"cn","decl":{"start":{"line":4,"column":16},"end":{"line":4,"column":18}},"loc":{"start":{"line":4,"column":42},"end":{"line":6,"column":1}}}},"branchMap":{},"s":{"0":0,"1":0,"2":0,"3":0},"f":{"0":0},"b":{}}
,"/home/runner/workspace/client/src/pages/integration-demo.tsx": {"path":"/home/runner/workspace/client/src/pages/integration-demo.tsx","statementMap":{"0":{"start":{"line":13,"column":0},"end":{"line":13,"column":24}},"1":{"start":{"line":1,"column":0},"end":{"line":1,"column":33}},"2":{"start":{"line":2,"column":0},"end":{"line":2,"column":97}},"3":{"start":{"line":3,"column":0},"end":{"line":3,"column":48}},"4":{"start":{"line":4,"column":0},"end":{"line":4,"column":46}},"5":{"start":{"line":5,"column":0},"end":{"line":5,"column":64}},"6":{"start":{"line":6,"column":0},"end":{"line":6,"column":80}},"7":{"start":{"line":7,"column":0},"end":{"line":7,"column":52}},"8":{"start":{"line":8,"column":0},"end":{"line":8,"column":100}},"9":{"start":{"line":9,"column":0},"end":{"line":9,"column":37}},"10":{"start":{"line":10,"column":0},"end":{"line":10,"column":45}},"11":{"start":{"line":11,"column":0},"end":{"line":11,"column":64}},"12":{"start":{"line":14,"column":26},"end":{"line":14,"column":39}},"13":{"start":{"line":15,"column":20},"end":{"line":15,"column":30}},"14":{"start":{"line":16,"column":40},"end":{"line":16,"column":59}},"15":{"start":{"line":17,"column":46},"end":{"line":17,"column":61}},"16":{"start":{"line":18,"column":48},"end":{"line":18,"column":59}},"17":{"start":{"line":20,"column":27},"end":{"line":55,"column":4}},"18":{"start":{"line":57,"column":30},"end":{"line":106,"column":4}},"19":{"start":{"line":57,"column":41},"end":{"line":106,"column":4}},"20":{"start":{"line":58,"column":4},"end":{"line":58,"column":28}},"21":{"start":{"line":59,"column":4},"end":{"line":59,"column":23}},"22":{"start":{"line":61,"column":20},"end":{"line":61,"column":22}},"23":{"start":{"line":63,"column":4},"end":{"line":96,"column":5}},"24":{"start":{"line":63,"column":17},"end":{"line":63,"column":18}},"25":{"start":{"line":64,"column":19},"end":{"line":64,"column":38}},"26":{"start":{"line":65,"column":6},"end":{"line":65,"column":32}},"27":{"start":{"line":67,"column":6},"end":{"line":95,"column":7}},"28":{"start":{"line":68,"column":25},"end":{"line":74,"column":10}},"29":{"start":{"line":76,"column":21},"end":{"line":76,"column":42}},"30":{"start":{"line":78,"column":8},"end":{"line":84,"column":11}},"31":{"start":{"line":86,"column":8},"end":{"line":86,"column":63}},"32":{"start":{"line":86,"column":37},"end":{"line":86,"column":61}},"33":{"start":{"line":89,"column":8},"end":{"line":94,"column":11}},"34":{"start":{"line":98,"column":4},"end":{"line":98,"column":28}},"35":{"start":{"line":99,"column":4},"end":{"line":99,"column":29}},"36":{"start":{"line":100,"column":4},"end":{"line":100,"column":26}},"37":{"start":{"line":102,"column":4},"end":{"line":105,"column":7}},"38":{"start":{"line":104,"column":42},"end":{"line":104,"column":51}},"39":{"start":{"line":108,"column":29},"end":{"line":137,"column":4}},"40":{"start":{"line":108,"column":40},"end":{"line":137,"column":4}},"41":{"start":{"line":109,"column":4},"end":{"line":136,"column":5}},"42":{"start":{"line":110,"column":23},"end":{"line":119,"column":8}},"43":{"start":{"line":121,"column":21},"end":{"line":121,"column":42}},"44":{"start":{"line":123,"column":6},"end":{"line":126,"column":9}},"45":{"start":{"line":128,"column":6},"end":{"line":128,"column":52}},"46":{"start":{"line":130,"column":6},"end":{"line":134,"column":9}},"47":{"start":{"line":135,"column":6},"end":{"line":135,"column":53}},"48":{"start":{"line":139,"column":2},"end":{"line":377,"column":4}},"49":{"start":{"line":145,"column":27},"end":{"line":145,"column":43}},"50":{"start":{"line":210,"column":20},"end":{"line":210,"column":38}}},"fnMap":{"0":{"name":"IntegrationDemo","decl":{"start":{"line":13,"column":24},"end":{"line":13,"column":39}},"loc":{"start":{"line":13,"column":39},"end":{"line":378,"column":1}}},"1":{"name":"(anonymous_9)","decl":{"start":{"line":57,"column":30},"end":{"line":57,"column":39}},"loc":{"start":{"line":57,"column":41},"end":{"line":106,"column":4}}},"2":{"name":"(anonymous_10)","decl":{"start":{"line":57,"column":41},"end":{"line":57,"column":null}},"loc":{"start":{"line":57,"column":41},"end":{"line":106,"column":3}}},"3":{"name":"(anonymous_11)","decl":{"start":{"line":86,"column":26},"end":{"line":86,"column":33}},"loc":{"start":{"line":86,"column":37},"end":{"line":86,"column":61}}},"4":{"name":"(anonymous_12)","decl":{"start":{"line":104,"column":37},"end":{"line":104,"column":38}},"loc":{"start":{"line":104,"column":42},"end":{"line":104,"column":51}}},"5":{"name":"(anonymous_13)","decl":{"start":{"line":108,"column":29},"end":{"line":108,"column":38}},"loc":{"start":{"line":108,"column":40},"end":{"line":137,"column":4}}},"6":{"name":"(anonymous_14)","decl":{"start":{"line":108,"column":40},"end":{"line":108,"column":null}},"loc":{"start":{"line":108,"column":40},"end":{"line":137,"column":3}}},"7":{"name":"(anonymous_15)","decl":{"start":{"line":145,"column":21},"end":{"line":145,"column":24}},"loc":{"start":{"line":145,"column":27},"end":{"line":145,"column":43}}},"8":{"name":"(anonymous_16)","decl":{"start":{"line":209,"column":35},"end":{"line":209,"column":36}},"loc":{"start":{"line":210,"column":20},"end":{"line":210,"column":38}}}},"branchMap":{"0":{"loc":{"start":{"line":73,"column":16},"end":{"line":73,"column":65}},"type":"cond-expr","locations":[{"start":{"line":73,"column":28},"end":{"line":73,"column":53}},{"start":{"line":73,"column":56},"end":{"line":73,"column":65}}]},"1":{"loc":{"start":{"line":125,"column":21},"end":{"line":125,"column":68}},"type":"binary-expr","locations":[{"start":{"line":125,"column":21},"end":{"line":125,"column":35}},{"start":{"line":125,"column":39},"end":{"line":125,"column":68}}]},"2":{"loc":{"start":{"line":194,"column":19},"end":{"line":194,"column":80}},"type":"cond-expr","locations":[{"start":{"line":194,"column":36},"end":{"line":194,"column":54}},{"start":{"line":194,"column":57},"end":{"line":194,"column":80}}]},"3":{"loc":{"start":{"line":196,"column":17},"end":{"line":202,"column":null}},"type":"binary-expr","locations":[{"start":{"line":196,"column":17},"end":{"line":196,"column":31}},{"start":{"line":197,"column":18},"end":{"line":201,"column":null}}]},"4":{"loc":{"start":{"line":206,"column":15},"end":{"line":255,"column":null}},"type":"binary-expr","locations":[{"start":{"line":206,"column":15},"end":{"line":206,"column":37}},{"start":{"line":207,"column":16},"end":{"line":254,"column":null}}]},"5":{"loc":{"start":{"line":213,"column":27},"end":{"line":216,"column":null}},"type":"cond-expr","locations":[{"start":{"line":214,"column":28},"end":{"line":214,"column":78}},{"start":{"line":216,"column":28},"end":{"line":216,"column":78}}]},"6":{"loc":{"start":{"line":225,"column":40},"end":{"line":225,"column":82}},"type":"cond-expr","locations":[{"start":{"line":225,"column":57},"end":{"line":225,"column":66}},{"start":{"line":225,"column":69},"end":{"line":225,"column":82}}]},"7":{"loc":{"start":{"line":226,"column":27},"end":{"line":226,"column":59}},"type":"cond-expr","locations":[{"start":{"line":226,"column":44},"end":{"line":226,"column":50}},{"start":{"line":226,"column":53},"end":{"line":226,"column":59}}]},"8":{"loc":{"start":{"line":238,"column":25},"end":{"line":244,"column":null}},"type":"binary-expr","locations":[{"start":{"line":238,"column":25},"end":{"line":238,"column":38}},{"start":{"line":239,"column":26},"end":{"line":243,"column":null}}]},"9":{"loc":{"start":{"line":247,"column":25},"end":{"line":250,"column":null}},"type":"binary-expr","locations":[{"start":{"line":247,"column":25},"end":{"line":247,"column":37}},{"start":{"line":248,"column":26},"end":{"line":249,"column":null}}]}},"s":{"0":0,"1":0,"2":0,"3":0,"4":0,"5":0,"6":0,"7":0,"8":0,"9":0,"10":0,"11":0,"12":0,"13":0,"14":0,"15":0,"16":0,"17":0,"18":0,"19":0,"20":0,"21":0,"22":0,"23":0,"24":0,"25":0,"26":0,"27":0,"28":0,"29":0,"30":0,"31":0,"32":0,"33":0,"34":0,"35":0,"36":0,"37":0,"38":0,"39":0,"40":0,"41":0,"42":0,"43":0,"44":0,"45":0,"46":0,"47":0,"48":0,"49":0,"50":0},"f":{"0":0,"1":0,"2":0,"3":0,"4":0,"5":0,"6":0,"7":0,"8":0},"b":{"0":[0,0],"1":[0,0],"2":[0,0],"3":[0,0],"4":[0,0],"5":[0,0],"6":[0,0],"7":[0,0],"8":[0,0],"9":[0,0]}}
,"/home/runner/workspace/client/src/pages/not-found.tsx": {"path":"/home/runner/workspace/client/src/pages/not-found.tsx","statementMap":{"0":{"start":{"line":4,"column":0},"end":{"line":4,"column":24}},"1":{"start":{"line":1,"column":0},"end":{"line":1,"column":57}},"2":{"start":{"line":2,"column":0},"end":{"line":2,"column":43}},"3":{"start":{"line":5,"column":2},"end":{"line":20,"column":4}}},"fnMap":{"0":{"name":"NotFound","decl":{"start":{"line":4,"column":24},"end":{"line":4,"column":32}},"loc":{"start":{"line":4,"column":32},"end":{"line":21,"column":1}}}},"branchMap":{},"s":{"0":0,"1":0,"2":0,"3":0},"f":{"0":0},"b":{}}
,"/home/runner/workspace/client/src/pages/trip-loader.tsx": {"path":"/home/runner/workspace/client/src/pages/trip-loader.tsx","statementMap":{"0":{"start":{"line":12,"column":0},"end":{"line":12,"column":24}},"1":{"start":{"line":1,"column":0},"end":{"line":1,"column":33}},"2":{"start":{"line":2,"column":0},"end":{"line":2,"column":37}},"3":{"start":{"line":3,"column":0},"end":{"line":3,"column":97}},"4":{"start":{"line":4,"column":0},"end":{"line":4,"column":48}},"5":{"start":{"line":5,"column":0},"end":{"line":5,"column":46}},"6":{"start":{"line":6,"column":0},"end":{"line":6,"column":92}},"7":{"start":{"line":7,"column":0},"end":{"line":7,"column":50}},"8":{"start":{"line":8,"column":0},"end":{"line":8,"column":59}},"9":{"start":{"line":9,"column":0},"end":{"line":9,"column":70}},"10":{"start":{"line":10,"column":0},"end":{"line":10,"column":45}},"11":{"start":{"line":13,"column":26},"end":{"line":13,"column":39}},"12":{"start":{"line":14,"column":44},"end":{"line":14,"column":63}},"13":{"start":{"line":15,"column":20},"end":{"line":15,"column":30}},"14":{"start":{"line":17,"column":29},"end":{"line":23,"column":3}},"15":{"start":{"line":18,"column":4},"end":{"line":18,"column":27}},"16":{"start":{"line":19,"column":4},"end":{"line":22,"column":7}},"17":{"start":{"line":25,"column":30},"end":{"line":30,"column":3}},"18":{"start":{"line":26,"column":4},"end":{"line":29,"column":5}},"19":{"start":{"line":28,"column":6},"end":{"line":28,"column":59}},"20":{"start":{"line":32,"column":2},"end":{"line":171,"column":4}},"21":{"start":{"line":39,"column":27},"end":{"line":39,"column":43}},"22":{"start":{"line":54,"column":25},"end":{"line":54,"column":48}}},"fnMap":{"0":{"name":"TripLoaderPage","decl":{"start":{"line":12,"column":24},"end":{"line":12,"column":38}},"loc":{"start":{"line":12,"column":38},"end":{"line":172,"column":1}}},"1":{"name":"(anonymous_2)","decl":{"start":{"line":17,"column":29},"end":{"line":17,"column":30}},"loc":{"start":{"line":17,"column":43},"end":{"line":23,"column":3}}},"2":{"name":"(anonymous_3)","decl":{"start":{"line":25,"column":30},"end":{"line":25,"column":33}},"loc":{"start":{"line":25,"column":35},"end":{"line":30,"column":3}}},"3":{"name":"(anonymous_4)","decl":{"start":{"line":39,"column":21},"end":{"line":39,"column":24}},"loc":{"start":{"line":39,"column":27},"end":{"line":39,"column":43}}},"4":{"name":"(anonymous_5)","decl":{"start":{"line":54,"column":19},"end":{"line":54,"column":22}},"loc":{"start":{"line":54,"column":25},"end":{"line":54,"column":48}}}},"branchMap":{"0":{"loc":{"start":{"line":26,"column":4},"end":{"line":29,"column":5}},"type":"if","locations":[{"start":{"line":26,"column":4},"end":{"line":29,"column":5}},{"start":{},"end":{}}]},"1":{"loc":{"start":{"line":79,"column":15},"end":{"line":120,"column":null}},"type":"cond-expr","locations":[{"start":{"line":80,"column":16},"end":{"line":113,"column":null}},{"start":{"line":116,"column":16},"end":{"line":119,"column":null}}]},"2":{"loc":{"start":{"line":158,"column":7},"end":{"line":168,"column":null}},"type":"binary-expr","locations":[{"start":{"line":158,"column":7},"end":{"line":158,"column":20}},{"start":{"line":159,"column":8},"end":{"line":167,"column":null}}]},"3":{"loc":{"start":{"line":166,"column":25},"end":{"line":166,"column":59}},"type":"cond-expr","locations":[{"start":{"line":166,"column":47},"end":{"line":166,"column":49}},{"start":{"line":166,"column":47},"end":{"line":166,"column":59}}]},"4":{"loc":{"start":{"line":166,"column":25},"end":{"line":166,"column":49}},"type":"binary-expr","locations":[{"start":{"line":166,"column":25},"end":{"line":166,"column":49}},{"start":{"line":166,"column":47},"end":{"line":166,"column":49}}]}},"s":{"0":0,"1":0,"2":0,"3":0,"4":0,"5":0,"6":0,"7":0,"8":0,"9":0,"10":0,"11":0,"12":0,"13":0,"14":0,"15":0,"16":0,"17":0,"18":0,"19":0,"20":0,"21":0,"22":0},"f":{"0":0,"1":0,"2":0,"3":0,"4":0},"b":{"0":[0,0],"1":[0,0],"2":[0,0],"3":[0,0],"4":[0,0]}}
,"/home/runner/workspace/client/src/pages/widget-manager.tsx": {"path":"/home/runner/workspace/client/src/pages/widget-manager.tsx","statementMap":{"0":{"start":{"line":7,"column":0},"end":{"line":7,"column":24}},"1":{"start":{"line":1,"column":0},"end":{"line":1,"column":37}},"2":{"start":{"line":2,"column":0},"end":{"line":2,"column":48}},"3":{"start":{"line":3,"column":0},"end":{"line":3,"column":41}},"4":{"start":{"line":4,"column":0},"end":{"line":4,"column":70}},"5":{"start":{"line":5,"column":0},"end":{"line":5,"column":74}},"6":{"start":{"line":8,"column":26},"end":{"line":8,"column":39}},"7":{"start":{"line":10,"column":2},"end":{"line":30,"column":4}},"8":{"start":{"line":16,"column":27},"end":{"line":16,"column":43}}},"fnMap":{"0":{"name":"WidgetManagerPage","decl":{"start":{"line":7,"column":24},"end":{"line":7,"column":41}},"loc":{"start":{"line":7,"column":41},"end":{"line":31,"column":1}}},"1":{"name":"(anonymous_2)","decl":{"start":{"line":16,"column":21},"end":{"line":16,"column":24}},"loc":{"start":{"line":16,"column":27},"end":{"line":16,"column":43}}}},"branchMap":{},"s":{"0":0,"1":0,"2":0,"3":0,"4":0,"5":0,"6":0,"7":0,"8":0},"f":{"0":0,"1":0},"b":{}}
}
