TN:
SF:client/src/App.tsx
FN:14,Router
FN:32,App
FNF:2
FNH:0
FNDA:0,Router
FNDA:0,App
DA:1,0
DA:2,0
DA:3,0
DA:4,0
DA:5,0
DA:6,0
DA:7,0
DA:8,0
DA:9,0
DA:10,0
DA:11,0
DA:12,0
DA:15,0
DA:33,0
DA:43,0
LF:15
LH:0
BRF:0
BRH:0
end_of_record
TN:
SF:client/src/components/actual-data-instructions.tsx
FN:6,ActualDataInstructions
FNF:1
FNH:0
FNDA:0,ActualDataInstructions
DA:1,0
DA:2,0
DA:3,0
DA:4,0
DA:6,0
DA:7,0
LF:6
LH:0
BRF:0
BRH:0
end_of_record
TN:
SF:client/src/components/data-loader.tsx
FN:16,DataLoader
FN:34,(anonymous_8)
FN:66,(anonymous_9)
FN:66,(anonymous_10)
FN:82,(anonymous_11)
FN:83,(anonymous_12)
FN:161,(anonymous_13)
FN:161,(anonymous_14)
FN:181,(anonymous_15)
FN:182,(anonymous_16)
FN:251,(anonymous_17)
FN:279,(anonymous_18)
FN:288,(anonymous_19)
FN:305,(anonymous_20)
FN:342,(anonymous_21)
FN:375,(anonymous_22)
FNF:16
FNH:0
FNDA:0,DataLoader
FNDA:0,(anonymous_8)
FNDA:0,(anonymous_9)
FNDA:0,(anonymous_10)
FNDA:0,(anonymous_11)
FNDA:0,(anonymous_12)
FNDA:0,(anonymous_13)
FNDA:0,(anonymous_14)
FNDA:0,(anonymous_15)
FNDA:0,(anonymous_16)
FNDA:0,(anonymous_17)
FNDA:0,(anonymous_18)
FNDA:0,(anonymous_19)
FNDA:0,(anonymous_20)
FNDA:0,(anonymous_21)
FNDA:0,(anonymous_22)
DA:1,0
DA:2,0
DA:3,0
DA:4,0
DA:5,0
DA:6,0
DA:7,0
DA:8,0
DA:9,0
DA:10,0
DA:16,0
DA:17,0
DA:18,0
DA:19,0
DA:20,0
DA:21,0
DA:22,0
DA:23,0
DA:24,0
DA:26,0
DA:34,0
DA:35,0
DA:36,0
DA:37,0
DA:40,0
DA:41,0
DA:43,0
DA:44,0
DA:49,0
DA:50,0
DA:54,0
DA:55,0
DA:60,0
DA:61,0
DA:66,0
DA:67,0
DA:68,0
DA:73,0
DA:76,0
DA:77,0
DA:78,0
DA:80,0
DA:82,0
DA:83,0
DA:84,0
DA:85,0
DA:86,0
DA:88,0
DA:92,0
DA:95,0
DA:106,0
DA:109,0
DA:110,0
DA:113,0
DA:114,0
DA:117,0
DA:127,0
DA:128,0
DA:130,0
DA:131,0
DA:133,0
DA:140,0
DA:148,0
DA:149,0
DA:155,0
DA:156,0
DA:157,0
DA:161,0
DA:162,0
DA:163,0
DA:168,0
DA:171,0
DA:172,0
DA:173,0
DA:175,0
DA:176,0
DA:177,0
DA:178,0
DA:181,0
DA:182,0
DA:183,0
DA:184,0
DA:185,0
DA:187,0
DA:191,0
DA:194,0
DA:199,0
DA:200,0
DA:203,0
DA:205,0
DA:206,0
DA:209,0
DA:219,0
DA:220,0
DA:222,0
DA:223,0
DA:225,0
DA:230,0
DA:238,0
DA:239,0
DA:245,0
DA:246,0
DA:247,0
DA:251,0
DA:252,0
DA:253,0
DA:254,0
DA:255,0
DA:256,0
DA:259,0
DA:279,0
DA:288,0
DA:305,0
DA:343,0
DA:375,0
LF:115
LH:0
BRDA:35,0,0,0
BRDA:35,0,1,0
BRDA:35,1,0,0
BRDA:35,1,1,0
BRDA:36,2,0,0
BRDA:36,2,1,0
BRDA:43,3,0,0
BRDA:43,3,1,0
BRDA:54,4,0,0
BRDA:54,4,1,0
BRDA:67,5,0,0
BRDA:67,5,1,0
BRDA:84,6,0,0
BRDA:84,6,1,0
BRDA:109,7,0,0
BRDA:109,7,1,0
BRDA:109,8,0,0
BRDA:109,8,1,0
BRDA:110,9,0,0
BRDA:110,9,1,0
BRDA:118,10,0,0
BRDA:118,10,1,0
BRDA:118,11,0,0
BRDA:118,11,1,0
BRDA:118,12,0,0
BRDA:118,12,1,0
BRDA:118,13,0,0
BRDA:118,13,1,0
BRDA:119,14,0,0
BRDA:119,14,1,0
BRDA:119,15,0,0
BRDA:119,15,1,0
BRDA:119,16,0,0
BRDA:119,16,1,0
BRDA:119,17,0,0
BRDA:119,17,1,0
BRDA:120,18,0,0
BRDA:120,18,1,0
BRDA:120,19,0,0
BRDA:120,19,1,0
BRDA:120,20,0,0
BRDA:120,20,1,0
BRDA:120,21,0,0
BRDA:120,21,1,0
BRDA:120,22,0,0
BRDA:120,22,1,0
BRDA:121,23,0,0
BRDA:121,23,1,0
BRDA:122,24,0,0
BRDA:122,24,1,0
BRDA:123,25,0,0
BRDA:123,25,1,0
BRDA:123,26,0,0
BRDA:123,26,1,0
BRDA:134,27,0,0
BRDA:134,27,1,0
BRDA:135,28,0,0
BRDA:135,28,1,0
BRDA:137,29,0,0
BRDA:137,29,1,0
BRDA:137,30,0,0
BRDA:137,30,1,0
BRDA:137,31,0,0
BRDA:137,31,1,0
BRDA:143,32,0,0
BRDA:143,32,1,0
BRDA:151,33,0,0
BRDA:151,33,1,0
BRDA:162,34,0,0
BRDA:162,34,1,0
BRDA:183,35,0,0
BRDA:183,35,1,0
BRDA:199,36,0,0
BRDA:199,36,1,0
BRDA:213,37,0,0
BRDA:213,37,1,0
BRDA:214,38,0,0
BRDA:214,38,1,0
BRDA:215,39,0,0
BRDA:215,39,1,0
BRDA:233,40,0,0
BRDA:233,40,1,0
BRDA:241,41,0,0
BRDA:241,41,1,0
BRDA:252,42,0,0
BRDA:252,42,1,0
BRDA:278,43,0,0
BRDA:278,43,1,0
BRDA:287,44,0,0
BRDA:287,44,1,0
BRDA:299,45,0,0
BRDA:299,45,1,0
BRDA:316,46,0,0
BRDA:316,46,1,0
BRDA:355,47,0,0
BRDA:355,47,1,0
BRDA:355,48,0,0
BRDA:355,48,1,0
BRDA:355,48,2,0
BRDA:355,48,3,0
BRDA:359,49,0,0
BRDA:359,49,1,0
BRDA:366,50,0,0
BRDA:366,50,1,0
BRDA:366,51,0,0
BRDA:366,51,1,0
BRDA:366,52,0,0
BRDA:366,52,1,0
BRDA:369,53,0,0
BRDA:369,53,1,0
BRDA:369,54,0,0
BRDA:369,54,1,0
BRDA:369,55,0,0
BRDA:369,55,1,0
BRDA:369,56,0,0
BRDA:369,56,1,0
BRDA:375,57,0,0
BRDA:375,57,1,0
BRDA:375,58,0,0
BRDA:375,58,1,0
BRDA:384,59,0,0
BRDA:384,59,1,0
BRDA:399,60,0,0
BRDA:399,60,1,0
BRDA:401,61,0,0
BRDA:401,61,1,0
BRDA:401,61,2,0
BRDA:401,61,3,0
BRDA:401,61,4,0
BRDA:408,62,0,0
BRDA:408,62,1,0
BRDA:416,63,0,0
BRDA:416,63,1,0
BRF:133
BRH:0
end_of_record
TN:
SF:client/src/components/demo-trip-loader.tsx
FN:9,DemoTripLoader
FN:35,(anonymous_8)
FN:35,(anonymous_9)
FN:40,(anonymous_10)
FN:91,(anonymous_11)
FNF:5
FNH:0
FNDA:0,DemoTripLoader
FNDA:0,(anonymous_8)
FNDA:0,(anonymous_9)
FNDA:0,(anonymous_10)
FNDA:0,(anonymous_11)
DA:1,0
DA:2,0
DA:3,0
DA:5,0
DA:6,0
DA:7,0
DA:9,0
DA:10,0
DA:11,0
DA:13,0
DA:26,0
DA:35,0
DA:36,0
DA:38,0
DA:39,0
DA:40,0
DA:43,0
DA:46,0
DA:48,0
DA:92,0
LF:20
LH:0
BRDA:107,0,0,0
BRDA:107,0,1,0
BRDA:120,1,0,0
BRDA:120,1,1,0
BRDA:130,2,0,0
BRDA:130,2,1,0
BRDA:130,2,2,0
BRF:7
BRH:0
end_of_record
TN:
SF:client/src/components/integration-status.tsx
FN:12,IntegrationStatus
FN:18,(anonymous_8)
FN:22,(anonymous_9)
FN:22,(anonymous_10)
FN:62,(anonymous_11)
FN:73,(anonymous_12)
FN:128,(anonymous_13)
FN:150,(anonymous_14)
FNF:8
FNH:0
FNDA:0,IntegrationStatus
FNDA:0,(anonymous_8)
FNDA:0,(anonymous_9)
FNDA:0,(anonymous_10)
FNDA:0,(anonymous_11)
FNDA:0,(anonymous_12)
FNDA:0,(anonymous_13)
FNDA:0,(anonymous_14)
DA:1,0
DA:2,0
DA:3,0
DA:4,0
DA:5,0
DA:6,0
DA:12,0
DA:13,0
DA:14,0
DA:15,0
DA:16,0
DA:18,0
DA:19,0
DA:22,0
DA:23,0
DA:25,0
DA:26,0
DA:27,0
DA:30,0
DA:31,0
DA:32,0
DA:35,0
DA:46,0
DA:49,0
DA:50,0
DA:52,0
DA:55,0
DA:57,0
DA:58,0
DA:62,0
DA:63,0
DA:65,0
DA:67,0
DA:69,0
DA:73,0
DA:74,0
DA:76,0
DA:78,0
DA:80,0
DA:84,0
DA:128,0
DA:151,0
LF:42
LH:0
BRDA:49,0,0,0
BRDA:49,0,1,0
BRDA:49,1,0,0
BRDA:49,1,1,0
BRDA:49,2,0,0
BRDA:49,2,1,0
BRDA:63,3,0,0
BRDA:63,3,1,0
BRDA:63,3,2,0
BRDA:74,4,0,0
BRDA:74,4,1,0
BRDA:74,4,2,0
BRDA:112,5,0,0
BRDA:112,5,1,0
BRDA:113,6,0,0
BRDA:113,6,1,0
BRDA:132,7,0,0
BRDA:132,7,1,0
BRDA:132,8,0,0
BRDA:132,8,1,0
BRDA:132,9,0,0
BRDA:132,9,1,0
BRDA:158,10,0,0
BRDA:158,10,1,0
BRDA:169,11,0,0
BRDA:169,11,1,0
BRDA:172,12,0,0
BRDA:172,12,1,0
BRF:28
BRH:0
end_of_record
TN:
SF:client/src/components/navigation.tsx
FN:6,Navigation
FN:46,(anonymous_1)
FN:69,(anonymous_2)
FNF:3
FNH:0
FNDA:0,Navigation
FNDA:0,(anonymous_1)
FNDA:0,(anonymous_2)
DA:1,0
DA:2,0
DA:3,0
DA:4,0
DA:6,0
DA:7,0
DA:9,0
DA:36,0
DA:47,0
DA:48,0
DA:50,0
DA:69,0
LF:12
LH:0
BRDA:53,0,0,0
BRDA:53,0,1,0
BRDA:56,1,0,0
BRDA:56,1,1,0
BRDA:69,2,0,0
BRDA:69,2,1,0
BRDA:69,3,0,0
BRDA:69,3,1,0
BRF:8
BRH:0
end_of_record
TN:
SF:client/src/components/plugin-wizard-demo.tsx
FN:14,PluginWizardDemo
FN:18,(anonymous_2)
FN:20,(anonymous_3)
FN:78,(anonymous_4)
FN:81,(anonymous_5)
FN:86,(anonymous_6)
FN:119,(anonymous_7)
FN:151,(anonymous_8)
FN:166,(anonymous_9)
FN:229,(anonymous_10)
FN:285,(anonymous_11)
FN:341,(anonymous_12)
FN:360,(anonymous_13)
FN:362,(anonymous_14)
FNF:14
FNH:0
FNDA:0,PluginWizardDemo
FNDA:0,(anonymous_2)
FNDA:0,(anonymous_3)
FNDA:0,(anonymous_4)
FNDA:0,(anonymous_5)
FNDA:0,(anonymous_6)
FNDA:0,(anonymous_7)
FNDA:0,(anonymous_8)
FNDA:0,(anonymous_9)
FNDA:0,(anonymous_10)
FNDA:0,(anonymous_11)
FNDA:0,(anonymous_12)
FNDA:0,(anonymous_13)
FNDA:0,(anonymous_14)
DA:1,0
DA:2,0
DA:3,0
DA:4,0
DA:5,0
DA:6,0
DA:7,0
DA:14,0
DA:15,0
DA:16,0
DA:18,0
DA:19,0
DA:20,0
DA:21,0
DA:24,0
DA:72,0
DA:73,0
DA:78,0
DA:81,0
DA:86,0
DA:100,0
DA:120,0
DA:121,0
DA:123,0
DA:152,0
DA:166,0
DA:229,0
DA:285,0
DA:341,0
DA:360,0
DA:362,0
LF:31
LH:0
BRDA:20,0,0,0
BRDA:20,0,1,0
BRDA:72,1,0,0
BRDA:72,1,1,0
BRDA:78,2,0,0
BRDA:78,2,1,0
BRDA:78,3,0,0
BRDA:78,3,1,0
BRDA:81,4,0,0
BRDA:81,4,1,0
BRDA:81,5,0,0
BRDA:81,5,1,0
BRDA:138,6,0,0
BRDA:138,6,1,0
BRDA:168,7,0,0
BRDA:168,7,1,0
BRDA:171,8,0,0
BRDA:171,8,1,0
BRDA:350,9,0,0
BRDA:350,9,1,0
BRDA:362,10,0,0
BRDA:362,10,1,0
BRDA:362,11,0,0
BRDA:362,11,1,0
BRF:24
BRH:0
end_of_record
TN:
SF:client/src/components/plugin-wizard.tsx
FN:19,PluginWizard
FN:31,(anonymous_1)
FN:35,(anonymous_2)
FN:46,(anonymous_3)
FN:60,(anonymous_4)
FN:71,(anonymous_5)
FN:81,(anonymous_6)
FN:87,(anonymous_7)
FN:116,(anonymous_8)
FN:127,(anonymous_9)
FN:142,(anonymous_10)
FN:142,(anonymous_11)
FN:152,(anonymous_12)
FN:152,(anonymous_13)
FN:163,(anonymous_14)
FN:163,(anonymous_15)
FN:179,(anonymous_16)
FN:198,(anonymous_17)
FN:246,(anonymous_18)
FN:267,(anonymous_19)
FN:274,(anonymous_20)
FN:284,(anonymous_21)
FN:301,(anonymous_22)
FN:319,(anonymous_23)
FN:335,(anonymous_24)
FN:359,(anonymous_25)
FN:366,(anonymous_26)
FN:376,(anonymous_27)
FN:449,(anonymous_28)
FN:449,(anonymous_29)
FN:460,(anonymous_30)
FNF:31
FNH:0
FNDA:0,PluginWizard
FNDA:0,(anonymous_1)
FNDA:0,(anonymous_2)
FNDA:0,(anonymous_3)
FNDA:0,(anonymous_4)
FNDA:0,(anonymous_5)
FNDA:0,(anonymous_6)
FNDA:0,(anonymous_7)
FNDA:0,(anonymous_8)
FNDA:0,(anonymous_9)
FNDA:0,(anonymous_10)
FNDA:0,(anonymous_11)
FNDA:0,(anonymous_12)
FNDA:0,(anonymous_13)
FNDA:0,(anonymous_14)
FNDA:0,(anonymous_15)
FNDA:0,(anonymous_16)
FNDA:0,(anonymous_17)
FNDA:0,(anonymous_18)
FNDA:0,(anonymous_19)
FNDA:0,(anonymous_20)
FNDA:0,(anonymous_21)
FNDA:0,(anonymous_22)
FNDA:0,(anonymous_23)
FNDA:0,(anonymous_24)
FNDA:0,(anonymous_25)
FNDA:0,(anonymous_26)
FNDA:0,(anonymous_27)
FNDA:0,(anonymous_28)
FNDA:0,(anonymous_29)
FNDA:0,(anonymous_30)
DA:1,0
DA:2,0
DA:3,0
DA:4,0
DA:5,0
DA:6,0
DA:7,0
DA:8,0
DA:9,0
DA:10,0
DA:11,0
DA:19,0
DA:20,0
DA:21,0
DA:22,0
DA:29,0
DA:31,0
DA:32,0
DA:33,0
DA:34,0
DA:35,0
DA:42,0
DA:46,0
DA:47,0
DA:48,0
DA:51,0
DA:60,0
DA:61,0
DA:62,0
DA:63,0
DA:64,0
DA:65,0
DA:66,0
DA:67,0
DA:71,0
DA:72,0
DA:82,0
DA:87,0
DA:116,0
DA:127,0
DA:142,0
DA:152,0
DA:163,0
DA:180,0
DA:199,0
DA:247,0
DA:267,0
DA:274,0
DA:284,0
DA:302,0
DA:320,0
DA:336,0
DA:359,0
DA:366,0
DA:376,0
DA:449,0
DA:460,0
DA:477,0
LF:58
LH:0
BRDA:34,0,0,0
BRDA:34,0,1,0
BRDA:47,1,0,0
BRDA:47,1,1,0
BRDA:47,2,0,0
BRDA:47,2,1,0
BRDA:56,3,0,0
BRDA:56,3,1,0
BRDA:61,4,0,0
BRDA:61,4,1,0
BRDA:61,4,2,0
BRDA:61,4,3,0
BRDA:61,4,4,0
BRDA:61,4,5,0
BRDA:85,5,0,0
BRDA:85,5,1,0
BRDA:102,6,0,0
BRDA:102,6,1,0
BRDA:169,7,0,0
BRDA:169,7,1,0
BRDA:175,8,0,0
BRDA:175,8,1,0
BRDA:175,9,0,0
BRDA:175,9,1,0
BRDA:175,10,0,0
BRDA:175,10,1,0
BRDA:179,11,0,0
BRDA:179,11,1,0
BRDA:179,12,0,0
BRDA:179,12,1,0
BRDA:184,13,0,0
BRDA:184,13,1,0
BRDA:185,14,0,0
BRDA:185,14,1,0
BRDA:194,15,0,0
BRDA:194,15,1,0
BRDA:194,16,0,0
BRDA:194,16,1,0
BRDA:194,17,0,0
BRDA:194,17,1,0
BRDA:198,18,0,0
BRDA:198,18,1,0
BRDA:198,19,0,0
BRDA:198,19,1,0
BRDA:220,20,0,0
BRDA:220,20,1,0
BRDA:220,21,0,0
BRDA:220,21,1,0
BRDA:221,22,0,0
BRDA:221,22,1,0
BRDA:221,23,0,0
BRDA:221,23,1,0
BRDA:224,24,0,0
BRDA:224,24,1,0
BRDA:224,25,0,0
BRDA:224,25,1,0
BRDA:227,26,0,0
BRDA:227,26,1,0
BRDA:227,27,0,0
BRDA:227,27,1,0
BRDA:228,28,0,0
BRDA:228,28,1,0
BRDA:228,29,0,0
BRDA:228,29,1,0
BRDA:228,30,0,0
BRDA:228,30,1,0
BRDA:239,31,0,0
BRDA:239,31,1,0
BRDA:239,32,0,0
BRDA:239,32,1,0
BRDA:239,33,0,0
BRDA:239,33,1,0
BRDA:240,34,0,0
BRDA:240,34,1,0
BRDA:240,35,0,0
BRDA:240,35,1,0
BRDA:240,36,0,0
BRDA:240,36,1,0
BRDA:243,37,0,0
BRDA:243,37,1,0
BRDA:243,38,0,0
BRDA:243,38,1,0
BRDA:243,39,0,0
BRDA:243,39,1,0
BRDA:243,40,0,0
BRDA:243,40,1,0
BRDA:243,41,0,0
BRDA:243,41,1,0
BRDA:246,42,0,0
BRDA:246,42,1,0
BRDA:246,43,0,0
BRDA:246,43,1,0
BRDA:246,44,0,0
BRDA:246,44,1,0
BRDA:246,45,0,0
BRDA:246,45,1,0
BRDA:251,46,0,0
BRDA:251,46,1,0
BRDA:252,47,0,0
BRDA:252,47,1,0
BRDA:293,48,0,0
BRDA:293,48,1,0
BRDA:293,49,0,0
BRDA:293,49,1,0
BRDA:293,50,0,0
BRDA:293,50,1,0
BRDA:293,51,0,0
BRDA:293,51,1,0
BRDA:293,52,0,0
BRDA:293,52,1,0
BRDA:301,53,0,0
BRDA:301,53,1,0
BRDA:301,54,0,0
BRDA:301,54,1,0
BRDA:308,55,0,0
BRDA:308,55,1,0
BRDA:319,56,0,0
BRDA:319,56,1,0
BRDA:319,57,0,0
BRDA:319,57,1,0
BRDA:335,58,0,0
BRDA:335,58,1,0
BRDA:335,59,0,0
BRDA:335,59,1,0
BRDA:407,60,0,0
BRDA:407,60,1,0
BRDA:407,61,0,0
BRDA:407,61,1,0
BRDA:425,62,0,0
BRDA:425,62,1,0
BRDA:425,63,0,0
BRDA:425,63,1,0
BRDA:425,64,0,0
BRDA:425,64,1,0
BRDA:425,65,0,0
BRDA:425,65,1,0
BRDA:425,66,0,0
BRDA:425,66,1,0
BRDA:429,67,0,0
BRDA:429,67,1,0
BRDA:429,68,0,0
BRDA:429,68,1,0
BRDA:429,69,0,0
BRDA:429,69,1,0
BRDA:429,70,0,0
BRDA:429,70,1,0
BRDA:429,71,0,0
BRDA:429,71,1,0
BRDA:434,72,0,0
BRDA:434,72,1,0
BRDA:434,73,0,0
BRDA:434,73,1,0
BRDA:434,74,0,0
BRDA:434,74,1,0
BRDA:434,75,0,0
BRDA:434,75,1,0
BRDA:434,76,0,0
BRDA:434,76,1,0
BRDA:434,77,0,0
BRDA:434,77,1,0
BRDA:434,78,0,0
BRDA:434,78,1,0
BRDA:468,79,0,0
BRDA:468,79,1,0
BRDA:468,79,2,0
BRDA:471,80,0,0
BRDA:471,80,1,0
BRF:167
BRH:0
end_of_record
TN:
SF:client/src/components/real-data-indicator.tsx
FN:11,RealDataIndicator
FNF:1
FNH:0
FNDA:0,RealDataIndicator
DA:1,0
DA:2,0
DA:3,0
DA:11,0
DA:12,0
DA:14,0
LF:6
LH:0
BRDA:12,0,0,0
BRDA:12,0,1,0
BRDA:44,1,0,0
BRDA:44,1,1,0
BRDA:48,2,0,0
BRDA:48,2,1,0
BRDA:48,3,0,0
BRDA:48,3,1,0
BRDA:52,4,0,0
BRDA:52,4,1,0
BRDA:56,5,0,0
BRDA:56,5,1,0
BRF:12
BRH:0
end_of_record
TN:
SF:client/src/components/trajectory-visualizer.tsx
FN:14,TrajectoryVisualizer
FN:42,(anonymous_1)
FN:50,(anonymous_2)
FN:93,(anonymous_3)
FN:101,(anonymous_4)
FN:114,(anonymous_5)
FN:117,(anonymous_6)
FN:145,(anonymous_7)
FN:149,(anonymous_8)
FN:168,(anonymous_9)
FN:174,(anonymous_10)
FN:175,(anonymous_11)
FN:176,(anonymous_12)
FN:178,(anonymous_13)
FN:201,(anonymous_14)
FNF:15
FNH:0
FNDA:0,TrajectoryVisualizer
FNDA:0,(anonymous_1)
FNDA:0,(anonymous_2)
FNDA:0,(anonymous_3)
FNDA:0,(anonymous_4)
FNDA:0,(anonymous_5)
FNDA:0,(anonymous_6)
FNDA:0,(anonymous_7)
FNDA:0,(anonymous_8)
FNDA:0,(anonymous_9)
FNDA:0,(anonymous_10)
FNDA:0,(anonymous_11)
FNDA:0,(anonymous_12)
FNDA:0,(anonymous_13)
FNDA:0,(anonymous_14)
DA:1,0
DA:2,0
DA:3,0
DA:4,0
DA:5,0
DA:6,0
DA:7,0
DA:14,0
DA:15,0
DA:16,0
DA:19,0
DA:42,0
DA:50,0
DA:57,0
DA:64,0
DA:93,0
DA:101,0
DA:114,0
DA:118,0
DA:145,0
DA:149,0
DA:168,0
DA:174,0
DA:175,0
DA:176,0
DA:178,0
DA:201,0
LF:27
LH:0
BRDA:66,0,0,0
BRDA:66,0,1,0
BRDA:92,1,0,0
BRDA:92,1,1,0
BRDA:100,2,0,0
BRDA:100,2,1,0
BRDA:109,3,0,0
BRDA:109,3,1,0
BRDA:128,4,0,0
BRDA:128,4,1,0
BRDA:146,5,0,0
BRDA:146,5,1,0
BRDA:147,6,0,0
BRDA:147,6,1,0
BRDA:147,7,0,0
BRDA:147,7,1,0
BRDA:168,8,0,0
BRDA:168,8,1,0
BRDA:168,9,0,0
BRDA:168,9,1,0
BRDA:168,10,0,0
BRDA:168,10,1,0
BRDA:175,11,0,0
BRDA:175,11,1,0
BRDA:175,12,0,0
BRDA:175,12,1,0
BRDA:175,13,0,0
BRDA:175,13,1,0
BRDA:176,14,0,0
BRDA:176,14,1,0
BRDA:176,15,0,0
BRDA:176,15,1,0
BRDA:176,16,0,0
BRDA:176,16,1,0
BRDA:182,17,0,0
BRDA:182,17,1,0
BRDA:183,18,0,0
BRDA:183,18,1,0
BRDA:184,19,0,0
BRDA:184,19,1,0
BRDA:213,20,0,0
BRDA:213,20,1,0
BRDA:214,21,0,0
BRDA:214,21,1,0
BRF:44
BRH:0
end_of_record
TN:
SF:client/src/components/trip-data-explanation.tsx
FN:12,TripDataExplanation
FN:65,(anonymous_1)
FNF:2
FNH:0
FNDA:0,TripDataExplanation
FNDA:0,(anonymous_1)
DA:1,0
DA:2,0
DA:3,0
DA:4,0
DA:12,0
DA:13,0
DA:15,0
DA:66,0
LF:8
LH:0
BRDA:13,0,0,0
BRDA:13,0,1,0
BRDA:17,1,0,0
BRDA:17,1,1,0
BRDA:22,2,0,0
BRDA:22,2,1,0
BRDA:25,3,0,0
BRDA:25,3,1,0
BRDA:47,4,0,0
BRDA:47,4,1,0
BRDA:58,5,0,0
BRDA:58,5,1,0
BRDA:58,6,0,0
BRDA:58,6,1,0
BRDA:58,7,0,0
BRDA:58,7,1,0
BRDA:65,8,0,0
BRDA:65,8,1,0
BRDA:79,9,0,0
BRDA:79,9,1,0
BRDA:83,10,0,0
BRDA:83,10,1,0
BRF:22
BRH:0
end_of_record
TN:
SF:client/src/components/debug-player/sidebar-left.tsx
FN:24,SidebarLeft
FN:34,(anonymous_1)
FN:61,(anonymous_2)
FN:120,(anonymous_3)
FN:124,(anonymous_4)
FN:183,(anonymous_5)
FN:187,(anonymous_6)
FNF:7
FNH:0
FNDA:0,SidebarLeft
FNDA:0,(anonymous_1)
FNDA:0,(anonymous_2)
FNDA:0,(anonymous_3)
FNDA:0,(anonymous_4)
FNDA:0,(anonymous_5)
FNDA:0,(anonymous_6)
DA:1,0
DA:2,0
DA:3,0
DA:4,0
DA:24,0
DA:34,0
DA:35,0
DA:38,0
DA:47,0
DA:62,0
DA:121,0
DA:124,0
DA:184,0
DA:187,0
LF:14
LH:0
BRDA:126,0,0,0
BRDA:126,0,1,0
BRDA:129,1,0,0
BRDA:129,1,1,0
BRDA:130,2,0,0
BRDA:130,2,1,0
BRDA:131,3,0,0
BRDA:131,3,1,0
BRDA:132,4,0,0
BRDA:132,4,1,0
BRDA:133,5,0,0
BRDA:133,5,1,0
BRF:12
BRH:0
end_of_record
TN:
SF:client/src/components/debug-player/sidebar-right.tsx
FN:13,SidebarRight
FN:94,(anonymous_1)
FNF:2
FNH:0
FNDA:0,SidebarRight
FNDA:0,(anonymous_1)
DA:1,0
DA:2,0
DA:3,0
DA:4,0
DA:13,0
DA:19,0
DA:95,0
LF:7
LH:0
BRDA:34,0,0,0
BRDA:34,0,1,0
BRDA:34,1,0,0
BRDA:34,1,1,0
BRDA:34,2,0,0
BRDA:34,2,1,0
BRDA:34,3,0,0
BRDA:34,3,1,0
BRDA:34,4,0,0
BRDA:34,4,1,0
BRDA:38,5,0,0
BRDA:38,5,1,0
BRDA:38,6,0,0
BRDA:38,6,1,0
BRDA:38,7,0,0
BRDA:38,7,1,0
BRDA:38,8,0,0
BRDA:38,8,1,0
BRDA:38,9,0,0
BRDA:38,9,1,0
BRDA:43,10,0,0
BRDA:43,10,1,0
BRDA:43,11,0,0
BRDA:43,11,1,0
BRDA:43,12,0,0
BRDA:43,12,1,0
BRDA:43,13,0,0
BRDA:43,13,1,0
BRDA:43,14,0,0
BRDA:43,14,1,0
BRDA:43,15,0,0
BRDA:43,15,1,0
BRDA:43,16,0,0
BRDA:43,16,1,0
BRDA:43,17,0,0
BRDA:43,17,1,0
BRDA:43,18,0,0
BRDA:43,18,1,0
BRDA:43,19,0,0
BRDA:43,19,1,0
BRDA:48,20,0,0
BRDA:48,20,1,0
BRDA:48,21,0,0
BRDA:48,21,1,0
BRDA:48,22,0,0
BRDA:48,22,1,0
BRDA:49,23,0,0
BRDA:49,23,1,0
BRDA:49,24,0,0
BRDA:49,24,1,0
BRDA:49,25,0,0
BRDA:49,25,1,0
BRDA:49,26,0,0
BRDA:49,26,1,0
BRDA:49,27,0,0
BRDA:49,27,1,0
BRDA:50,28,0,0
BRDA:50,28,1,0
BRDA:50,29,0,0
BRDA:50,29,1,0
BRDA:50,30,0,0
BRDA:50,30,1,0
BRDA:87,31,0,0
BRDA:87,31,1,0
BRDA:97,32,0,0
BRDA:97,32,1,0
BRF:66
BRH:0
end_of_record
TN:
SF:client/src/components/debug-player/tab-panels.tsx
FN:15,TabPanels
FN:190,(anonymous_1)
FN:197,(anonymous_2)
FN:290,(anonymous_3)
FN:314,(anonymous_4)
FNF:5
FNH:0
FNDA:0,TabPanels
FNDA:0,(anonymous_1)
FNDA:0,(anonymous_2)
FNDA:0,(anonymous_3)
FNDA:0,(anonymous_4)
DA:1,0
DA:2,0
DA:3,0
DA:15,0
DA:24,0
DA:25,0
DA:152,0
DA:153,0
DA:190,0
DA:197,0
DA:223,0
DA:224,0
DA:290,0
DA:307,0
DA:308,0
DA:315,0
DA:364,0
LF:17
LH:0
BRDA:24,0,0,0
BRDA:24,0,1,0
BRDA:29,1,0,0
BRDA:29,1,1,0
BRDA:35,2,0,0
BRDA:35,2,1,0
BRDA:35,3,0,0
BRDA:35,3,1,0
BRDA:35,4,0,0
BRDA:35,4,1,0
BRDA:35,5,0,0
BRDA:35,5,1,0
BRDA:35,6,0,0
BRDA:35,6,1,0
BRDA:69,7,0,0
BRDA:69,7,1,0
BRDA:75,8,0,0
BRDA:75,8,1,0
BRDA:75,9,0,0
BRDA:75,9,1,0
BRDA:75,10,0,0
BRDA:75,10,1,0
BRDA:75,11,0,0
BRDA:75,11,1,0
BRDA:75,12,0,0
BRDA:75,12,1,0
BRDA:105,13,0,0
BRDA:105,13,1,0
BRDA:110,14,0,0
BRDA:110,14,1,0
BRDA:116,15,0,0
BRDA:116,15,1,0
BRDA:116,16,0,0
BRDA:116,16,1,0
BRDA:116,17,0,0
BRDA:116,17,1,0
BRDA:117,18,0,0
BRDA:117,18,1,0
BRDA:117,19,0,0
BRDA:117,19,1,0
BRDA:117,20,0,0
BRDA:117,20,1,0
BRDA:117,21,0,0
BRDA:117,21,1,0
BRDA:117,22,0,0
BRDA:117,22,1,0
BRDA:152,23,0,0
BRDA:152,23,1,0
BRDA:203,24,0,0
BRDA:203,24,1,0
BRDA:203,25,0,0
BRDA:203,25,1,0
BRDA:203,26,0,0
BRDA:203,26,1,0
BRDA:203,27,0,0
BRDA:203,27,1,0
BRDA:223,28,0,0
BRDA:223,28,1,0
BRDA:296,29,0,0
BRDA:296,29,1,0
BRDA:296,30,0,0
BRDA:296,30,1,0
BRDA:296,31,0,0
BRDA:296,31,1,0
BRDA:296,32,0,0
BRDA:296,32,1,0
BRDA:307,33,0,0
BRDA:307,33,1,0
BRDA:319,34,0,0
BRDA:319,34,1,0
BRF:70
BRH:0
end_of_record
TN:
SF:client/src/components/debug-player/timeline-control.tsx
FN:24,TimelineControl
FN:73,(anonymous_1)
FN:88,(anonymous_2)
FN:92,(anonymous_3)
FN:109,(anonymous_4)
FNF:5
FNH:0
FNDA:0,TimelineControl
FNDA:0,(anonymous_1)
FNDA:0,(anonymous_2)
FNDA:0,(anonymous_3)
FNDA:0,(anonymous_4)
DA:1,0
DA:3,0
DA:4,0
DA:24,0
DA:41,0
DA:73,0
DA:88,0
DA:93,0
DA:109,0
LF:9
LH:0
BRDA:60,0,0,0
BRDA:60,0,1,0
BRDA:131,1,0,0
BRDA:131,1,1,0
BRDA:139,2,0,0
BRDA:139,2,1,0
BRF:6
BRH:0
end_of_record
TN:
SF:client/src/components/debug-player/visualization-area.tsx
FN:16,VisualizationArea
FN:38,(anonymous_1)
FN:44,(anonymous_2)
FNF:3
FNH:0
FNDA:0,VisualizationArea
FNDA:0,(anonymous_1)
FNDA:0,(anonymous_2)
DA:1,0
DA:2,0
DA:3,0
DA:16,0
DA:26,0
DA:33,0
DA:39,0
DA:40,0
DA:44,0
LF:9
LH:0
BRDA:45,0,0,0
BRDA:45,0,1,0
BRF:2
BRH:0
end_of_record
TN:
SF:client/src/components/widget-wizard/widget-dashboard.tsx
FN:11,WidgetDashboard
FN:16,(anonymous_2)
FN:17,(anonymous_3)
FN:20,(anonymous_4)
FN:21,(anonymous_5)
FN:30,(anonymous_6)
FN:33,(anonymous_7)
FN:34,(anonymous_8)
FN:80,(anonymous_9)
FNF:9
FNH:0
FNDA:0,WidgetDashboard
FNDA:0,(anonymous_2)
FNDA:0,(anonymous_3)
FNDA:0,(anonymous_4)
FNDA:0,(anonymous_5)
FNDA:0,(anonymous_6)
FNDA:0,(anonymous_7)
FNDA:0,(anonymous_8)
FNDA:0,(anonymous_9)
DA:1,0
DA:2,0
DA:3,0
DA:5,0
DA:6,0
DA:7,0
DA:8,0
DA:9,0
DA:11,0
DA:12,0
DA:13,0
DA:14,0
DA:16,0
DA:17,0
DA:18,0
DA:19,0
DA:20,0
DA:21,0
DA:23,0
DA:24,0
DA:27,0
DA:29,0
DA:30,0
DA:33,0
DA:34,0
DA:37,0
DA:38,0
DA:46,0
DA:81,0
LF:29
LH:0
BRDA:37,0,0,0
BRDA:37,0,1,0
BRDA:67,1,0,0
BRDA:67,1,1,0
BRF:4
BRH:0
end_of_record
TN:
SF:client/src/components/widget-wizard/widget-manager.tsx
FN:75,WidgetManager
FN:80,(anonymous_9)
FN:81,(anonymous_10)
FN:83,(anonymous_11)
FN:102,(anonymous_12)
FN:105,(anonymous_13)
FN:120,(anonymous_14)
FN:135,(anonymous_15)
FN:139,(anonymous_16)
FN:139,(anonymous_17)
FN:146,(anonymous_18)
FN:146,(anonymous_19)
FN:149,(anonymous_20)
FN:149,(anonymous_21)
FN:155,(anonymous_22)
FN:157,(anonymous_23)
FN:160,(anonymous_24)
FN:189,(anonymous_25)
FN:194,(anonymous_26)
FN:204,(anonymous_27)
FN:221,(anonymous_28)
FN:231,(anonymous_29)
FN:264,(anonymous_30)
FN:270,(anonymous_31)
FN:272,(anonymous_32)
FNF:25
FNH:0
FNDA:0,WidgetManager
FNDA:0,(anonymous_9)
FNDA:0,(anonymous_10)
FNDA:0,(anonymous_11)
FNDA:0,(anonymous_12)
FNDA:0,(anonymous_13)
FNDA:0,(anonymous_14)
FNDA:0,(anonymous_15)
FNDA:0,(anonymous_16)
FNDA:0,(anonymous_17)
FNDA:0,(anonymous_18)
FNDA:0,(anonymous_19)
FNDA:0,(anonymous_20)
FNDA:0,(anonymous_21)
FNDA:0,(anonymous_22)
FNDA:0,(anonymous_23)
FNDA:0,(anonymous_24)
FNDA:0,(anonymous_25)
FNDA:0,(anonymous_26)
FNDA:0,(anonymous_27)
FNDA:0,(anonymous_28)
FNDA:0,(anonymous_29)
FNDA:0,(anonymous_30)
FNDA:0,(anonymous_31)
FNDA:0,(anonymous_32)
DA:1,0
DA:2,0
DA:3,0
DA:4,0
DA:5,0
DA:6,0
DA:7,0
DA:8,0
DA:24,0
DA:25,0
DA:39,0
DA:75,0
DA:76,0
DA:77,0
DA:80,0
DA:81,0
DA:82,0
DA:83,0
DA:95,0
DA:98,0
DA:101,0
DA:102,0
DA:105,0
DA:106,0
DA:108,0
DA:110,0
DA:112,0
DA:114,0
DA:116,0
DA:120,0
DA:121,0
DA:123,0
DA:125,0
DA:127,0
DA:129,0
DA:131,0
DA:135,0
DA:136,0
DA:137,0
DA:139,0
DA:140,0
DA:146,0
DA:147,0
DA:148,0
DA:149,0
DA:151,0
DA:155,0
DA:156,0
DA:157,0
DA:160,0
DA:161,0
DA:163,0
DA:189,0
DA:194,0
DA:204,0
DA:222,0
DA:232,0
DA:249,0
DA:264,0
DA:270,0
DA:272,0
LF:61
LH:0
BRDA:90,0,0,0
BRDA:90,0,1,0
BRDA:91,1,0,0
BRDA:91,1,1,0
BRDA:106,2,0,0
BRDA:106,2,1,0
BRDA:106,2,2,0
BRDA:106,2,3,0
BRDA:106,2,4,0
BRDA:121,3,0,0
BRDA:121,3,1,0
BRDA:121,3,2,0
BRDA:121,3,3,0
BRDA:121,3,4,0
BRDA:136,4,0,0
BRDA:136,4,1,0
BRDA:136,5,0,0
BRDA:136,5,1,0
BRDA:140,6,0,0
BRDA:140,6,1,0
BRDA:156,7,0,0
BRDA:156,7,1,0
BRDA:156,8,0,0
BRDA:156,8,1,0
BRDA:177,9,0,0
BRDA:177,9,1,0
BRDA:188,10,0,0
BRDA:188,10,1,0
BRDA:279,11,0,0
BRDA:279,11,1,0
BRDA:299,12,0,0
BRDA:299,12,1,0
BRF:32
BRH:0
end_of_record
TN:
SF:client/src/components/widget-wizard/widget-renderer.tsx
FN:13,WidgetRenderer
FN:18,(anonymous_1)
FN:19,(anonymous_2)
FN:26,(anonymous_3)
FN:49,(anonymous_4)
FN:67,(anonymous_5)
FN:80,(anonymous_6)
FNF:7
FNH:0
FNDA:0,WidgetRenderer
FNDA:0,(anonymous_1)
FNDA:0,(anonymous_2)
FNDA:0,(anonymous_3)
FNDA:0,(anonymous_4)
FNDA:0,(anonymous_5)
FNDA:0,(anonymous_6)
DA:1,0
DA:2,0
DA:3,0
DA:4,0
DA:5,0
DA:6,0
DA:13,0
DA:14,0
DA:15,0
DA:16,0
DA:18,0
DA:19,0
DA:20,0
DA:21,0
DA:22,0
DA:25,0
DA:26,0
DA:28,0
DA:29,0
DA:30,0
DA:31,0
DA:32,0
DA:34,0
DA:35,0
DA:39,0
DA:40,0
DA:41,0
DA:45,0
DA:48,0
DA:49,0
DA:52,0
DA:53,0
DA:67,0
DA:68,0
DA:70,0
DA:72,0
DA:74,0
DA:76,0
DA:80,0
DA:81,0
DA:83,0
DA:85,0
DA:87,0
DA:89,0
DA:93,0
LF:45
LH:0
BRDA:13,0,0,0
BRDA:21,1,0,0
BRDA:21,1,1,0
BRDA:28,2,0,0
BRDA:28,2,1,0
BRDA:28,3,0,0
BRDA:28,3,1,0
BRDA:34,4,0,0
BRDA:34,4,1,0
BRDA:52,5,0,0
BRDA:52,5,1,0
BRDA:68,6,0,0
BRDA:68,6,1,0
BRDA:68,6,2,0
BRDA:68,6,3,0
BRDA:81,7,0,0
BRDA:81,7,1,0
BRDA:81,7,2,0
BRDA:81,7,3,0
BRDA:100,8,0,0
BRDA:100,8,1,0
BRDA:111,9,0,0
BRDA:111,9,1,0
BRDA:116,10,0,0
BRDA:116,10,1,0
BRDA:120,11,0,0
BRDA:120,11,1,0
BRDA:120,12,0,0
BRDA:120,12,1,0
BRDA:120,13,0,0
BRDA:120,13,1,0
BRDA:125,14,0,0
BRDA:125,14,1,0
BRDA:125,15,0,0
BRDA:125,15,1,0
BRDA:129,16,0,0
BRDA:129,16,1,0
BRDA:139,17,0,0
BRDA:139,17,1,0
BRDA:143,18,0,0
BRDA:143,18,1,0
BRDA:143,19,0,0
BRDA:143,19,1,0
BRDA:146,20,0,0
BRDA:146,20,1,0
BRDA:146,21,0,0
BRDA:146,21,1,0
BRF:47
BRH:0
end_of_record
TN:
SF:client/src/components/widget-wizard/widget-wizard.tsx
FN:28,(anonymous_7)
FN:31,(anonymous_8)
FN:36,(anonymous_9)
FN:37,(anonymous_10)
FN:41,WidgetWizard
FN:48,(anonymous_12)
FN:54,(anonymous_13)
FN:55,(anonymous_14)
FN:58,(anonymous_15)
FN:66,(anonymous_16)
FN:79,(anonymous_17)
FN:84,(anonymous_18)
FN:100,(anonymous_19)
FN:113,(anonymous_20)
FN:113,(anonymous_21)
FN:125,(anonymous_22)
FN:132,(anonymous_23)
FN:132,(anonymous_24)
FN:190,(anonymous_25)
FN:194,(anonymous_26)
FN:211,(anonymous_27)
FN:221,(anonymous_28)
FN:242,(anonymous_29)
FN:249,(anonymous_30)
FN:257,(anonymous_31)
FN:260,(anonymous_32)
FN:285,(anonymous_33)
FNF:27
FNH:0
FNDA:0,(anonymous_7)
FNDA:0,(anonymous_8)
FNDA:0,(anonymous_9)
FNDA:0,(anonymous_10)
FNDA:0,WidgetWizard
FNDA:0,(anonymous_12)
FNDA:0,(anonymous_13)
FNDA:0,(anonymous_14)
FNDA:0,(anonymous_15)
FNDA:0,(anonymous_16)
FNDA:0,(anonymous_17)
FNDA:0,(anonymous_18)
FNDA:0,(anonymous_19)
FNDA:0,(anonymous_20)
FNDA:0,(anonymous_21)
FNDA:0,(anonymous_22)
FNDA:0,(anonymous_23)
FNDA:0,(anonymous_24)
FNDA:0,(anonymous_25)
FNDA:0,(anonymous_26)
FNDA:0,(anonymous_27)
FNDA:0,(anonymous_28)
FNDA:0,(anonymous_29)
FNDA:0,(anonymous_30)
FNDA:0,(anonymous_31)
FNDA:0,(anonymous_32)
FNDA:0,(anonymous_33)
DA:1,0
DA:2,0
DA:3,0
DA:4,0
DA:5,0
DA:6,0
DA:7,0
DA:8,0
DA:9,0
DA:10,0
DA:11,0
DA:12,0
DA:13,0
DA:14,0
DA:28,0
DA:31,0
DA:36,0
DA:37,0
DA:41,0
DA:42,0
DA:43,0
DA:44,0
DA:45,0
DA:46,0
DA:48,0
DA:49,0
DA:50,0
DA:51,0
DA:54,0
DA:55,0
DA:58,0
DA:59,0
DA:61,0
DA:66,0
DA:74,0
DA:79,0
DA:85,0
DA:92,0
DA:100,0
DA:105,0
DA:113,0
DA:118,0
DA:125,0
DA:132,0
DA:133,0
DA:135,0
DA:137,0
DA:139,0
DA:146,0
DA:154,0
DA:155,0
DA:156,0
DA:157,0
DA:158,0
DA:161,0
DA:165,0
DA:191,0
DA:194,0
DA:212,0
DA:222,0
DA:242,0
DA:250,0
DA:257,0
DA:260,0
DA:285,0
LF:65
LH:0
BRDA:33,0,0,0
BRDA:33,0,1,0
BRDA:33,1,0,0
BRDA:33,1,1,0
BRDA:34,2,0,0
BRDA:34,2,1,0
BRDA:35,3,0,0
BRDA:35,3,1,0
BRDA:59,4,0,0
BRDA:59,4,1,0
BRDA:59,4,2,0
BRDA:59,4,3,0
BRDA:59,4,4,0
BRDA:65,5,0,0
BRDA:65,5,1,0
BRDA:65,6,0,0
BRDA:65,6,1,0
BRDA:79,7,0,0
BRDA:79,7,1,0
BRDA:79,8,0,0
BRDA:79,8,1,0
BRDA:99,9,0,0
BRDA:99,9,1,0
BRDA:99,10,0,0
BRDA:99,10,1,0
BRDA:112,11,0,0
BRDA:112,11,1,0
BRDA:124,12,0,0
BRDA:124,12,1,0
BRDA:124,13,0,0
BRDA:124,13,1,0
BRDA:133,14,0,0
BRDA:133,14,1,0
BRDA:236,15,0,0
BRDA:236,15,1,0
BRDA:269,16,0,0
BRDA:269,16,1,0
BRF:37
BRH:0
end_of_record
TN:
SF:client/src/hooks/use-mobile.tsx
FN:5,useIsMobile
FN:8,(anonymous_7)
FN:10,(anonymous_8)
FN:15,(anonymous_9)
FNF:4
FNH:0
FNDA:0,useIsMobile
FNDA:0,(anonymous_7)
FNDA:0,(anonymous_8)
FNDA:0,(anonymous_9)
DA:1,0
DA:3,0
DA:5,0
DA:6,0
DA:8,0
DA:9,0
DA:10,0
DA:11,0
DA:13,0
DA:14,0
DA:15,0
DA:18,0
LF:12
LH:0
BRF:0
BRH:0
end_of_record
TN:
SF:client/src/hooks/use-toast.ts
FN:27,genId
FN:58,(anonymous_8)
FN:63,(anonymous_9)
FN:74,(anonymous_10)
FN:85,(anonymous_11)
FN:98,(anonymous_12)
FN:105,(anonymous_13)
FN:124,(anonymous_14)
FN:133,dispatch
FN:135,(anonymous_16)
FN:142,toast
FN:145,(anonymous_18)
FN:150,(anonymous_19)
FN:158,(anonymous_20)
FN:171,useToast
FN:174,(anonymous_22)
FN:176,(anonymous_23)
FN:187,(anonymous_24)
FNF:18
FNH:0
FNDA:0,genId
FNDA:0,(anonymous_8)
FNDA:0,(anonymous_9)
FNDA:0,(anonymous_10)
FNDA:0,(anonymous_11)
FNDA:0,(anonymous_12)
FNDA:0,(anonymous_13)
FNDA:0,(anonymous_14)
FNDA:0,dispatch
FNDA:0,(anonymous_16)
FNDA:0,toast
FNDA:0,(anonymous_18)
FNDA:0,(anonymous_19)
FNDA:0,(anonymous_20)
FNDA:0,useToast
FNDA:0,(anonymous_22)
FNDA:0,(anonymous_23)
FNDA:0,(anonymous_24)
DA:1,0
DA:8,0
DA:9,0
DA:18,0
DA:25,0
DA:28,0
DA:29,0
DA:56,0
DA:58,0
DA:59,0
DA:60,0
DA:63,0
DA:64,0
DA:65,0
DA:71,0
DA:74,0
DA:75,0
DA:77,0
DA:83,0
DA:86,0
DA:91,0
DA:95,0
DA:96,0
DA:98,0
DA:99,0
DA:103,0
DA:106,0
DA:116,0
DA:117,0
DA:122,0
DA:124,0
DA:129,0
DA:131,0
DA:134,0
DA:135,0
DA:136,0
DA:142,0
DA:143,0
DA:145,0
DA:146,0
DA:150,0
DA:152,0
DA:159,0
DA:164,0
DA:172,0
DA:174,0
DA:175,0
DA:176,0
DA:177,0
DA:178,0
DA:179,0
DA:184,0
DA:187,0
DA:191,0
LF:54
LH:0
BRDA:59,0,0,0
BRDA:59,0,1,0
BRDA:75,1,0,0
BRDA:75,1,1,0
BRDA:75,1,2,0
BRDA:75,1,3,0
BRDA:86,2,0,0
BRDA:86,2,1,0
BRDA:95,3,0,0
BRDA:95,3,1,0
BRDA:106,4,0,0
BRDA:106,4,1,0
BRDA:106,5,0,0
BRDA:106,5,1,0
BRDA:116,6,0,0
BRDA:116,6,1,0
BRDA:159,7,0,0
BRDA:159,7,1,0
BRDA:178,8,0,0
BRDA:178,8,1,0
BRF:20
BRH:0
end_of_record
TN:
SF:client/src/lib/queryClient.ts
FN:3,throwIfResNotOk
FN:10,apiRequest
FN:30,(anonymous_11)
FN:31,(anonymous_12)
FN:31,(anonymous_13)
FNF:5
FNH:0
FNDA:0,throwIfResNotOk
FNDA:0,apiRequest
FNDA:0,(anonymous_11)
FNDA:0,(anonymous_12)
FNDA:0,(anonymous_13)
DA:1,0
DA:4,0
DA:5,0
DA:6,0
DA:10,0
DA:15,0
DA:22,0
DA:23,0
DA:27,0
DA:30,0
DA:31,0
DA:32,0
DA:36,0
DA:37,0
DA:40,0
DA:41,0
DA:44,0
LF:17
LH:0
BRDA:4,0,0,0
BRDA:4,0,1,0
BRDA:5,1,0,0
BRDA:5,1,1,0
BRDA:17,2,0,0
BRDA:17,2,1,0
BRDA:18,3,0,0
BRDA:18,3,1,0
BRDA:36,4,0,0
BRDA:36,4,1,0
BRDA:36,5,0,0
BRDA:36,5,1,0
BRF:12
BRH:0
end_of_record
TN:
SF:client/src/lib/utils.ts
FN:4,cn
FNF:1
FNH:0
FNDA:0,cn
DA:1,0
DA:2,0
DA:4,0
DA:5,0
LF:4
LH:0
BRF:0
BRH:0
end_of_record
TN:
SF:client/src/pages/integration-demo.tsx
FN:13,IntegrationDemo
FN:57,(anonymous_9)
FN:57,(anonymous_10)
FN:86,(anonymous_11)
FN:104,(anonymous_12)
FN:108,(anonymous_13)
FN:108,(anonymous_14)
FN:145,(anonymous_15)
FN:209,(anonymous_16)
FNF:9
FNH:0
FNDA:0,IntegrationDemo
FNDA:0,(anonymous_9)
FNDA:0,(anonymous_10)
FNDA:0,(anonymous_11)
FNDA:0,(anonymous_12)
FNDA:0,(anonymous_13)
FNDA:0,(anonymous_14)
FNDA:0,(anonymous_15)
FNDA:0,(anonymous_16)
DA:1,0
DA:2,0
DA:3,0
DA:4,0
DA:5,0
DA:6,0
DA:7,0
DA:8,0
DA:9,0
DA:10,0
DA:11,0
DA:13,0
DA:14,0
DA:15,0
DA:16,0
DA:17,0
DA:18,0
DA:20,0
DA:57,0
DA:58,0
DA:59,0
DA:61,0
DA:63,0
DA:64,0
DA:65,0
DA:67,0
DA:68,0
DA:76,0
DA:78,0
DA:86,0
DA:89,0
DA:98,0
DA:99,0
DA:100,0
DA:102,0
DA:104,0
DA:108,0
DA:109,0
DA:110,0
DA:121,0
DA:123,0
DA:128,0
DA:130,0
DA:135,0
DA:139,0
DA:145,0
DA:210,0
LF:47
LH:0
BRDA:73,0,0,0
BRDA:73,0,1,0
BRDA:125,1,0,0
BRDA:125,1,1,0
BRDA:194,2,0,0
BRDA:194,2,1,0
BRDA:196,3,0,0
BRDA:196,3,1,0
BRDA:206,4,0,0
BRDA:206,4,1,0
BRDA:213,5,0,0
BRDA:213,5,1,0
BRDA:225,6,0,0
BRDA:225,6,1,0
BRDA:226,7,0,0
BRDA:226,7,1,0
BRDA:238,8,0,0
BRDA:238,8,1,0
BRDA:247,9,0,0
BRDA:247,9,1,0
BRF:20
BRH:0
end_of_record
TN:
SF:client/src/pages/not-found.tsx
FN:4,NotFound
FNF:1
FNH:0
FNDA:0,NotFound
DA:1,0
DA:2,0
DA:4,0
DA:5,0
LF:4
LH:0
BRF:0
BRH:0
end_of_record
TN:
SF:client/src/pages/trip-loader.tsx
FN:12,TripLoaderPage
FN:17,(anonymous_2)
FN:25,(anonymous_3)
FN:39,(anonymous_4)
FN:54,(anonymous_5)
FNF:5
FNH:0
FNDA:0,TripLoaderPage
FNDA:0,(anonymous_2)
FNDA:0,(anonymous_3)
FNDA:0,(anonymous_4)
FNDA:0,(anonymous_5)
DA:1,0
DA:2,0
DA:3,0
DA:4,0
DA:5,0
DA:6,0
DA:7,0
DA:8,0
DA:9,0
DA:10,0
DA:12,0
DA:13,0
DA:14,0
DA:15,0
DA:17,0
DA:18,0
DA:19,0
DA:25,0
DA:26,0
DA:28,0
DA:32,0
DA:39,0
DA:54,0
LF:23
LH:0
BRDA:26,0,0,0
BRDA:26,0,1,0
BRDA:79,1,0,0
BRDA:79,1,1,0
BRDA:158,2,0,0
BRDA:158,2,1,0
BRDA:166,3,0,0
BRDA:166,3,1,0
BRDA:166,4,0,0
BRDA:166,4,1,0
BRF:10
BRH:0
end_of_record
TN:
SF:client/src/pages/widget-manager.tsx
FN:7,WidgetManagerPage
FN:16,(anonymous_2)
FNF:2
FNH:0
FNDA:0,WidgetManagerPage
FNDA:0,(anonymous_2)
DA:1,0
DA:2,0
DA:3,0
DA:4,0
DA:5,0
DA:7,0
DA:8,0
DA:10,0
DA:16,0
LF:9
LH:0
BRF:0
BRH:0
end_of_record
